test_scenario_2.BranchChangePullRequest	baseline_ts2	RUN	1445921727760	baseline test scenario 2	2.0
BranchChangePullRequest	1427518222740011184-0	USER	START	1445921727785	0
BranchChangePullRequest	1427518222740011184-0	REQUEST		request_0	1445921727811	1445921727854	1445921727918	1445921727919	OK	 
BranchChangePullRequest	1427518222740011184-0	REQUEST		pinned-octocat.svg	1445921728043	1445921728044	1445921728077	1445921728078	OK	 
BranchChangePullRequest	1427518222740011184-0	REQUEST		favicon-enterprise.ico	1445921728044	1445921728084	1445921728127	1445921728127	OK	 
BranchChangePullRequest	1427518222740011184-0	REQUEST		index-f988f47530f834135696f2bbf16666d1e7489bdb78d03b0b038def4e84bea878.css	1445921728044	1445921728085	1445921728129	1445921728309	OK	 
BranchChangePullRequest	1427518222740011184-0	REQUEST		index-f86867c74780c6f0c4864f6426b5e688218dcd5b82896dd34f9075a6854377b5.css	1445921728044	1445921728086	1445921728129	1445921728366	OK	 
BranchChangePullRequest	1427518222740011184-0	REQUEST		frameworks-808fcfcd63c9ecba3e84453f540cb1cbafde48c6b30c1d51ebd4e67e88ff66bd.js	1445921728044	1445921728087	1445921728131	1445921728388	OK	 
BranchChangePullRequest	1427518222740011184-0	REQUEST		index-539752eb392ed8b1885cada19d7e07e9f836e46c3a558819256f39c3d4aa52b1.js	1445921728045	1445921728087	1445921728136	1445921728434	OK	 
BranchChangePullRequest	1427518222740011184-0	REQUEST		request_1	1445921729453	1445921729453	1445921729623	1445921729623	OK	 
BranchChangePullRequest	1427518222740011184-0	REQUEST		request_1 Redirect 1	1445921729626	1445921729627	1445921730146	1445921730216	OK	 
BranchChangePullRequest	1427518222740011184-0	REQUEST		pinned-octocat.svg Redirect 1	1445921730234	1445921730234	1445921730274	1445921730274	OK	 
BranchChangePullRequest	1427518222740011184-0	REQUEST		favicon-enterprise.ico Redirect 1	1445921730234	1445921730235	1445921730279	1445921730279	OK	 
BranchChangePullRequest	1427518222740011184-0	REQUEST		index-f988f47530f834135696f2bbf16666d1e7489bdb78d03b0b038def4e84bea878.css Redirect 1	1445921730235	1445921730235	1445921730284	1445921730284	OK	 
BranchChangePullRequest	1427518222740011184-0	REQUEST		index-f86867c74780c6f0c4864f6426b5e688218dcd5b82896dd34f9075a6854377b5.css Redirect 1	1445921730235	1445921730236	1445921730284	1445921730284	OK	 
BranchChangePullRequest	1427518222740011184-0	REQUEST		context_button.png Redirect 1	1445921730275	1445921730276	1445921730318	1445921730318	OK	 
BranchChangePullRequest	1427518222740011184-0	REQUEST		38?s=40 Redirect 1	1445921730236	1445921730237	1445921730348	1445921730348	OK	 
BranchChangePullRequest	1427518222740011184-0	REQUEST		13?s=40 Redirect 1	1445921730236	1445921730236	1445921730350	1445921730350	OK	 
BranchChangePullRequest	1427518222740011184-0	REQUEST		20?s=32 Redirect 1	1445921730285	1445921730286	1445921730383	1445921730383	OK	 
BranchChangePullRequest	1427518222740011184-0	REQUEST		20?s=60 Redirect 1	1445921730280	1445921730281	1445921730401	1445921730401	OK	 
BranchChangePullRequest	1427518222740011184-0	REQUEST		11?s=60 Redirect 1	1445921730286	1445921730286	1445921730421	1445921730421	OK	 
BranchChangePullRequest	1427518222740011184-0	REQUEST		11?s=32 Redirect 1	1445921730320	1445921730320	1445921730475	1445921730475	OK	 
BranchChangePullRequest	1427518222740011184-0	REQUEST		5?s=32 Redirect 1	1445921730352	1445921730352	1445921730511	1445921730511	OK	 
BranchChangePullRequest	1427518222740011184-0	REQUEST		21?s=60 Redirect 1	1445921730385	1445921730385	1445921730558	1445921730558	OK	 
BranchChangePullRequest	1427518222740011184-0	REQUEST		5?s=60 Redirect 1	1445921730351	1445921730352	1445921730558	1445921730558	OK	 
BranchChangePullRequest	1427518222740011184-0	REQUEST		21?s=32 Redirect 1	1445921730403	1445921730403	1445921730580	1445921730580	OK	 
BranchChangePullRequest	1427518222740011184-0	REQUEST		12?s=60 Redirect 1	1445921730423	1445921730423	1445921730642	1445921730642	OK	 
BranchChangePullRequest	1427518222740011184-0	REQUEST		12?s=32 Redirect 1	1445921730476	1445921730477	1445921730642	1445921730642	OK	 
BranchChangePullRequest	1427518222740011184-0	REQUEST		9?s=60 Redirect 1	1445921730513	1445921730513	1445921730644	1445921730644	OK	 
BranchChangePullRequest	1427518222740011184-0	REQUEST		7?s=32 Redirect 1	1445921730582	1445921730583	1445921730708	1445921730708	OK	 
BranchChangePullRequest	1427518222740011184-0	REQUEST		9?s=32 Redirect 1	1445921730559	1445921730560	1445921730720	1445921730720	OK	 
BranchChangePullRequest	1427518222740011184-0	REQUEST		7?s=60 Redirect 1	1445921730560	1445921730560	1445921730729	1445921730729	OK	 
BranchChangePullRequest	1427518222740011184-0	REQUEST		frameworks-808fcfcd63c9ecba3e84453f540cb1cbafde48c6b30c1d51ebd4e67e88ff66bd.js Redirect 1	1445921730721	1445921730721	1445921730759	1445921730759	OK	 
BranchChangePullRequest	1427518222740011184-0	REQUEST		4?s=32 Redirect 1	1445921730644	1445921730645	1445921730762	1445921730762	OK	 
BranchChangePullRequest	1427518222740011184-0	REQUEST		index-539752eb392ed8b1885cada19d7e07e9f836e46c3a558819256f39c3d4aa52b1.js Redirect 1	1445921730730	1445921730730	1445921730764	1445921730764	OK	 
BranchChangePullRequest	1427518222740011184-0	REQUEST		4?s=60 Redirect 1	1445921730644	1445921730644	1445921730803	1445921730803	OK	 
BranchChangePullRequest	1427518222740011184-0	REQUEST		8?s=60 Redirect 1	1445921730645	1445921730645	1445921730815	1445921730815	OK	 
BranchChangePullRequest	1427518222740011184-0	REQUEST		8?s=32 Redirect 1	1445921730709	1445921730709	1445921730815	1445921730815	OK	 
BranchChangePullRequest	1427518222740011184-0	REQUEST		GET_DOCKER	1445921730818	1445921730818	1445921730977	1445921731119	OK	 
BranchChangePullRequest	1427518222740011184-0	REQUEST		pinned-octocat.svg	1445921731700	1445921731701	1445921731741	1445921731741	OK	 
BranchChangePullRequest	1427518222740011184-0	REQUEST		index-f86867c74780c6f0c4864f6426b5e688218dcd5b82896dd34f9075a6854377b5.css	1445921731701	1445921731701	1445921731742	1445921731742	OK	 
BranchChangePullRequest	1427518222740011184-0	REQUEST		index-f988f47530f834135696f2bbf16666d1e7489bdb78d03b0b038def4e84bea878.css	1445921731700	1445921731701	1445921731742	1445921731742	OK	 
BranchChangePullRequest	1427518222740011184-0	REQUEST		favicon-enterprise.ico	1445921731700	1445921731701	1445921731742	1445921731742	OK	 
BranchChangePullRequest	1427518222740011184-0	REQUEST		octocat-spinner-32-e513294efa576953719e4e2de888dd9cf929b7d62ed8d05f25e731d02452ab6c.gif	1445921731701	1445921731702	1445921731746	1445921731746	OK	 
BranchChangePullRequest	1427518222740011184-0	REQUEST		octocat-spinner-128-338974454bb5c32803e82f601beb051d373744b024fe8742a76009700fd7e033.gif	1445921731701	1445921731701	1445921731746	1445921731747	OK	 
BranchChangePullRequest	1427518222740011184-0	REQUEST		index-539752eb392ed8b1885cada19d7e07e9f836e46c3a558819256f39c3d4aa52b1.js	1445921731743	1445921731743	1445921731779	1445921731779	OK	 
BranchChangePullRequest	1427518222740011184-0	REQUEST		frameworks-808fcfcd63c9ecba3e84453f540cb1cbafde48c6b30c1d51ebd4e67e88ff66bd.js	1445921731743	1445921731743	1445921731779	1445921731779	OK	 
BranchChangePullRequest	1427518222740011184-0	REQUEST		octocat-spinner-32-EAF2F5-0bdc57d34b85c4a4de9d0d1db10cd70e8a95f33ff4f46c5a8c48b4bf4e5a9abe.gif	1445921731702	1445921731749	1445921731798	1445921731798	OK	 
BranchChangePullRequest	1427518222740011184-0	REQUEST		docker-logo-compressed.png	1445921731742	1445921731742	1445921731820	1445921731820	OK	 
BranchChangePullRequest	1427518222740011184-0	REQUEST		docker-logo-compressed.png Redirect 1	1445921731822	1445921731822	1445921731885	1445921731885	OK	 
BranchChangePullRequest	1427518222740011184-0	REQUEST		docker?status.svg	1445921731624	1445921731979	1445921732036	1445921732036	OK	 
BranchChangePullRequest	1427518222740011184-1	USER	START	1445921733801	0
BranchChangePullRequest	1427518222740011184-1	REQUEST		request_0	1445921733802	1445921733842	1445921733896	1445921733905	OK	 
BranchChangePullRequest	1427518222740011184-1	REQUEST		pinned-octocat.svg	1445921733909	1445921733909	1445921733946	1445921733946	OK	 
BranchChangePullRequest	1427518222740011184-1	REQUEST		favicon-enterprise.ico	1445921733909	1445921733956	1445921734005	1445921734005	OK	 
BranchChangePullRequest	1427518222740011184-1	REQUEST		index-f988f47530f834135696f2bbf16666d1e7489bdb78d03b0b038def4e84bea878.css	1445921733909	1445921733953	1445921733999	1445921734179	OK	 
BranchChangePullRequest	1427518222740011184-1	REQUEST		index-f86867c74780c6f0c4864f6426b5e688218dcd5b82896dd34f9075a6854377b5.css	1445921733909	1445921733956	1445921734005	1445921734243	OK	 
BranchChangePullRequest	1427518222740011184-1	REQUEST		frameworks-808fcfcd63c9ecba3e84453f540cb1cbafde48c6b30c1d51ebd4e67e88ff66bd.js	1445921733909	1445921733960	1445921734015	1445921734292	OK	 
BranchChangePullRequest	1427518222740011184-1	REQUEST		index-539752eb392ed8b1885cada19d7e07e9f836e46c3a558819256f39c3d4aa52b1.js	1445921733910	1445921733960	1445921734016	1445921734340	OK	 
BranchChangePullRequest	1427518222740011184-1	REQUEST		request_1	1445921735362	1445921735363	1445921735529	1445921735529	OK	 
BranchChangePullRequest	1427518222740011184-1	REQUEST		request_1 Redirect 1	1445921735532	1445921735532	1445921735633	1445921735700	OK	 
BranchChangePullRequest	1427518222740011184-1	REQUEST		38?s=40 Redirect 1	1445921735710	1445921735710	1445921735748	1445921735748	OK	 
BranchChangePullRequest	1427518222740011184-1	REQUEST		pinned-octocat.svg Redirect 1	1445921735709	1445921735709	1445921735754	1445921735754	OK	 
BranchChangePullRequest	1427518222740011184-1	REQUEST		favicon-enterprise.ico Redirect 1	1445921735709	1445921735709	1445921735755	1445921735755	OK	 
BranchChangePullRequest	1427518222740011184-1	REQUEST		13?s=40 Redirect 1	1445921735710	1445921735710	1445921735759	1445921735759	OK	 
BranchChangePullRequest	1427518222740011184-1	REQUEST		index-f988f47530f834135696f2bbf16666d1e7489bdb78d03b0b038def4e84bea878.css Redirect 1	1445921735709	1445921735710	1445921735759	1445921735759	OK	 
BranchChangePullRequest	1427518222740011184-1	REQUEST		index-f86867c74780c6f0c4864f6426b5e688218dcd5b82896dd34f9075a6854377b5.css Redirect 1	1445921735710	1445921735710	1445921735759	1445921735759	OK	 
BranchChangePullRequest	1427518222740011184-1	REQUEST		context_button.png Redirect 1	1445921735749	1445921735749	1445921735786	1445921735786	OK	 
BranchChangePullRequest	1427518222740011184-1	REQUEST		5?s=60 Redirect 1	1445921735760	1445921735760	1445921735801	1445921735801	OK	 
BranchChangePullRequest	1427518222740011184-1	REQUEST		20?s=60 Redirect 1	1445921735756	1445921735756	1445921735811	1445921735811	OK	 
BranchChangePullRequest	1427518222740011184-1	REQUEST		20?s=32 Redirect 1	1445921735756	1445921735756	1445921735813	1445921735813	OK	 
BranchChangePullRequest	1427518222740011184-1	REQUEST		11?s=32 Redirect 1	1445921735760	1445921735760	1445921735821	1445921735821	OK	 
BranchChangePullRequest	1427518222740011184-1	REQUEST		11?s=60 Redirect 1	1445921735760	1445921735760	1445921735823	1445921735823	OK	 
BranchChangePullRequest	1427518222740011184-1	REQUEST		5?s=32 Redirect 1	1445921735788	1445921735788	1445921735837	1445921735837	OK	 
BranchChangePullRequest	1427518222740011184-1	REQUEST		21?s=60 Redirect 1	1445921735802	1445921735802	1445921735845	1445921735845	OK	 
BranchChangePullRequest	1427518222740011184-1	REQUEST		21?s=32 Redirect 1	1445921735812	1445921735812	1445921735850	1445921735850	OK	 
BranchChangePullRequest	1427518222740011184-1	REQUEST		12?s=60 Redirect 1	1445921735814	1445921735814	1445921735857	1445921735857	OK	 
BranchChangePullRequest	1427518222740011184-1	REQUEST		12?s=32 Redirect 1	1445921735822	1445921735822	1445921735865	1445921735865	OK	 
BranchChangePullRequest	1427518222740011184-1	REQUEST		9?s=60 Redirect 1	1445921735824	1445921735824	1445921735865	1445921735865	OK	 
BranchChangePullRequest	1427518222740011184-1	REQUEST		9?s=32 Redirect 1	1445921735838	1445921735839	1445921735881	1445921735882	OK	 
BranchChangePullRequest	1427518222740011184-1	REQUEST		7?s=60 Redirect 1	1445921735846	1445921735846	1445921735886	1445921735886	OK	 
BranchChangePullRequest	1427518222740011184-1	REQUEST		7?s=32 Redirect 1	1445921735851	1445921735851	1445921735890	1445921735890	OK	 
BranchChangePullRequest	1427518222740011184-1	REQUEST		4?s=60 Redirect 1	1445921735858	1445921735858	1445921735895	1445921735896	OK	 
BranchChangePullRequest	1427518222740011184-1	REQUEST		4?s=32 Redirect 1	1445921735866	1445921735867	1445921735910	1445921735910	OK	 
BranchChangePullRequest	1427518222740011184-1	REQUEST		8?s=60 Redirect 1	1445921735867	1445921735867	1445921735911	1445921735911	OK	 
BranchChangePullRequest	1427518222740011184-1	REQUEST		frameworks-808fcfcd63c9ecba3e84453f540cb1cbafde48c6b30c1d51ebd4e67e88ff66bd.js Redirect 1	1445921735887	1445921735887	1445921735921	1445921735921	OK	 
BranchChangePullRequest	1427518222740011184-1	REQUEST		8?s=32 Redirect 1	1445921735883	1445921735883	1445921735925	1445921735925	OK	 
BranchChangePullRequest	1427518222740011184-1	REQUEST		index-539752eb392ed8b1885cada19d7e07e9f836e46c3a558819256f39c3d4aa52b1.js Redirect 1	1445921735891	1445921735891	1445921735927	1445921735927	OK	 
BranchChangePullRequest	1427518222740011184-1	REQUEST		GET_DOCKER	1445921735928	1445921735928	1445921736067	1445921736219	OK	 
BranchChangePullRequest	1427518222740011184-1	REQUEST		index-f86867c74780c6f0c4864f6426b5e688218dcd5b82896dd34f9075a6854377b5.css	1445921736279	1445921736279	1445921736312	1445921736312	OK	 
BranchChangePullRequest	1427518222740011184-1	REQUEST		favicon-enterprise.ico	1445921736279	1445921736279	1445921736312	1445921736312	OK	 
BranchChangePullRequest	1427518222740011184-1	REQUEST		index-f988f47530f834135696f2bbf16666d1e7489bdb78d03b0b038def4e84bea878.css	1445921736279	1445921736279	1445921736312	1445921736312	OK	 
BranchChangePullRequest	1427518222740011184-1	REQUEST		pinned-octocat.svg	1445921736278	1445921736279	1445921736312	1445921736312	OK	 
BranchChangePullRequest	1427518222740011184-1	REQUEST		octocat-spinner-128-338974454bb5c32803e82f601beb051d373744b024fe8742a76009700fd7e033.gif	1445921736279	1445921736279	1445921736312	1445921736317	OK	 
BranchChangePullRequest	1427518222740011184-1	REQUEST		octocat-spinner-32-e513294efa576953719e4e2de888dd9cf929b7d62ed8d05f25e731d02452ab6c.gif	1445921736279	1445921736280	1445921736317	1445921736317	OK	 
BranchChangePullRequest	1427518222740011184-1	REQUEST		frameworks-808fcfcd63c9ecba3e84453f540cb1cbafde48c6b30c1d51ebd4e67e88ff66bd.js	1445921736313	1445921736313	1445921736353	1445921736353	OK	 
BranchChangePullRequest	1427518222740011184-1	REQUEST		index-539752eb392ed8b1885cada19d7e07e9f836e46c3a558819256f39c3d4aa52b1.js	1445921736313	1445921736314	1445921736353	1445921736353	OK	 
BranchChangePullRequest	1427518222740011184-1	REQUEST		octocat-spinner-32-EAF2F5-0bdc57d34b85c4a4de9d0d1db10cd70e8a95f33ff4f46c5a8c48b4bf4e5a9abe.gif	1445921736280	1445921736323	1445921736367	1445921736367	OK	 
BranchChangePullRequest	1427518222740011184-1	REQUEST		docker-logo-compressed.png	1445921736313	1445921736313	1445921736388	1445921736388	OK	 
BranchChangePullRequest	1427518222740011184-1	REQUEST		docker-logo-compressed.png Redirect 1	1445921736389	1445921736390	1445921736441	1445921736441	OK	 
BranchChangePullRequest	1427518222740011184-1	REQUEST		docker?status.svg	1445921736277	1445921736553	1445921736606	1445921736606	OK	 
BranchChangePullRequest	1427518222740011184-2	USER	START	1445921739800	0
BranchChangePullRequest	1427518222740011184-2	REQUEST		request_0	1445921739800	1445921739839	1445921739898	1445921739901	OK	 
BranchChangePullRequest	1427518222740011184-2	REQUEST		pinned-octocat.svg	1445921739904	1445921739904	1445921739939	1445921739939	OK	 
BranchChangePullRequest	1427518222740011184-2	REQUEST		favicon-enterprise.ico	1445921739904	1445921739949	1445921740001	1445921740001	OK	 
BranchChangePullRequest	1427518222740011184-2	REQUEST		index-f988f47530f834135696f2bbf16666d1e7489bdb78d03b0b038def4e84bea878.css	1445921739904	1445921739945	1445921739989	1445921740173	OK	 
BranchChangePullRequest	1427518222740011184-2	REQUEST		index-f86867c74780c6f0c4864f6426b5e688218dcd5b82896dd34f9075a6854377b5.css	1445921739905	1445921739945	1445921739993	1445921740218	OK	 
BranchChangePullRequest	1427518222740011184-2	REQUEST		frameworks-808fcfcd63c9ecba3e84453f540cb1cbafde48c6b30c1d51ebd4e67e88ff66bd.js	1445921739905	1445921739949	1445921740001	1445921740270	OK	 
BranchChangePullRequest	1427518222740011184-2	REQUEST		index-539752eb392ed8b1885cada19d7e07e9f836e46c3a558819256f39c3d4aa52b1.js	1445921739905	1445921739949	1445921739999	1445921740296	OK	 
BranchChangePullRequest	1427518222740011184-2	REQUEST		request_1	1445921741312	1445921741313	1445921741483	1445921741483	OK	 
BranchChangePullRequest	1427518222740011184-2	REQUEST		request_1 Redirect 1	1445921741486	1445921741486	1445921741584	1445921741650	OK	 
BranchChangePullRequest	1427518222740011184-2	REQUEST		38?s=40 Redirect 1	1445921741658	1445921741658	1445921741697	1445921741697	OK	 
BranchChangePullRequest	1427518222740011184-2	REQUEST		pinned-octocat.svg Redirect 1	1445921741657	1445921741657	1445921741700	1445921741700	OK	 
BranchChangePullRequest	1427518222740011184-2	REQUEST		index-f988f47530f834135696f2bbf16666d1e7489bdb78d03b0b038def4e84bea878.css Redirect 1	1445921741657	1445921741657	1445921741704	1445921741704	OK	 
BranchChangePullRequest	1427518222740011184-2	REQUEST		favicon-enterprise.ico Redirect 1	1445921741657	1445921741657	1445921741704	1445921741704	OK	 
BranchChangePullRequest	1427518222740011184-2	REQUEST		13?s=40 Redirect 1	1445921741658	1445921741658	1445921741705	1445921741705	OK	 
BranchChangePullRequest	1427518222740011184-2	REQUEST		index-f86867c74780c6f0c4864f6426b5e688218dcd5b82896dd34f9075a6854377b5.css Redirect 1	1445921741657	1445921741658	1445921741707	1445921741707	OK	 
BranchChangePullRequest	1427518222740011184-2	REQUEST		context_button.png Redirect 1	1445921741698	1445921741699	1445921741736	1445921741736	OK	 
BranchChangePullRequest	1427518222740011184-2	REQUEST		11?s=32 Redirect 1	1445921741706	1445921741706	1445921741746	1445921741746	OK	 
BranchChangePullRequest	1427518222740011184-2	REQUEST		20?s=60 Redirect 1	1445921741701	1445921741701	1445921741748	1445921741748	OK	 
BranchChangePullRequest	1427518222740011184-2	REQUEST		20?s=32 Redirect 1	1445921741705	1445921741705	1445921741756	1445921741756	OK	 
BranchChangePullRequest	1427518222740011184-2	REQUEST		11?s=60 Redirect 1	1445921741705	1445921741706	1445921741768	1445921741769	OK	 
BranchChangePullRequest	1427518222740011184-2	REQUEST		5?s=32 Redirect 1	1445921741736	1445921741737	1445921741779	1445921741779	OK	 
BranchChangePullRequest	1427518222740011184-2	REQUEST		5?s=60 Redirect 1	1445921741708	1445921741708	1445921741779	1445921741779	OK	 
BranchChangePullRequest	1427518222740011184-2	REQUEST		21?s=60 Redirect 1	1445921741747	1445921741747	1445921741789	1445921741789	OK	 
BranchChangePullRequest	1427518222740011184-2	REQUEST		21?s=32 Redirect 1	1445921741749	1445921741749	1445921741790	1445921741790	OK	 
BranchChangePullRequest	1427518222740011184-2	REQUEST		12?s=60 Redirect 1	1445921741757	1445921741758	1445921741798	1445921741798	OK	 
BranchChangePullRequest	1427518222740011184-2	REQUEST		12?s=32 Redirect 1	1445921741769	1445921741770	1445921741811	1445921741811	OK	 
BranchChangePullRequest	1427518222740011184-2	REQUEST		9?s=60 Redirect 1	1445921741780	1445921741780	1445921741824	1445921741824	OK	 
BranchChangePullRequest	1427518222740011184-2	REQUEST		7?s=60 Redirect 1	1445921741790	1445921741790	1445921741831	1445921741831	OK	 
BranchChangePullRequest	1427518222740011184-2	REQUEST		7?s=32 Redirect 1	1445921741791	1445921741791	1445921741833	1445921741833	OK	 
BranchChangePullRequest	1427518222740011184-2	REQUEST		9?s=32 Redirect 1	1445921741780	1445921741781	1445921741833	1445921741833	OK	 
BranchChangePullRequest	1427518222740011184-2	REQUEST		4?s=60 Redirect 1	1445921741799	1445921741799	1445921741846	1445921741846	OK	 
BranchChangePullRequest	1427518222740011184-2	REQUEST		4?s=32 Redirect 1	1445921741812	1445921741812	1445921741861	1445921741861	OK	 
BranchChangePullRequest	1427518222740011184-2	REQUEST		frameworks-808fcfcd63c9ecba3e84453f540cb1cbafde48c6b30c1d51ebd4e67e88ff66bd.js Redirect 1	1445921741834	1445921741834	1445921741869	1445921741869	OK	 
BranchChangePullRequest	1427518222740011184-2	REQUEST		index-539752eb392ed8b1885cada19d7e07e9f836e46c3a558819256f39c3d4aa52b1.js Redirect 1	1445921741834	1445921741834	1445921741869	1445921741869	OK	 
BranchChangePullRequest	1427518222740011184-2	REQUEST		8?s=32 Redirect 1	1445921741832	1445921741833	1445921741875	1445921741875	OK	 
BranchChangePullRequest	1427518222740011184-2	REQUEST		8?s=60 Redirect 1	1445921741825	1445921741825	1445921741875	1445921741875	OK	 
BranchChangePullRequest	1427518222740011184-2	REQUEST		GET_DOCKER	1445921741877	1445921741877	1445921742022	1445921742166	OK	 
BranchChangePullRequest	1427518222740011184-2	REQUEST		favicon-enterprise.ico	1445921742259	1445921742259	1445921742292	1445921742292	OK	 
BranchChangePullRequest	1427518222740011184-2	REQUEST		index-f988f47530f834135696f2bbf16666d1e7489bdb78d03b0b038def4e84bea878.css	1445921742259	1445921742259	1445921742292	1445921742292	OK	 
BranchChangePullRequest	1427518222740011184-2	REQUEST		pinned-octocat.svg	1445921742259	1445921742259	1445921742292	1445921742292	OK	 
BranchChangePullRequest	1427518222740011184-2	REQUEST		index-f86867c74780c6f0c4864f6426b5e688218dcd5b82896dd34f9075a6854377b5.css	1445921742259	1445921742259	1445921742301	1445921742301	OK	 
BranchChangePullRequest	1427518222740011184-2	REQUEST		octocat-spinner-128-338974454bb5c32803e82f601beb051d373744b024fe8742a76009700fd7e033.gif	1445921742260	1445921742260	1445921742301	1445921742301	OK	 
BranchChangePullRequest	1427518222740011184-2	REQUEST		octocat-spinner-32-e513294efa576953719e4e2de888dd9cf929b7d62ed8d05f25e731d02452ab6c.gif	1445921742260	1445921742260	1445921742301	1445921742301	OK	 
BranchChangePullRequest	1427518222740011184-2	REQUEST		frameworks-808fcfcd63c9ecba3e84453f540cb1cbafde48c6b30c1d51ebd4e67e88ff66bd.js	1445921742293	1445921742293	1445921742339	1445921742339	OK	 
BranchChangePullRequest	1427518222740011184-2	REQUEST		index-539752eb392ed8b1885cada19d7e07e9f836e46c3a558819256f39c3d4aa52b1.js	1445921742293	1445921742293	1445921742339	1445921742339	OK	 
BranchChangePullRequest	1427518222740011184-2	REQUEST		octocat-spinner-32-EAF2F5-0bdc57d34b85c4a4de9d0d1db10cd70e8a95f33ff4f46c5a8c48b4bf4e5a9abe.gif	1445921742260	1445921742301	1445921742345	1445921742345	OK	 
BranchChangePullRequest	1427518222740011184-2	REQUEST		docker-logo-compressed.png	1445921742293	1445921742293	1445921742367	1445921742367	OK	 
BranchChangePullRequest	1427518222740011184-2	REQUEST		docker-logo-compressed.png Redirect 1	1445921742368	1445921742370	1445921742429	1445921742429	OK	 
BranchChangePullRequest	1427518222740011184-2	REQUEST		docker?status.svg	1445921742257	1445921742541	1445921742597	1445921742597	OK	 
BranchChangePullRequest	1427518222740011184-3	USER	START	1445921745811	0
BranchChangePullRequest	1427518222740011184-3	REQUEST		request_0	1445921745811	1445921745870	1445921745923	1445921745927	OK	 
BranchChangePullRequest	1427518222740011184-3	REQUEST		pinned-octocat.svg	1445921745930	1445921745930	1445921745966	1445921745966	OK	 
BranchChangePullRequest	1427518222740011184-3	REQUEST		favicon-enterprise.ico	1445921745930	1445921745975	1445921746056	1445921746056	OK	 
BranchChangePullRequest	1427518222740011184-3	REQUEST		index-f988f47530f834135696f2bbf16666d1e7489bdb78d03b0b038def4e84bea878.css	1445921745930	1445921745973	1445921746047	1445921746311	OK	 
BranchChangePullRequest	1427518222740011184-3	REQUEST		index-f86867c74780c6f0c4864f6426b5e688218dcd5b82896dd34f9075a6854377b5.css	1445921745930	1445921745975	1445921746056	1445921746365	OK	 
BranchChangePullRequest	1427518222740011184-3	REQUEST		frameworks-808fcfcd63c9ecba3e84453f540cb1cbafde48c6b30c1d51ebd4e67e88ff66bd.js	1445921745931	1445921745973	1445921746054	1445921746381	OK	 
BranchChangePullRequest	1427518222740011184-3	REQUEST		index-539752eb392ed8b1885cada19d7e07e9f836e46c3a558819256f39c3d4aa52b1.js	1445921745931	1445921745971	1445921746041	1445921746399	OK	 
BranchChangePullRequest	1427518222740011184-3	REQUEST		request_1	1445921747412	1445921747412	1445921747587	1445921747587	OK	 
BranchChangePullRequest	1427518222740011184-3	REQUEST		request_1 Redirect 1	1445921747589	1445921747589	1445921747734	1445921747815	OK	 
BranchChangePullRequest	1427518222740011184-3	REQUEST		38?s=40 Redirect 1	1445921747824	1445921747824	1445921747869	1445921747869	OK	 
BranchChangePullRequest	1427518222740011184-3	REQUEST		pinned-octocat.svg Redirect 1	1445921747823	1445921747824	1445921747900	1445921747900	OK	 
BranchChangePullRequest	1427518222740011184-3	REQUEST		context_button.png Redirect 1	1445921747870	1445921747870	1445921747909	1445921747909	OK	 
BranchChangePullRequest	1427518222740011184-3	REQUEST		13?s=40 Redirect 1	1445921747824	1445921747824	1445921747911	1445921747911	OK	 
BranchChangePullRequest	1427518222740011184-3	REQUEST		index-f86867c74780c6f0c4864f6426b5e688218dcd5b82896dd34f9075a6854377b5.css Redirect 1	1445921747824	1445921747824	1445921747919	1445921747919	OK	 
BranchChangePullRequest	1427518222740011184-3	REQUEST		favicon-enterprise.ico Redirect 1	1445921747824	1445921747824	1445921747919	1445921747919	OK	 
BranchChangePullRequest	1427518222740011184-3	REQUEST		index-f988f47530f834135696f2bbf16666d1e7489bdb78d03b0b038def4e84bea878.css Redirect 1	1445921747824	1445921747824	1445921747921	1445921747921	OK	 
BranchChangePullRequest	1427518222740011184-3	REQUEST		20?s=32 Redirect 1	1445921747910	1445921747910	1445921747951	1445921747951	OK	 
BranchChangePullRequest	1427518222740011184-3	REQUEST		20?s=60 Redirect 1	1445921747901	1445921747901	1445921747959	1445921747959	OK	 
BranchChangePullRequest	1427518222740011184-3	REQUEST		11?s=60 Redirect 1	1445921747912	1445921747912	1445921747965	1445921747965	OK	 
BranchChangePullRequest	1427518222740011184-3	REQUEST		11?s=32 Redirect 1	1445921747920	1445921747920	1445921747970	1445921747970	OK	 
BranchChangePullRequest	1427518222740011184-3	REQUEST		5?s=60 Redirect 1	1445921747920	1445921747920	1445921747975	1445921747975	OK	 
BranchChangePullRequest	1427518222740011184-3	REQUEST		5?s=32 Redirect 1	1445921747921	1445921747921	1445921747985	1445921747985	OK	 
BranchChangePullRequest	1427518222740011184-3	REQUEST		21?s=60 Redirect 1	1445921747952	1445921747952	1445921747988	1445921747988	OK	 
BranchChangePullRequest	1427518222740011184-3	REQUEST		21?s=32 Redirect 1	1445921747960	1445921747960	1445921748000	1445921748000	OK	 
BranchChangePullRequest	1427518222740011184-3	REQUEST		12?s=60 Redirect 1	1445921747966	1445921747966	1445921748005	1445921748005	OK	 
BranchChangePullRequest	1427518222740011184-3	REQUEST		12?s=32 Redirect 1	1445921747971	1445921747971	1445921748013	1445921748013	OK	 
BranchChangePullRequest	1427518222740011184-3	REQUEST		9?s=60 Redirect 1	1445921747975	1445921747975	1445921748019	1445921748019	OK	 
BranchChangePullRequest	1427518222740011184-3	REQUEST		9?s=32 Redirect 1	1445921747986	1445921747986	1445921748023	1445921748024	OK	 
BranchChangePullRequest	1427518222740011184-3	REQUEST		7?s=60 Redirect 1	1445921747989	1445921747989	1445921748031	1445921748031	OK	 
BranchChangePullRequest	1427518222740011184-3	REQUEST		7?s=32 Redirect 1	1445921748001	1445921748001	1445921748041	1445921748041	OK	 
BranchChangePullRequest	1427518222740011184-3	REQUEST		4?s=60 Redirect 1	1445921748006	1445921748006	1445921748048	1445921748048	OK	 
BranchChangePullRequest	1427518222740011184-3	REQUEST		4?s=32 Redirect 1	1445921748014	1445921748014	1445921748052	1445921748052	OK	 
BranchChangePullRequest	1427518222740011184-3	REQUEST		8?s=60 Redirect 1	1445921748020	1445921748020	1445921748063	1445921748063	OK	 
BranchChangePullRequest	1427518222740011184-3	REQUEST		8?s=32 Redirect 1	1445921748024	1445921748024	1445921748065	1445921748065	OK	 
BranchChangePullRequest	1427518222740011184-3	REQUEST		frameworks-808fcfcd63c9ecba3e84453f540cb1cbafde48c6b30c1d51ebd4e67e88ff66bd.js Redirect 1	1445921748032	1445921748032	1445921748065	1445921748065	OK	 
BranchChangePullRequest	1427518222740011184-3	REQUEST		index-539752eb392ed8b1885cada19d7e07e9f836e46c3a558819256f39c3d4aa52b1.js Redirect 1	1445921748042	1445921748042	1445921748079	1445921748079	OK	 
BranchChangePullRequest	1427518222740011184-3	REQUEST		GET_DOCKER	1445921748080	1445921748080	1445921748220	1445921748379	OK	 
BranchChangePullRequest	1427518222740011184-3	REQUEST		index-f86867c74780c6f0c4864f6426b5e688218dcd5b82896dd34f9075a6854377b5.css	1445921748431	1445921748431	1445921748474	1445921748474	OK	 
BranchChangePullRequest	1427518222740011184-3	REQUEST		octocat-spinner-32-e513294efa576953719e4e2de888dd9cf929b7d62ed8d05f25e731d02452ab6c.gif	1445921748432	1445921748432	1445921748474	1445921748474	OK	 
BranchChangePullRequest	1427518222740011184-3	REQUEST		pinned-octocat.svg	1445921748431	1445921748431	1445921748474	1445921748474	OK	 
BranchChangePullRequest	1427518222740011184-3	REQUEST		index-f988f47530f834135696f2bbf16666d1e7489bdb78d03b0b038def4e84bea878.css	1445921748431	1445921748431	1445921748474	1445921748474	OK	 
BranchChangePullRequest	1427518222740011184-3	REQUEST		favicon-enterprise.ico	1445921748431	1445921748431	1445921748474	1445921748474	OK	 
BranchChangePullRequest	1427518222740011184-3	REQUEST		octocat-spinner-128-338974454bb5c32803e82f601beb051d373744b024fe8742a76009700fd7e033.gif	1445921748431	1445921748432	1445921748478	1445921748480	OK	 
BranchChangePullRequest	1427518222740011184-3	REQUEST		index-539752eb392ed8b1885cada19d7e07e9f836e46c3a558819256f39c3d4aa52b1.js	1445921748475	1445921748476	1445921748513	1445921748513	OK	 
BranchChangePullRequest	1427518222740011184-3	REQUEST		frameworks-808fcfcd63c9ecba3e84453f540cb1cbafde48c6b30c1d51ebd4e67e88ff66bd.js	1445921748475	1445921748475	1445921748513	1445921748513	OK	 
BranchChangePullRequest	1427518222740011184-3	REQUEST		octocat-spinner-32-EAF2F5-0bdc57d34b85c4a4de9d0d1db10cd70e8a95f33ff4f46c5a8c48b4bf4e5a9abe.gif	1445921748432	1445921748481	1445921748538	1445921748538	OK	 
BranchChangePullRequest	1427518222740011184-3	REQUEST		docker-logo-compressed.png	1445921748475	1445921748475	1445921748547	1445921748547	OK	 
BranchChangePullRequest	1427518222740011184-3	REQUEST		docker-logo-compressed.png Redirect 1	1445921748548	1445921748548	1445921748598	1445921748598	OK	 
BranchChangePullRequest	1427518222740011184-3	REQUEST		docker?status.svg	1445921748430	1445921748716	1445921748778	1445921748778	OK	 
BranchChangePullRequest	1427518222740011184-4	USER	START	1445921751811	0
BranchChangePullRequest	1427518222740011184-4	REQUEST		request_0	1445921751811	1445921751851	1445921751908	1445921751914	OK	 
BranchChangePullRequest	1427518222740011184-4	REQUEST		pinned-octocat.svg	1445921751916	1445921751916	1445921751954	1445921751954	OK	 
BranchChangePullRequest	1427518222740011184-4	REQUEST		favicon-enterprise.ico	1445921751916	1445921751957	1445921752001	1445921752001	OK	 
BranchChangePullRequest	1427518222740011184-4	REQUEST		index-f988f47530f834135696f2bbf16666d1e7489bdb78d03b0b038def4e84bea878.css	1445921751916	1445921751954	1445921751993	1445921752168	OK	 
BranchChangePullRequest	1427518222740011184-4	REQUEST		index-f86867c74780c6f0c4864f6426b5e688218dcd5b82896dd34f9075a6854377b5.css	1445921751917	1445921751965	1445921752008	1445921752246	OK	 
BranchChangePullRequest	1427518222740011184-4	REQUEST		frameworks-808fcfcd63c9ecba3e84453f540cb1cbafde48c6b30c1d51ebd4e67e88ff66bd.js	1445921751917	1445921751962	1445921752011	1445921752279	OK	 
BranchChangePullRequest	1427518222740011184-4	REQUEST		index-539752eb392ed8b1885cada19d7e07e9f836e46c3a558819256f39c3d4aa52b1.js	1445921751917	1445921751965	1445921752005	1445921752296	OK	 
BranchChangePullRequest	1427518222740011184-4	REQUEST		request_1	1445921753311	1445921753311	1445921753484	1445921753484	OK	 
BranchChangePullRequest	1427518222740011184-4	REQUEST		request_1 Redirect 1	1445921753486	1445921753486	1445921753579	1445921753648	OK	 
BranchChangePullRequest	1427518222740011184-4	REQUEST		38?s=40 Redirect 1	1445921753654	1445921753654	1445921753691	1445921753691	OK	 
BranchChangePullRequest	1427518222740011184-4	REQUEST		pinned-octocat.svg Redirect 1	1445921753654	1445921753654	1445921753699	1445921753699	OK	 
BranchChangePullRequest	1427518222740011184-4	REQUEST		index-f86867c74780c6f0c4864f6426b5e688218dcd5b82896dd34f9075a6854377b5.css Redirect 1	1445921753654	1445921753654	1445921753702	1445921753702	OK	 
BranchChangePullRequest	1427518222740011184-4	REQUEST		index-f988f47530f834135696f2bbf16666d1e7489bdb78d03b0b038def4e84bea878.css Redirect 1	1445921753654	1445921753654	1445921753704	1445921753704	OK	 
BranchChangePullRequest	1427518222740011184-4	REQUEST		favicon-enterprise.ico Redirect 1	1445921753654	1445921753654	1445921753704	1445921753704	OK	 
BranchChangePullRequest	1427518222740011184-4	REQUEST		13?s=40 Redirect 1	1445921753654	1445921753654	1445921753705	1445921753705	OK	 
BranchChangePullRequest	1427518222740011184-4	REQUEST		context_button.png Redirect 1	1445921753692	1445921753692	1445921753725	1445921753725	OK	 
BranchChangePullRequest	1427518222740011184-4	REQUEST		20?s=60 Redirect 1	1445921753699	1445921753699	1445921753747	1445921753747	OK	 
BranchChangePullRequest	1427518222740011184-4	REQUEST		20?s=32 Redirect 1	1445921753702	1445921753702	1445921753747	1445921753747	OK	 
BranchChangePullRequest	1427518222740011184-4	REQUEST		11?s=32 Redirect 1	1445921753704	1445921753705	1445921753759	1445921753759	OK	 
BranchChangePullRequest	1427518222740011184-4	REQUEST		5?s=60 Redirect 1	1445921753706	1445921753706	1445921753760	1445921753760	OK	 
BranchChangePullRequest	1427518222740011184-4	REQUEST		11?s=60 Redirect 1	1445921753704	1445921753704	1445921753766	1445921753766	OK	 
BranchChangePullRequest	1427518222740011184-4	REQUEST		5?s=32 Redirect 1	1445921753726	1445921753726	1445921753775	1445921753775	OK	 
BranchChangePullRequest	1427518222740011184-4	REQUEST		21?s=60 Redirect 1	1445921753748	1445921753748	1445921753790	1445921753790	OK	 
BranchChangePullRequest	1427518222740011184-4	REQUEST		21?s=32 Redirect 1	1445921753748	1445921753748	1445921753790	1445921753790	OK	 
BranchChangePullRequest	1427518222740011184-4	REQUEST		12?s=32 Redirect 1	1445921753761	1445921753761	1445921753803	1445921753803	OK	 
BranchChangePullRequest	1427518222740011184-4	REQUEST		12?s=60 Redirect 1	1445921753760	1445921753760	1445921753803	1445921753803	OK	 
BranchChangePullRequest	1427518222740011184-4	REQUEST		9?s=60 Redirect 1	1445921753767	1445921753767	1445921753812	1445921753813	OK	 
BranchChangePullRequest	1427518222740011184-4	REQUEST		9?s=32 Redirect 1	1445921753776	1445921753776	1445921753817	1445921753817	OK	 
BranchChangePullRequest	1427518222740011184-4	REQUEST		7?s=32 Redirect 1	1445921753791	1445921753791	1445921753835	1445921753835	OK	 
BranchChangePullRequest	1427518222740011184-4	REQUEST		7?s=60 Redirect 1	1445921753790	1445921753790	1445921753836	1445921753836	OK	 
BranchChangePullRequest	1427518222740011184-4	REQUEST		4?s=60 Redirect 1	1445921753804	1445921753804	1445921753848	1445921753848	OK	 
BranchChangePullRequest	1427518222740011184-4	REQUEST		4?s=32 Redirect 1	1445921753804	1445921753805	1445921753850	1445921753850	OK	 
BranchChangePullRequest	1427518222740011184-4	REQUEST		8?s=60 Redirect 1	1445921753813	1445921753813	1445921753853	1445921753854	OK	 
BranchChangePullRequest	1427518222740011184-4	REQUEST		8?s=32 Redirect 1	1445921753818	1445921753818	1445921753860	1445921753860	OK	 
BranchChangePullRequest	1427518222740011184-4	REQUEST		index-539752eb392ed8b1885cada19d7e07e9f836e46c3a558819256f39c3d4aa52b1.js Redirect 1	1445921753836	1445921753837	1445921753872	1445921753872	OK	 
BranchChangePullRequest	1427518222740011184-4	REQUEST		frameworks-808fcfcd63c9ecba3e84453f540cb1cbafde48c6b30c1d51ebd4e67e88ff66bd.js Redirect 1	1445921753835	1445921753836	1445921753872	1445921753872	OK	 
BranchChangePullRequest	1427518222740011184-4	REQUEST		GET_DOCKER	1445921753874	1445921753874	1445921754014	1445921754163	OK	 
BranchChangePullRequest	1427518222740011184-4	REQUEST		pinned-octocat.svg	1445921754213	1445921754213	1445921754255	1445921754255	OK	 
BranchChangePullRequest	1427518222740011184-4	REQUEST		index-f988f47530f834135696f2bbf16666d1e7489bdb78d03b0b038def4e84bea878.css	1445921754213	1445921754213	1445921754255	1445921754255	OK	 
BranchChangePullRequest	1427518222740011184-4	REQUEST		favicon-enterprise.ico	1445921754213	1445921754213	1445921754255	1445921754255	OK	 
BranchChangePullRequest	1427518222740011184-4	REQUEST		index-f86867c74780c6f0c4864f6426b5e688218dcd5b82896dd34f9075a6854377b5.css	1445921754213	1445921754213	1445921754260	1445921754260	OK	 
BranchChangePullRequest	1427518222740011184-4	REQUEST		octocat-spinner-128-338974454bb5c32803e82f601beb051d373744b024fe8742a76009700fd7e033.gif	1445921754213	1445921754213	1445921754264	1445921754264	OK	 
BranchChangePullRequest	1427518222740011184-4	REQUEST		octocat-spinner-32-e513294efa576953719e4e2de888dd9cf929b7d62ed8d05f25e731d02452ab6c.gif	1445921754213	1445921754213	1445921754264	1445921754264	OK	 
BranchChangePullRequest	1427518222740011184-4	REQUEST		frameworks-808fcfcd63c9ecba3e84453f540cb1cbafde48c6b30c1d51ebd4e67e88ff66bd.js	1445921754256	1445921754256	1445921754294	1445921754294	OK	 
BranchChangePullRequest	1427518222740011184-4	REQUEST		index-539752eb392ed8b1885cada19d7e07e9f836e46c3a558819256f39c3d4aa52b1.js	1445921754256	1445921754256	1445921754294	1445921754294	OK	 
BranchChangePullRequest	1427518222740011184-4	REQUEST		octocat-spinner-32-EAF2F5-0bdc57d34b85c4a4de9d0d1db10cd70e8a95f33ff4f46c5a8c48b4bf4e5a9abe.gif	1445921754213	1445921754264	1445921754310	1445921754310	OK	 
BranchChangePullRequest	1427518222740011184-4	REQUEST		docker-logo-compressed.png	1445921754255	1445921754255	1445921754328	1445921754328	OK	 
BranchChangePullRequest	1427518222740011184-4	REQUEST		docker-logo-compressed.png Redirect 1	1445921754330	1445921754330	1445921754383	1445921754383	OK	 
BranchChangePullRequest	1427518222740011184-4	REQUEST		docker?status.svg	1445921754212	1445921754492	1445921754580	1445921754580	OK	 
BranchChangePullRequest	1427518222740011184-0	REQUEST		docker.svg	1445921731196	1445921731893	1445921757310	1445921757310	OK	 
BranchChangePullRequest	1427518222740011184-0	REQUEST		POST_BRANCH	1445921757313	1445921757360	1445921757527	1445921757527	OK	 
BranchChangePullRequest	1427518222740011184-0	REQUEST		POST_BRANCH Redirect 1	1445921757528	1445921757529	1445921757752	1445921757903	OK	 
BranchChangePullRequest	1427518222740011184-0	REQUEST		pinned-octocat.svg Redirect 1	1445921757908	1445921757909	1445921757944	1445921757944	OK	 
BranchChangePullRequest	1427518222740011184-0	REQUEST		index-f988f47530f834135696f2bbf16666d1e7489bdb78d03b0b038def4e84bea878.css Redirect 1	1445921757909	1445921757952	1445921758005	1445921758005	OK	 
BranchChangePullRequest	1427518222740011184-0	REQUEST		octocat-spinner-32-EAF2F5-0bdc57d34b85c4a4de9d0d1db10cd70e8a95f33ff4f46c5a8c48b4bf4e5a9abe.gif Redirect 1	1445921757909	1445921757952	1445921758005	1445921758005	OK	 
BranchChangePullRequest	1427518222740011184-0	REQUEST		octocat-spinner-128-338974454bb5c32803e82f601beb051d373744b024fe8742a76009700fd7e033.gif Redirect 1	1445921757909	1445921757952	1445921758007	1445921758007	OK	 
BranchChangePullRequest	1427518222740011184-0	REQUEST		octocat-spinner-32-e513294efa576953719e4e2de888dd9cf929b7d62ed8d05f25e731d02452ab6c.gif Redirect 1	1445921757909	1445921757955	1445921758007	1445921758007	OK	 
BranchChangePullRequest	1427518222740011184-0	REQUEST		index-f86867c74780c6f0c4864f6426b5e688218dcd5b82896dd34f9075a6854377b5.css Redirect 1	1445921757909	1445921757953	1445921758007	1445921758007	OK	 
BranchChangePullRequest	1427518222740011184-0	REQUEST		favicon-enterprise.ico Redirect 1	1445921757909	1445921757953	1445921758007	1445921758007	OK	 
BranchChangePullRequest	1427518222740011184-0	REQUEST		docker-logo-compressed.png Redirect 1	1445921757944	1445921757945	1445921758030	1445921758030	OK	 
BranchChangePullRequest	1427518222740011184-0	REQUEST		index-539752eb392ed8b1885cada19d7e07e9f836e46c3a558819256f39c3d4aa52b1.js Redirect 1	1445921758006	1445921758006	1445921758044	1445921758044	OK	 
BranchChangePullRequest	1427518222740011184-0	REQUEST		frameworks-808fcfcd63c9ecba3e84453f540cb1cbafde48c6b30c1d51ebd4e67e88ff66bd.js Redirect 1	1445921758006	1445921758006	1445921758046	1445921758046	OK	 
BranchChangePullRequest	1427518222740011184-0	REQUEST		docker-logo-compressed.png Redirect 2	1445921758031	1445921758031	1445921758087	1445921758087	OK	 
BranchChangePullRequest	1427518222740011184-1	REQUEST		docker.svg	1445921736276	1445921736382	1445921762914	1445921762914	OK	 
BranchChangePullRequest	1427518222740011184-1	REQUEST		POST_BRANCH	1445921762916	1445921762961	1445921763078	1445921763078	OK	 
BranchChangePullRequest	1427518222740011184-1	REQUEST		POST_BRANCH Redirect 1	1445921763079	1445921763080	1445921763371	1445921763562	OK	 
BranchChangePullRequest	1427518222740011184-1	REQUEST		pinned-octocat.svg Redirect 1	1445921763569	1445921763569	1445921763608	1445921763608	OK	 
BranchChangePullRequest	1427518222740011184-1	REQUEST		favicon-enterprise.ico Redirect 1	1445921763569	1445921763610	1445921763655	1445921763655	OK	 
BranchChangePullRequest	1427518222740011184-1	REQUEST		index-f86867c74780c6f0c4864f6426b5e688218dcd5b82896dd34f9075a6854377b5.css Redirect 1	1445921763570	1445921763620	1445921763664	1445921763665	OK	 
BranchChangePullRequest	1427518222740011184-1	REQUEST		index-f988f47530f834135696f2bbf16666d1e7489bdb78d03b0b038def4e84bea878.css Redirect 1	1445921763569	1445921763620	1445921763667	1445921763667	OK	 
BranchChangePullRequest	1427518222740011184-1	REQUEST		octocat-spinner-32-EAF2F5-0bdc57d34b85c4a4de9d0d1db10cd70e8a95f33ff4f46c5a8c48b4bf4e5a9abe.gif Redirect 1	1445921763570	1445921763622	1445921763667	1445921763667	OK	 
BranchChangePullRequest	1427518222740011184-1	REQUEST		octocat-spinner-32-e513294efa576953719e4e2de888dd9cf929b7d62ed8d05f25e731d02452ab6c.gif Redirect 1	1445921763570	1445921763624	1445921763676	1445921763676	OK	 
BranchChangePullRequest	1427518222740011184-1	REQUEST		octocat-spinner-128-338974454bb5c32803e82f601beb051d373744b024fe8742a76009700fd7e033.gif Redirect 1	1445921763570	1445921763624	1445921763680	1445921763680	OK	 
BranchChangePullRequest	1427518222740011184-1	REQUEST		frameworks-808fcfcd63c9ecba3e84453f540cb1cbafde48c6b30c1d51ebd4e67e88ff66bd.js Redirect 1	1445921763656	1445921763656	1445921763692	1445921763692	OK	 
BranchChangePullRequest	1427518222740011184-1	REQUEST		docker-logo-compressed.png Redirect 1	1445921763609	1445921763609	1445921763704	1445921763704	OK	 
BranchChangePullRequest	1427518222740011184-1	REQUEST		index-539752eb392ed8b1885cada19d7e07e9f836e46c3a558819256f39c3d4aa52b1.js Redirect 1	1445921763665	1445921763666	1445921763707	1445921763707	OK	 
BranchChangePullRequest	1427518222740011184-1	REQUEST		docker-logo-compressed.png Redirect 2	1445921763705	1445921763705	1445921764145	1445921764145	OK	 
BranchChangePullRequest	1427518222740011184-2	REQUEST		docker.svg	1445921742255	1445921742360	1445921768812	1445921768812	OK	 
BranchChangePullRequest	1427518222740011184-2	REQUEST		POST_BRANCH	1445921768814	1445921768855	1445921768967	1445921768967	OK	 
BranchChangePullRequest	1427518222740011184-2	REQUEST		POST_BRANCH Redirect 1	1445921768969	1445921768969	1445921769471	1445921769619	OK	 
BranchChangePullRequest	1427518222740011184-2	REQUEST		pinned-octocat.svg Redirect 1	1445921769624	1445921769624	1445921769660	1445921769660	OK	 
BranchChangePullRequest	1427518222740011184-2	REQUEST		index-f86867c74780c6f0c4864f6426b5e688218dcd5b82896dd34f9075a6854377b5.css Redirect 1	1445921769625	1445921769666	1445921769708	1445921769708	OK	 
BranchChangePullRequest	1427518222740011184-2	REQUEST		favicon-enterprise.ico Redirect 1	1445921769624	1445921769665	1445921769708	1445921769708	OK	 
BranchChangePullRequest	1427518222740011184-2	REQUEST		index-f988f47530f834135696f2bbf16666d1e7489bdb78d03b0b038def4e84bea878.css Redirect 1	1445921769624	1445921769665	1445921769708	1445921769708	OK	 
BranchChangePullRequest	1427518222740011184-2	REQUEST		octocat-spinner-128-338974454bb5c32803e82f601beb051d373744b024fe8742a76009700fd7e033.gif Redirect 1	1445921769625	1445921769668	1445921769714	1445921769714	OK	 
BranchChangePullRequest	1427518222740011184-2	REQUEST		octocat-spinner-32-EAF2F5-0bdc57d34b85c4a4de9d0d1db10cd70e8a95f33ff4f46c5a8c48b4bf4e5a9abe.gif Redirect 1	1445921769625	1445921769668	1445921769717	1445921769717	OK	 
BranchChangePullRequest	1427518222740011184-2	REQUEST		octocat-spinner-32-e513294efa576953719e4e2de888dd9cf929b7d62ed8d05f25e731d02452ab6c.gif Redirect 1	1445921769625	1445921769669	1445921769719	1445921769719	OK	 
BranchChangePullRequest	1427518222740011184-2	REQUEST		index-539752eb392ed8b1885cada19d7e07e9f836e46c3a558819256f39c3d4aa52b1.js Redirect 1	1445921769709	1445921769709	1445921769750	1445921769750	OK	 
BranchChangePullRequest	1427518222740011184-2	REQUEST		docker-logo-compressed.png Redirect 1	1445921769661	1445921769661	1445921769752	1445921769752	OK	 
BranchChangePullRequest	1427518222740011184-2	REQUEST		frameworks-808fcfcd63c9ecba3e84453f540cb1cbafde48c6b30c1d51ebd4e67e88ff66bd.js Redirect 1	1445921769709	1445921769709	1445921769755	1445921769755	OK	 
BranchChangePullRequest	1427518222740011184-2	REQUEST		docker-logo-compressed.png Redirect 2	1445921769753	1445921769753	1445921770019	1445921770019	OK	 
BranchChangePullRequest	1427518222740011184-3	REQUEST		docker.svg	1445921748429	1445921748540	1445921774682	1445921774682	OK	 
BranchChangePullRequest	1427518222740011184-3	REQUEST		POST_BRANCH	1445921774683	1445921774737	1445921774831	1445921774831	OK	 
BranchChangePullRequest	1427518222740011184-3	REQUEST		POST_BRANCH Redirect 1	1445921774833	1445921774833	1445921775048	1445921775194	OK	 
BranchChangePullRequest	1427518222740011184-3	REQUEST		pinned-octocat.svg Redirect 1	1445921775199	1445921775199	1445921775235	1445921775235	OK	 
BranchChangePullRequest	1427518222740011184-3	REQUEST		favicon-enterprise.ico Redirect 1	1445921775199	1445921775244	1445921775290	1445921775290	OK	 
BranchChangePullRequest	1427518222740011184-3	REQUEST		octocat-spinner-32-e513294efa576953719e4e2de888dd9cf929b7d62ed8d05f25e731d02452ab6c.gif Redirect 1	1445921775200	1445921775244	1445921775290	1445921775290	OK	 
BranchChangePullRequest	1427518222740011184-3	REQUEST		index-f988f47530f834135696f2bbf16666d1e7489bdb78d03b0b038def4e84bea878.css Redirect 1	1445921775200	1445921775245	1445921775291	1445921775291	OK	 
BranchChangePullRequest	1427518222740011184-3	REQUEST		octocat-spinner-32-EAF2F5-0bdc57d34b85c4a4de9d0d1db10cd70e8a95f33ff4f46c5a8c48b4bf4e5a9abe.gif Redirect 1	1445921775200	1445921775245	1445921775291	1445921775291	OK	 
BranchChangePullRequest	1427518222740011184-3	REQUEST		index-f86867c74780c6f0c4864f6426b5e688218dcd5b82896dd34f9075a6854377b5.css Redirect 1	1445921775200	1445921775245	1445921775296	1445921775296	OK	 
BranchChangePullRequest	1427518222740011184-3	REQUEST		octocat-spinner-128-338974454bb5c32803e82f601beb051d373744b024fe8742a76009700fd7e033.gif Redirect 1	1445921775200	1445921775247	1445921775299	1445921775299	OK	 
BranchChangePullRequest	1427518222740011184-3	REQUEST		docker-logo-compressed.png Redirect 1	1445921775236	1445921775236	1445921775309	1445921775309	OK	 
BranchChangePullRequest	1427518222740011184-3	REQUEST		index-539752eb392ed8b1885cada19d7e07e9f836e46c3a558819256f39c3d4aa52b1.js Redirect 1	1445921775291	1445921775291	1445921775333	1445921775333	OK	 
BranchChangePullRequest	1427518222740011184-3	REQUEST		frameworks-808fcfcd63c9ecba3e84453f540cb1cbafde48c6b30c1d51ebd4e67e88ff66bd.js Redirect 1	1445921775291	1445921775291	1445921775333	1445921775333	OK	 
BranchChangePullRequest	1427518222740011184-3	REQUEST		docker-logo-compressed.png Redirect 2	1445921775310	1445921775310	1445921775450	1445921775450	OK	 
BranchChangePullRequest	1427518222740011184-4	REQUEST		docker.svg	1445921754211	1445921754317	1445921780529	1445921780529	OK	 
BranchChangePullRequest	1427518222740011184-4	REQUEST		POST_BRANCH	1445921780530	1445921780572	1445921780693	1445921780694	OK	 
BranchChangePullRequest	1427518222740011184-4	REQUEST		POST_BRANCH Redirect 1	1445921780695	1445921780695	1445921781142	1445921781289	OK	 
BranchChangePullRequest	1427518222740011184-4	REQUEST		pinned-octocat.svg Redirect 1	1445921781294	1445921781294	1445921781335	1445921781335	OK	 
BranchChangePullRequest	1427518222740011184-4	REQUEST		index-f86867c74780c6f0c4864f6426b5e688218dcd5b82896dd34f9075a6854377b5.css Redirect 1	1445921781295	1445921781337	1445921781380	1445921781380	OK	 
BranchChangePullRequest	1427518222740011184-4	REQUEST		favicon-enterprise.ico Redirect 1	1445921781294	1445921781338	1445921781389	1445921781389	OK	 
BranchChangePullRequest	1427518222740011184-4	REQUEST		octocat-spinner-32-EAF2F5-0bdc57d34b85c4a4de9d0d1db10cd70e8a95f33ff4f46c5a8c48b4bf4e5a9abe.gif Redirect 1	1445921781295	1445921781341	1445921781389	1445921781389	OK	 
BranchChangePullRequest	1427518222740011184-4	REQUEST		octocat-spinner-128-338974454bb5c32803e82f601beb051d373744b024fe8742a76009700fd7e033.gif Redirect 1	1445921781295	1445921781343	1445921781393	1445921781393	OK	 
BranchChangePullRequest	1427518222740011184-4	REQUEST		index-f988f47530f834135696f2bbf16666d1e7489bdb78d03b0b038def4e84bea878.css Redirect 1	1445921781295	1445921781338	1445921781393	1445921781393	OK	 
BranchChangePullRequest	1427518222740011184-4	REQUEST		octocat-spinner-32-e513294efa576953719e4e2de888dd9cf929b7d62ed8d05f25e731d02452ab6c.gif Redirect 1	1445921781295	1445921781343	1445921781397	1445921781397	OK	 
BranchChangePullRequest	1427518222740011184-4	REQUEST		frameworks-808fcfcd63c9ecba3e84453f540cb1cbafde48c6b30c1d51ebd4e67e88ff66bd.js Redirect 1	1445921781381	1445921781381	1445921781420	1445921781420	OK	 
BranchChangePullRequest	1427518222740011184-4	REQUEST		index-539752eb392ed8b1885cada19d7e07e9f836e46c3a558819256f39c3d4aa52b1.js Redirect 1	1445921781390	1445921781390	1445921781435	1445921781435	OK	 
BranchChangePullRequest	1427518222740011184-4	REQUEST		docker-logo-compressed.png Redirect 1	1445921781336	1445921781336	1445921781446	1445921781446	OK	 
BranchChangePullRequest	1427518222740011184-4	REQUEST		docker-logo-compressed.png Redirect 2	1445921781447	1445921781448	1445921781530	1445921781530	OK	 
BranchChangePullRequest	1427518222740011184-0	REQUEST		docker.svg Redirect 1	1445921757908	1445921757908	1445921785515	1445921785515	OK	 
BranchChangePullRequest	1427518222740011184-0	REQUEST		GET_DOCKER_TREE_XXX	1445921786523	1445921786645	1445921786808	1445921787279	OK	 
BranchChangePullRequest	1427518222740011184-0	REQUEST		pinned-octocat.svg	1445921787330	1445921787330	1445921787470	1445921787470	OK	 
BranchChangePullRequest	1427518222740011184-0	REQUEST		octocat-spinner-128-338974454bb5c32803e82f601beb051d373744b024fe8742a76009700fd7e033.gif	1445921787331	1445921787480	1445921787607	1445921787607	OK	 
BranchChangePullRequest	1427518222740011184-0	REQUEST		index-f86867c74780c6f0c4864f6426b5e688218dcd5b82896dd34f9075a6854377b5.css	1445921787331	1445921787479	1445921787607	1445921787607	OK	 
BranchChangePullRequest	1427518222740011184-0	REQUEST		favicon-enterprise.ico	1445921787330	1445921787480	1445921787607	1445921787607	OK	 
BranchChangePullRequest	1427518222740011184-0	REQUEST		docker-logo-compressed.png	1445921787471	1445921787471	1445921787607	1445921787607	OK	 
BranchChangePullRequest	1427518222740011184-0	REQUEST		index-f988f47530f834135696f2bbf16666d1e7489bdb78d03b0b038def4e84bea878.css	1445921787331	1445921787482	1445921787645	1445921787645	OK	 
BranchChangePullRequest	1427518222740011184-0	REQUEST		octocat-spinner-32-e513294efa576953719e4e2de888dd9cf929b7d62ed8d05f25e731d02452ab6c.gif	1445921787331	1445921787482	1445921787647	1445921787647	OK	 
BranchChangePullRequest	1427518222740011184-0	REQUEST		index-539752eb392ed8b1885cada19d7e07e9f836e46c3a558819256f39c3d4aa52b1.js	1445921787608	1445921787608	1445921787772	1445921787772	OK	 
BranchChangePullRequest	1427518222740011184-0	REQUEST		frameworks-808fcfcd63c9ecba3e84453f540cb1cbafde48c6b30c1d51ebd4e67e88ff66bd.js	1445921787608	1445921787608	1445921787772	1445921787772	OK	 
BranchChangePullRequest	1427518222740011184-0	REQUEST		octocat-spinner-32-EAF2F5-0bdc57d34b85c4a4de9d0d1db10cd70e8a95f33ff4f46c5a8c48b4bf4e5a9abe.gif	1445921787331	1445921787607	1445921787772	1445921787772	OK	 
BranchChangePullRequest	1427518222740011184-0	REQUEST		docker-logo-compressed.png Redirect 1	1445921787608	1445921787609	1445921787772	1445921787772	OK	 
BranchChangePullRequest	1427518222740011184-1	REQUEST		docker.svg Redirect 1	1445921763569	1445921763569	1445921789796	1445921789796	OK	 
BranchChangePullRequest	1427518222740011184-1	REQUEST		GET_DOCKER_TREE_XXX	1445921790790	1445921790832	1445921791040	1445921791243	OK	 
BranchChangePullRequest	1427518222740011184-1	REQUEST		pinned-octocat.svg	1445921791296	1445921791296	1445921791330	1445921791330	OK	 
BranchChangePullRequest	1427518222740011184-1	REQUEST		favicon-enterprise.ico	1445921791296	1445921791336	1445921791381	1445921791381	OK	 
BranchChangePullRequest	1427518222740011184-1	REQUEST		index-f86867c74780c6f0c4864f6426b5e688218dcd5b82896dd34f9075a6854377b5.css	1445921791296	1445921791337	1445921791383	1445921791383	OK	 
BranchChangePullRequest	1427518222740011184-1	REQUEST		octocat-spinner-32-e513294efa576953719e4e2de888dd9cf929b7d62ed8d05f25e731d02452ab6c.gif	1445921791297	1445921791341	1445921791388	1445921791388	OK	 
BranchChangePullRequest	1427518222740011184-1	REQUEST		octocat-spinner-128-338974454bb5c32803e82f601beb051d373744b024fe8742a76009700fd7e033.gif	1445921791297	1445921791340	1445921791388	1445921791388	OK	 
BranchChangePullRequest	1427518222740011184-1	REQUEST		index-f988f47530f834135696f2bbf16666d1e7489bdb78d03b0b038def4e84bea878.css	1445921791296	1445921791340	1445921791390	1445921791390	OK	 
BranchChangePullRequest	1427518222740011184-1	REQUEST		octocat-spinner-32-EAF2F5-0bdc57d34b85c4a4de9d0d1db10cd70e8a95f33ff4f46c5a8c48b4bf4e5a9abe.gif	1445921791297	1445921791346	1445921791390	1445921791390	OK	 
BranchChangePullRequest	1427518222740011184-1	REQUEST		docker-logo-compressed.png	1445921791330	1445921791330	1445921791425	1445921791425	OK	 
BranchChangePullRequest	1427518222740011184-1	REQUEST		index-539752eb392ed8b1885cada19d7e07e9f836e46c3a558819256f39c3d4aa52b1.js	1445921791383	1445921791384	1445921791430	1445921791430	OK	 
BranchChangePullRequest	1427518222740011184-1	REQUEST		frameworks-808fcfcd63c9ecba3e84453f540cb1cbafde48c6b30c1d51ebd4e67e88ff66bd.js	1445921791381	1445921791382	1445921791430	1445921791430	OK	 
BranchChangePullRequest	1427518222740011184-1	REQUEST		docker-logo-compressed.png Redirect 1	1445921791426	1445921791426	1445921791492	1445921791492	OK	 
BranchChangePullRequest	1427518222740011184-2	REQUEST		docker.svg Redirect 1	1445921769623	1445921769624	1445921795690	1445921795690	OK	 
BranchChangePullRequest	1427518222740011184-2	REQUEST		GET_DOCKER_TREE_XXX	1445921796700	1445921796741	1445921797342	1445921797518	OK	 
BranchChangePullRequest	1427518222740011184-2	REQUEST		pinned-octocat.svg	1445921797569	1445921797570	1445921797605	1445921797605	OK	 
BranchChangePullRequest	1427518222740011184-2	REQUEST		octocat-spinner-32-e513294efa576953719e4e2de888dd9cf929b7d62ed8d05f25e731d02452ab6c.gif	1445921797570	1445921797613	1445921797659	1445921797659	OK	 
BranchChangePullRequest	1427518222740011184-2	REQUEST		index-f988f47530f834135696f2bbf16666d1e7489bdb78d03b0b038def4e84bea878.css	1445921797570	1445921797616	1445921797669	1445921797669	OK	 
BranchChangePullRequest	1427518222740011184-2	REQUEST		index-f86867c74780c6f0c4864f6426b5e688218dcd5b82896dd34f9075a6854377b5.css	1445921797570	1445921797616	1445921797669	1445921797669	OK	 
BranchChangePullRequest	1427518222740011184-2	REQUEST		favicon-enterprise.ico	1445921797570	1445921797618	1445921797674	1445921797674	OK	 
BranchChangePullRequest	1427518222740011184-2	REQUEST		octocat-spinner-128-338974454bb5c32803e82f601beb051d373744b024fe8742a76009700fd7e033.gif	1445921797570	1445921797618	1445921797675	1445921797675	OK	 
BranchChangePullRequest	1427518222740011184-2	REQUEST		octocat-spinner-32-EAF2F5-0bdc57d34b85c4a4de9d0d1db10cd70e8a95f33ff4f46c5a8c48b4bf4e5a9abe.gif	1445921797570	1445921797618	1445921797674	1445921797674	OK	 
BranchChangePullRequest	1427518222740011184-2	REQUEST		docker-logo-compressed.png	1445921797605	1445921797605	1445921797685	1445921797685	OK	 
BranchChangePullRequest	1427518222740011184-2	REQUEST		frameworks-808fcfcd63c9ecba3e84453f540cb1cbafde48c6b30c1d51ebd4e67e88ff66bd.js	1445921797660	1445921797660	1445921797705	1445921797705	OK	 
BranchChangePullRequest	1427518222740011184-2	REQUEST		index-539752eb392ed8b1885cada19d7e07e9f836e46c3a558819256f39c3d4aa52b1.js	1445921797669	1445921797669	1445921797711	1445921797711	OK	 
BranchChangePullRequest	1427518222740011184-2	REQUEST		docker-logo-compressed.png Redirect 1	1445921797687	1445921797688	1445921797746	1445921797746	OK	 
BranchChangePullRequest	1427518222740011184-3	REQUEST		docker.svg Redirect 1	1445921775199	1445921775199	1445921800736	1445921800736	OK	 
BranchChangePullRequest	1427518222740011184-3	REQUEST		GET_DOCKER_TREE_XXX	1445921801742	1445921801782	1445921801939	1445921802112	OK	 
BranchChangePullRequest	1427518222740011184-3	REQUEST		pinned-octocat.svg	1445921802162	1445921802163	1445921802201	1445921802201	OK	 
BranchChangePullRequest	1427518222740011184-3	REQUEST		favicon-enterprise.ico	1445921802163	1445921802204	1445921802271	1445921802271	OK	 
BranchChangePullRequest	1427518222740011184-3	REQUEST		index-f988f47530f834135696f2bbf16666d1e7489bdb78d03b0b038def4e84bea878.css	1445921802163	1445921802204	1445921802271	1445921802271	OK	 
BranchChangePullRequest	1427518222740011184-3	REQUEST		index-f86867c74780c6f0c4864f6426b5e688218dcd5b82896dd34f9075a6854377b5.css	1445921802163	1445921802207	1445921802271	1445921802271	OK	 
BranchChangePullRequest	1427518222740011184-3	REQUEST		docker-logo-compressed.png	1445921802202	1445921802202	1445921802274	1445921802274	OK	 
BranchChangePullRequest	1427518222740011184-3	REQUEST		octocat-spinner-32-EAF2F5-0bdc57d34b85c4a4de9d0d1db10cd70e8a95f33ff4f46c5a8c48b4bf4e5a9abe.gif	1445921802163	1445921802208	1445921802278	1445921802278	OK	 
BranchChangePullRequest	1427518222740011184-3	REQUEST		octocat-spinner-128-338974454bb5c32803e82f601beb051d373744b024fe8742a76009700fd7e033.gif	1445921802163	1445921802208	1445921802278	1445921802278	OK	 
BranchChangePullRequest	1427518222740011184-3	REQUEST		octocat-spinner-32-e513294efa576953719e4e2de888dd9cf929b7d62ed8d05f25e731d02452ab6c.gif	1445921802163	1445921802219	1445921802281	1445921802281	OK	 
BranchChangePullRequest	1427518222740011184-3	REQUEST		index-539752eb392ed8b1885cada19d7e07e9f836e46c3a558819256f39c3d4aa52b1.js	1445921802272	1445921802272	1445921802320	1445921802320	OK	 
BranchChangePullRequest	1427518222740011184-3	REQUEST		frameworks-808fcfcd63c9ecba3e84453f540cb1cbafde48c6b30c1d51ebd4e67e88ff66bd.js	1445921802272	1445921802272	1445921802320	1445921802320	OK	 
BranchChangePullRequest	1427518222740011184-3	REQUEST		docker-logo-compressed.png Redirect 1	1445921802275	1445921802275	1445921802340	1445921802340	OK	 
BranchChangePullRequest	1427518222740011184-4	REQUEST		docker.svg Redirect 1	1445921781294	1445921781294	1445921806950	1445921806950	OK	 
BranchChangePullRequest	1427518222740011184-4	REQUEST		GET_DOCKER_TREE_XXX	1445921807962	1445921808002	1445921808161	1445921808314	OK	 
BranchChangePullRequest	1427518222740011184-4	REQUEST		pinned-octocat.svg	1445921808363	1445921808363	1445921808397	1445921808397	OK	 
BranchChangePullRequest	1427518222740011184-4	REQUEST		octocat-spinner-128-338974454bb5c32803e82f601beb051d373744b024fe8742a76009700fd7e033.gif	1445921808364	1445921808404	1445921808451	1445921808451	OK	 
BranchChangePullRequest	1427518222740011184-4	REQUEST		octocat-spinner-32-e513294efa576953719e4e2de888dd9cf929b7d62ed8d05f25e731d02452ab6c.gif	1445921808364	1445921808408	1445921808458	1445921808458	OK	 
BranchChangePullRequest	1427518222740011184-4	REQUEST		octocat-spinner-32-EAF2F5-0bdc57d34b85c4a4de9d0d1db10cd70e8a95f33ff4f46c5a8c48b4bf4e5a9abe.gif	1445921808364	1445921808408	1445921808460	1445921808460	OK	 
BranchChangePullRequest	1427518222740011184-4	REQUEST		index-f988f47530f834135696f2bbf16666d1e7489bdb78d03b0b038def4e84bea878.css	1445921808364	1445921808408	1445921808460	1445921808460	OK	 
BranchChangePullRequest	1427518222740011184-4	REQUEST		index-f86867c74780c6f0c4864f6426b5e688218dcd5b82896dd34f9075a6854377b5.css	1445921808364	1445921808408	1445921808460	1445921808460	OK	 
BranchChangePullRequest	1427518222740011184-4	REQUEST		favicon-enterprise.ico	1445921808363	1445921808408	1445921808461	1445921808461	OK	 
BranchChangePullRequest	1427518222740011184-4	REQUEST		docker-logo-compressed.png	1445921808397	1445921808398	1445921808469	1445921808469	OK	 
BranchChangePullRequest	1427518222740011184-4	REQUEST		frameworks-808fcfcd63c9ecba3e84453f540cb1cbafde48c6b30c1d51ebd4e67e88ff66bd.js	1445921808452	1445921808452	1445921808501	1445921808501	OK	 
BranchChangePullRequest	1427518222740011184-4	REQUEST		index-539752eb392ed8b1885cada19d7e07e9f836e46c3a558819256f39c3d4aa52b1.js	1445921808459	1445921808459	1445921808501	1445921808501	OK	 
BranchChangePullRequest	1427518222740011184-4	REQUEST		docker-logo-compressed.png Redirect 1	1445921808470	1445921808470	1445921808531	1445921808531	OK	 
BranchChangePullRequest	1427518222740011184-0	REQUEST		docker.svg	1445921787330	1445921787330	1445921812890	1445921812890	OK	 
BranchChangePullRequest	1427518222740011184-0	REQUEST		request_8	1445921813902	1445921813942	1445921814079	1445921814191	OK	 
BranchChangePullRequest	1427518222740011184-0	REQUEST		pinned-octocat.svg	1445921814280	1445921814280	1445921814315	1445921814315	OK	 
BranchChangePullRequest	1427518222740011184-0	REQUEST		frameworks-808fcfcd63c9ecba3e84453f540cb1cbafde48c6b30c1d51ebd4e67e88ff66bd.js	1445921814315	1445921814315	1445921814351	1445921814351	OK	 
BranchChangePullRequest	1427518222740011184-0	REQUEST		octocat-spinner-128-338974454bb5c32803e82f601beb051d373744b024fe8742a76009700fd7e033.gif	1445921814281	1445921814326	1445921814368	1445921814368	OK	 
BranchChangePullRequest	1427518222740011184-0	REQUEST		favicon-enterprise.ico	1445921814280	1445921814322	1445921814368	1445921814368	OK	 
BranchChangePullRequest	1427518222740011184-0	REQUEST		index-f86867c74780c6f0c4864f6426b5e688218dcd5b82896dd34f9075a6854377b5.css	1445921814281	1445921814328	1445921814372	1445921814372	OK	 
BranchChangePullRequest	1427518222740011184-0	REQUEST		index-539752eb392ed8b1885cada19d7e07e9f836e46c3a558819256f39c3d4aa52b1.js	1445921814352	1445921814352	1445921814392	1445921814392	OK	 
BranchChangePullRequest	1427518222740011184-0	REQUEST		octocat-spinner-32-e513294efa576953719e4e2de888dd9cf929b7d62ed8d05f25e731d02452ab6c.gif	1445921814281	1445921814335	1445921814393	1445921814393	OK	 
BranchChangePullRequest	1427518222740011184-0	REQUEST		index-f988f47530f834135696f2bbf16666d1e7489bdb78d03b0b038def4e84bea878.css	1445921814280	1445921814335	1445921814394	1445921814394	OK	 
BranchChangePullRequest	1427518222740011184-0	REQUEST		13?s=96	1445921814281	1445921814328	1445921814408	1445921814408	OK	 
BranchChangePullRequest	1427518222740011184-0	REQUEST		index-be85caa27bcc732fffb336f2eefdca9509c521e8d457f313afb11c806c7bf854.js	1445921814369	1445921814369	1445921814413	1445921814708	OK	 
BranchChangePullRequest	1427518222740011184-0	REQUEST		request_9	1445921816701	1445921816701	1445921816853	1445921816853	OK	 
BranchChangePullRequest	1427518222740011184-0	REQUEST		request_9 Redirect 1	1445921816854	1445921816854	1445921817183	1445921817396	OK	 
BranchChangePullRequest	1427518222740011184-0	REQUEST		octocat-spinner-32-e513294efa576953719e4e2de888dd9cf929b7d62ed8d05f25e731d02452ab6c.gif Redirect 1	1445921817483	1445921817484	1445921817552	1445921817552	OK	 
BranchChangePullRequest	1427518222740011184-0	REQUEST		gravatar-user-420.png Redirect 1	1445921817484	1445921817484	1445921817553	1445921817553	OK	 
BranchChangePullRequest	1427518222740011184-0	REQUEST		pinned-octocat.svg Redirect 1	1445921817483	1445921817483	1445921817564	1445921817564	OK	 
BranchChangePullRequest	1427518222740011184-0	REQUEST		favicon-enterprise.ico Redirect 1	1445921817483	1445921817483	1445921817687	1445921817687	OK	 
BranchChangePullRequest	1427518222740011184-0	REQUEST		index-f988f47530f834135696f2bbf16666d1e7489bdb78d03b0b038def4e84bea878.css Redirect 1	1445921817483	1445921817483	1445921817687	1445921817687	OK	 
BranchChangePullRequest	1427518222740011184-0	REQUEST		index-f86867c74780c6f0c4864f6426b5e688218dcd5b82896dd34f9075a6854377b5.css Redirect 1	1445921817483	1445921817483	1445921817689	1445921817689	OK	 
BranchChangePullRequest	1427518222740011184-0	REQUEST		index-539752eb392ed8b1885cada19d7e07e9f836e46c3a558819256f39c3d4aa52b1.js Redirect 1	1445921817552	1445921817552	1445921817689	1445921817689	OK	 
BranchChangePullRequest	1427518222740011184-0	REQUEST		octocat-spinner-128-338974454bb5c32803e82f601beb051d373744b024fe8742a76009700fd7e033.gif Redirect 1	1445921817483	1445921817483	1445921817689	1445921817689	OK	 
BranchChangePullRequest	1427518222740011184-0	REQUEST		frameworks-808fcfcd63c9ecba3e84453f540cb1cbafde48c6b30c1d51ebd4e67e88ff66bd.js Redirect 1	1445921817484	1445921817688	1445921817728	1445921817728	OK	 
BranchChangePullRequest	1427518222740011184-1	REQUEST		docker.svg	1445921791295	1445921791296	1445921817853	1445921817853	OK	 
BranchChangePullRequest	1427518222740011184-0	REQUEST		request_11	1445921817729	1445921817730	1445921818298	1445921818298	OK	 
BranchChangePullRequest	1427518222740011184-0	REQUEST		request_11 Redirect 1	1445921818299	1445921818300	1445921818608	1445921818700	OK	 
BranchChangePullRequest	1427518222740011184-0	REQUEST		pinned-octocat.svg Redirect 1	1445921818707	1445921818707	1445921818747	1445921818747	OK	 
BranchChangePullRequest	1427518222740011184-0	REQUEST		octocat-spinner-128-338974454bb5c32803e82f601beb051d373744b024fe8742a76009700fd7e033.gif Redirect 1	1445921818707	1445921818707	1445921818749	1445921818749	OK	 
BranchChangePullRequest	1427518222740011184-0	REQUEST		octocat-spinner-32-EAF2F5-0bdc57d34b85c4a4de9d0d1db10cd70e8a95f33ff4f46c5a8c48b4bf4e5a9abe.gif Redirect 1	1445921818707	1445921818707	1445921818749	1445921818749	OK	 
BranchChangePullRequest	1427518222740011184-0	REQUEST		gravatar-user-420.png Redirect 1	1445921818707	1445921818707	1445921818749	1445921818749	OK	 
BranchChangePullRequest	1427518222740011184-0	REQUEST		favicon-enterprise.ico Redirect 1	1445921818707	1445921818707	1445921818752	1445921818752	OK	 
BranchChangePullRequest	1427518222740011184-0	REQUEST		index-f988f47530f834135696f2bbf16666d1e7489bdb78d03b0b038def4e84bea878.css Redirect 1	1445921818707	1445921818707	1445921818753	1445921818753	OK	 
BranchChangePullRequest	1427518222740011184-0	REQUEST		index-f86867c74780c6f0c4864f6426b5e688218dcd5b82896dd34f9075a6854377b5.css Redirect 1	1445921818707	1445921818707	1445921818755	1445921818755	OK	 
BranchChangePullRequest	1427518222740011184-0	REQUEST		octocat-spinner-32-e513294efa576953719e4e2de888dd9cf929b7d62ed8d05f25e731d02452ab6c.gif Redirect 1	1445921818707	1445921818707	1445921818761	1445921818761	OK	 
BranchChangePullRequest	1427518222740011184-0	REQUEST		frameworks-808fcfcd63c9ecba3e84453f540cb1cbafde48c6b30c1d51ebd4e67e88ff66bd.js Redirect 1	1445921818748	1445921818748	1445921818786	1445921818786	OK	 
BranchChangePullRequest	1427518222740011184-0	REQUEST		index-539752eb392ed8b1885cada19d7e07e9f836e46c3a558819256f39c3d4aa52b1.js Redirect 1	1445921818749	1445921818750	1445921818796	1445921818796	OK	 
BranchChangePullRequest	1427518222740011184-0	USER	END	1445921727785	1445921818802
BranchChangePullRequest	1427518222740011184-1	REQUEST		request_8	1445921818861	1445921818955	1445921819188	1445921819290	OK	 
BranchChangePullRequest	1427518222740011184-1	REQUEST		pinned-octocat.svg	1445921819326	1445921819326	1445921819359	1445921819359	OK	 
BranchChangePullRequest	1427518222740011184-1	REQUEST		frameworks-808fcfcd63c9ecba3e84453f540cb1cbafde48c6b30c1d51ebd4e67e88ff66bd.js	1445921819359	1445921819359	1445921819392	1445921819392	OK	 
BranchChangePullRequest	1427518222740011184-1	REQUEST		octocat-spinner-128-338974454bb5c32803e82f601beb051d373744b024fe8742a76009700fd7e033.gif	1445921819327	1445921819366	1445921819413	1445921819413	OK	 
BranchChangePullRequest	1427518222740011184-1	REQUEST		favicon-enterprise.ico	1445921819326	1445921819369	1445921819422	1445921819422	OK	 
BranchChangePullRequest	1427518222740011184-1	REQUEST		octocat-spinner-32-e513294efa576953719e4e2de888dd9cf929b7d62ed8d05f25e731d02452ab6c.gif	1445921819327	1445921819369	1445921819422	1445921819422	OK	 
BranchChangePullRequest	1427518222740011184-1	REQUEST		index-f86867c74780c6f0c4864f6426b5e688218dcd5b82896dd34f9075a6854377b5.css	1445921819327	1445921819370	1445921819422	1445921819422	OK	 
BranchChangePullRequest	1427518222740011184-1	REQUEST		index-539752eb392ed8b1885cada19d7e07e9f836e46c3a558819256f39c3d4aa52b1.js	1445921819393	1445921819393	1445921819429	1445921819429	OK	 
BranchChangePullRequest	1427518222740011184-1	REQUEST		index-f988f47530f834135696f2bbf16666d1e7489bdb78d03b0b038def4e84bea878.css	1445921819327	1445921819370	1445921819434	1445921819434	OK	 
BranchChangePullRequest	1427518222740011184-1	REQUEST		13?s=96	1445921819327	1445921819377	1445921819434	1445921819434	OK	 
BranchChangePullRequest	1427518222740011184-1	REQUEST		index-be85caa27bcc732fffb336f2eefdca9509c521e8d457f313afb11c806c7bf854.js	1445921819414	1445921819414	1445921819462	1445921819759	OK	 
BranchChangePullRequest	1427518222740011184-1	REQUEST		request_9	1445921821751	1445921821751	1445921821876	1445921821876	OK	 
BranchChangePullRequest	1427518222740011184-1	REQUEST		request_9 Redirect 1	1445921821876	1445921821877	1445921822183	1445921822332	OK	 
BranchChangePullRequest	1427518222740011184-1	REQUEST		gravatar-user-420.png Redirect 1	1445921822424	1445921822424	1445921822467	1445921822467	OK	 
BranchChangePullRequest	1427518222740011184-1	REQUEST		octocat-spinner-32-e513294efa576953719e4e2de888dd9cf929b7d62ed8d05f25e731d02452ab6c.gif Redirect 1	1445921822424	1445921822424	1445921822471	1445921822471	OK	 
BranchChangePullRequest	1427518222740011184-1	REQUEST		pinned-octocat.svg Redirect 1	1445921822424	1445921822424	1445921822471	1445921822471	OK	 
BranchChangePullRequest	1427518222740011184-1	REQUEST		favicon-enterprise.ico Redirect 1	1445921822424	1445921822424	1445921822471	1445921822471	OK	 
BranchChangePullRequest	1427518222740011184-1	REQUEST		index-f86867c74780c6f0c4864f6426b5e688218dcd5b82896dd34f9075a6854377b5.css Redirect 1	1445921822424	1445921822424	1445921822471	1445921822471	OK	 
BranchChangePullRequest	1427518222740011184-1	REQUEST		index-f988f47530f834135696f2bbf16666d1e7489bdb78d03b0b038def4e84bea878.css Redirect 1	1445921822424	1445921822424	1445921822472	1445921822472	OK	 
BranchChangePullRequest	1427518222740011184-1	REQUEST		octocat-spinner-128-338974454bb5c32803e82f601beb051d373744b024fe8742a76009700fd7e033.gif Redirect 1	1445921822424	1445921822424	1445921822476	1445921822476	OK	 
BranchChangePullRequest	1427518222740011184-1	REQUEST		index-539752eb392ed8b1885cada19d7e07e9f836e46c3a558819256f39c3d4aa52b1.js Redirect 1	1445921822467	1445921822467	1445921822505	1445921822505	OK	 
BranchChangePullRequest	1427518222740011184-1	REQUEST		frameworks-808fcfcd63c9ecba3e84453f540cb1cbafde48c6b30c1d51ebd4e67e88ff66bd.js Redirect 1	1445921822424	1445921822475	1445921822522	1445921822522	OK	 
BranchChangePullRequest	1427518222740011184-2	REQUEST		docker.svg	1445921797569	1445921797569	1445921823131	1445921823131	OK	 
BranchChangePullRequest	1427518222740011184-1	REQUEST		request_11	1445921822522	1445921822523	1445921823131	1445921823131	OK	 
BranchChangePullRequest	1427518222740011184-1	REQUEST		request_11 Redirect 1	1445921823132	1445921823132	1445921823539	1445921823619	OK	 
BranchChangePullRequest	1427518222740011184-1	REQUEST		octocat-spinner-32-EAF2F5-0bdc57d34b85c4a4de9d0d1db10cd70e8a95f33ff4f46c5a8c48b4bf4e5a9abe.gif Redirect 1	1445921823625	1445921823625	1445921823660	1445921823660	OK	 
BranchChangePullRequest	1427518222740011184-1	REQUEST		gravatar-user-420.png Redirect 1	1445921823625	1445921823625	1445921823660	1445921823660	OK	 
BranchChangePullRequest	1427518222740011184-1	REQUEST		pinned-octocat.svg Redirect 1	1445921823624	1445921823625	1445921823667	1445921823667	OK	 
BranchChangePullRequest	1427518222740011184-1	REQUEST		index-f86867c74780c6f0c4864f6426b5e688218dcd5b82896dd34f9075a6854377b5.css Redirect 1	1445921823625	1445921823625	1445921823680	1445921823680	OK	 
BranchChangePullRequest	1427518222740011184-1	REQUEST		index-f988f47530f834135696f2bbf16666d1e7489bdb78d03b0b038def4e84bea878.css Redirect 1	1445921823625	1445921823625	1445921823680	1445921823680	OK	 
BranchChangePullRequest	1427518222740011184-1	REQUEST		octocat-spinner-128-338974454bb5c32803e82f601beb051d373744b024fe8742a76009700fd7e033.gif Redirect 1	1445921823625	1445921823625	1445921823680	1445921823680	OK	 
BranchChangePullRequest	1427518222740011184-1	REQUEST		favicon-enterprise.ico Redirect 1	1445921823624	1445921823625	1445921823678	1445921823678	OK	 
BranchChangePullRequest	1427518222740011184-1	REQUEST		octocat-spinner-32-e513294efa576953719e4e2de888dd9cf929b7d62ed8d05f25e731d02452ab6c.gif Redirect 1	1445921823625	1445921823625	1445921823680	1445921823680	OK	 
BranchChangePullRequest	1427518222740011184-1	REQUEST		index-539752eb392ed8b1885cada19d7e07e9f836e46c3a558819256f39c3d4aa52b1.js Redirect 1	1445921823661	1445921823661	1445921823697	1445921823697	OK	 
BranchChangePullRequest	1427518222740011184-1	REQUEST		frameworks-808fcfcd63c9ecba3e84453f540cb1cbafde48c6b30c1d51ebd4e67e88ff66bd.js Redirect 1	1445921823661	1445921823661	1445921823697	1445921823697	OK	 
BranchChangePullRequest	1427518222740011184-1	USER	END	1445921733801	1445921823702
BranchChangePullRequest	1427518222740011184-2	REQUEST		request_8	1445921824131	1445921824173	1445921824388	1445921824491	OK	 
BranchChangePullRequest	1427518222740011184-2	REQUEST		pinned-octocat.svg	1445921824528	1445921824529	1445921824563	1445921824563	OK	 
BranchChangePullRequest	1427518222740011184-2	REQUEST		frameworks-808fcfcd63c9ecba3e84453f540cb1cbafde48c6b30c1d51ebd4e67e88ff66bd.js	1445921824563	1445921824563	1445921824620	1445921824620	OK	 
BranchChangePullRequest	1427518222740011184-2	REQUEST		favicon-enterprise.ico	1445921824529	1445921824573	1445921824622	1445921824622	OK	 
BranchChangePullRequest	1427518222740011184-2	REQUEST		index-f988f47530f834135696f2bbf16666d1e7489bdb78d03b0b038def4e84bea878.css	1445921824529	1445921824571	1445921824624	1445921824624	OK	 
BranchChangePullRequest	1427518222740011184-2	REQUEST		octocat-spinner-32-e513294efa576953719e4e2de888dd9cf929b7d62ed8d05f25e731d02452ab6c.gif	1445921824529	1445921824574	1445921824624	1445921824624	OK	 
BranchChangePullRequest	1427518222740011184-2	REQUEST		octocat-spinner-128-338974454bb5c32803e82f601beb051d373744b024fe8742a76009700fd7e033.gif	1445921824529	1445921824579	1445921824632	1445921824632	OK	 
BranchChangePullRequest	1427518222740011184-2	REQUEST		index-f86867c74780c6f0c4864f6426b5e688218dcd5b82896dd34f9075a6854377b5.css	1445921824529	1445921824579	1445921824632	1445921824632	OK	 
BranchChangePullRequest	1427518222740011184-2	REQUEST		13?s=96	1445921824529	1445921824576	1445921824632	1445921824632	OK	 
BranchChangePullRequest	1427518222740011184-2	REQUEST		index-539752eb392ed8b1885cada19d7e07e9f836e46c3a558819256f39c3d4aa52b1.js	1445921824620	1445921824621	1445921824659	1445921824659	OK	 
BranchChangePullRequest	1427518222740011184-2	REQUEST		index-be85caa27bcc732fffb336f2eefdca9509c521e8d457f313afb11c806c7bf854.js	1445921824622	1445921824623	1445921824674	1445921825186	OK	 
BranchChangePullRequest	1427518222740011184-2	REQUEST		request_9	1445921827181	1445921827181	1445921827621	1445921827621	OK	 
BranchChangePullRequest	1427518222740011184-3	REQUEST		docker.svg	1445921802162	1445921802162	1445921828125	1445921828125	OK	 
BranchChangePullRequest	1427518222740011184-2	REQUEST		request_9 Redirect 1	1445921827622	1445921827622	1445921828125	1445921828274	OK	 
BranchChangePullRequest	1427518222740011184-2	REQUEST		gravatar-user-420.png Redirect 1	1445921828370	1445921828370	1445921828410	1445921828410	OK	 
BranchChangePullRequest	1427518222740011184-2	REQUEST		pinned-octocat.svg Redirect 1	1445921828370	1445921828370	1445921828413	1445921828413	OK	 
BranchChangePullRequest	1427518222740011184-2	REQUEST		index-f988f47530f834135696f2bbf16666d1e7489bdb78d03b0b038def4e84bea878.css Redirect 1	1445921828370	1445921828370	1445921828417	1445921828417	OK	 
BranchChangePullRequest	1427518222740011184-2	REQUEST		favicon-enterprise.ico Redirect 1	1445921828370	1445921828370	1445921828421	1445921828421	OK	 
BranchChangePullRequest	1427518222740011184-2	REQUEST		octocat-spinner-32-e513294efa576953719e4e2de888dd9cf929b7d62ed8d05f25e731d02452ab6c.gif Redirect 1	1445921828370	1445921828370	1445921828422	1445921828422	OK	 
BranchChangePullRequest	1427518222740011184-2	REQUEST		index-f86867c74780c6f0c4864f6426b5e688218dcd5b82896dd34f9075a6854377b5.css Redirect 1	1445921828370	1445921828370	1445921828425	1445921828425	OK	 
BranchChangePullRequest	1427518222740011184-2	REQUEST		octocat-spinner-128-338974454bb5c32803e82f601beb051d373744b024fe8742a76009700fd7e033.gif Redirect 1	1445921828370	1445921828370	1445921828427	1445921828427	OK	 
BranchChangePullRequest	1427518222740011184-2	REQUEST		index-539752eb392ed8b1885cada19d7e07e9f836e46c3a558819256f39c3d4aa52b1.js Redirect 1	1445921828411	1445921828411	1445921828446	1445921828446	OK	 
BranchChangePullRequest	1427518222740011184-2	REQUEST		frameworks-808fcfcd63c9ecba3e84453f540cb1cbafde48c6b30c1d51ebd4e67e88ff66bd.js Redirect 1	1445921828370	1445921828424	1445921828482	1445921828482	OK	 
BranchChangePullRequest	1427518222740011184-2	REQUEST		request_11	1445921828483	1445921828484	1445921829064	1445921829064	OK	 
BranchChangePullRequest	1427518222740011184-3	REQUEST		request_8	1445921829131	1445921829178	1445921829688	1445921829804	OK	 
BranchChangePullRequest	1427518222740011184-2	REQUEST		request_11 Redirect 1	1445921829065	1445921829065	1445921829699	1445921829859	OK	 
BranchChangePullRequest	1427518222740011184-3	REQUEST		pinned-octocat.svg	1445921829842	1445921829842	1445921829878	1445921829878	OK	 
BranchChangePullRequest	1427518222740011184-2	REQUEST		gravatar-user-420.png Redirect 1	1445921829863	1445921829863	1445921829898	1445921829898	OK	 
BranchChangePullRequest	1427518222740011184-2	REQUEST		octocat-spinner-32-EAF2F5-0bdc57d34b85c4a4de9d0d1db10cd70e8a95f33ff4f46c5a8c48b4bf4e5a9abe.gif Redirect 1	1445921829863	1445921829863	1445921829898	1445921829898	OK	 
BranchChangePullRequest	1427518222740011184-3	REQUEST		frameworks-808fcfcd63c9ecba3e84453f540cb1cbafde48c6b30c1d51ebd4e67e88ff66bd.js	1445921829878	1445921829878	1445921829913	1445921829913	OK	 
BranchChangePullRequest	1427518222740011184-2	REQUEST		favicon-enterprise.ico Redirect 1	1445921829863	1445921829863	1445921829915	1445921829915	OK	 
BranchChangePullRequest	1427518222740011184-2	REQUEST		pinned-octocat.svg Redirect 1	1445921829862	1445921829863	1445921829915	1445921829915	OK	 
BranchChangePullRequest	1427518222740011184-2	REQUEST		index-f86867c74780c6f0c4864f6426b5e688218dcd5b82896dd34f9075a6854377b5.css Redirect 1	1445921829863	1445921829863	1445921829918	1445921829918	OK	 
BranchChangePullRequest	1427518222740011184-2	REQUEST		octocat-spinner-32-e513294efa576953719e4e2de888dd9cf929b7d62ed8d05f25e731d02452ab6c.gif Redirect 1	1445921829863	1445921829863	1445921829918	1445921829918	OK	 
BranchChangePullRequest	1427518222740011184-2	REQUEST		index-f988f47530f834135696f2bbf16666d1e7489bdb78d03b0b038def4e84bea878.css Redirect 1	1445921829863	1445921829863	1445921829918	1445921829918	OK	 
BranchChangePullRequest	1427518222740011184-2	REQUEST		octocat-spinner-128-338974454bb5c32803e82f601beb051d373744b024fe8742a76009700fd7e033.gif Redirect 1	1445921829863	1445921829863	1445921829918	1445921829918	OK	 
BranchChangePullRequest	1427518222740011184-2	REQUEST		frameworks-808fcfcd63c9ecba3e84453f540cb1cbafde48c6b30c1d51ebd4e67e88ff66bd.js Redirect 1	1445921829899	1445921829899	1445921829932	1445921829932	OK	 
BranchChangePullRequest	1427518222740011184-2	REQUEST		index-539752eb392ed8b1885cada19d7e07e9f836e46c3a558819256f39c3d4aa52b1.js Redirect 1	1445921829899	1445921829899	1445921829938	1445921829938	OK	 
BranchChangePullRequest	1427518222740011184-2	USER	END	1445921739800	1445921829941
BranchChangePullRequest	1427518222740011184-3	REQUEST		favicon-enterprise.ico	1445921829842	1445921829888	1445921829943	1445921829943	OK	 
BranchChangePullRequest	1427518222740011184-3	REQUEST		index-539752eb392ed8b1885cada19d7e07e9f836e46c3a558819256f39c3d4aa52b1.js	1445921829914	1445921829914	1445921829947	1445921829947	OK	 
BranchChangePullRequest	1427518222740011184-3	REQUEST		index-f988f47530f834135696f2bbf16666d1e7489bdb78d03b0b038def4e84bea878.css	1445921829842	1445921829891	1445921829951	1445921829951	OK	 
BranchChangePullRequest	1427518222740011184-3	REQUEST		index-f86867c74780c6f0c4864f6426b5e688218dcd5b82896dd34f9075a6854377b5.css	1445921829842	1445921829892	1445921829953	1445921829953	OK	 
BranchChangePullRequest	1427518222740011184-3	REQUEST		octocat-spinner-32-e513294efa576953719e4e2de888dd9cf929b7d62ed8d05f25e731d02452ab6c.gif	1445921829842	1445921829891	1445921829953	1445921829953	OK	 
BranchChangePullRequest	1427518222740011184-3	REQUEST		octocat-spinner-128-338974454bb5c32803e82f601beb051d373744b024fe8742a76009700fd7e033.gif	1445921829842	1445921829894	1445921829954	1445921829954	OK	 
BranchChangePullRequest	1427518222740011184-3	REQUEST		13?s=96	1445921829843	1445921829892	1445921829957	1445921829957	OK	 
BranchChangePullRequest	1427518222740011184-3	REQUEST		index-be85caa27bcc732fffb336f2eefdca9509c521e8d457f313afb11c806c7bf854.js	1445921829943	1445921829943	1445921829997	1445921830279	OK	 
BranchChangePullRequest	1427518222740011184-3	REQUEST		request_9	1445921832271	1445921832271	1445921832524	1445921832524	OK	 
BranchChangePullRequest	1427518222740011184-3	REQUEST		request_9 Redirect 1	1445921832525	1445921832525	1445921832926	1445921833068	OK	 
BranchChangePullRequest	1427518222740011184-3	REQUEST		gravatar-user-420.png Redirect 1	1445921833159	1445921833159	1445921833203	1445921833203	OK	 
BranchChangePullRequest	1427518222740011184-3	REQUEST		octocat-spinner-32-e513294efa576953719e4e2de888dd9cf929b7d62ed8d05f25e731d02452ab6c.gif Redirect 1	1445921833159	1445921833159	1445921833211	1445921833211	OK	 
BranchChangePullRequest	1427518222740011184-3	REQUEST		favicon-enterprise.ico Redirect 1	1445921833159	1445921833159	1445921833211	1445921833211	OK	 
BranchChangePullRequest	1427518222740011184-3	REQUEST		pinned-octocat.svg Redirect 1	1445921833159	1445921833159	1445921833211	1445921833211	OK	 
BranchChangePullRequest	1427518222740011184-3	REQUEST		index-f86867c74780c6f0c4864f6426b5e688218dcd5b82896dd34f9075a6854377b5.css Redirect 1	1445921833159	1445921833159	1445921833214	1445921833214	OK	 
BranchChangePullRequest	1427518222740011184-3	REQUEST		index-f988f47530f834135696f2bbf16666d1e7489bdb78d03b0b038def4e84bea878.css Redirect 1	1445921833159	1445921833159	1445921833214	1445921833214	OK	 
BranchChangePullRequest	1427518222740011184-3	REQUEST		octocat-spinner-128-338974454bb5c32803e82f601beb051d373744b024fe8742a76009700fd7e033.gif Redirect 1	1445921833159	1445921833159	1445921833215	1445921833215	OK	 
BranchChangePullRequest	1427518222740011184-3	REQUEST		index-539752eb392ed8b1885cada19d7e07e9f836e46c3a558819256f39c3d4aa52b1.js Redirect 1	1445921833204	1445921833204	1445921833239	1445921833239	OK	 
BranchChangePullRequest	1427518222740011184-3	REQUEST		frameworks-808fcfcd63c9ecba3e84453f540cb1cbafde48c6b30c1d51ebd4e67e88ff66bd.js Redirect 1	1445921833159	1445921833213	1445921833257	1445921833257	OK	 
BranchChangePullRequest	1427518222740011184-4	REQUEST		docker.svg	1445921808363	1445921808363	1445921833753	1445921833753	OK	 
BranchChangePullRequest	1427518222740011184-3	REQUEST		request_11	1445921833259	1445921833259	1445921833932	1445921833932	OK	 
BranchChangePullRequest	1427518222740011184-3	REQUEST		request_11 Redirect 1	1445921833933	1445921833933	1445921834499	1445921834570	OK	 
BranchChangePullRequest	1427518222740011184-3	REQUEST		octocat-spinner-32-EAF2F5-0bdc57d34b85c4a4de9d0d1db10cd70e8a95f33ff4f46c5a8c48b4bf4e5a9abe.gif Redirect 1	1445921834574	1445921834574	1445921834609	1445921834609	OK	 
BranchChangePullRequest	1427518222740011184-3	REQUEST		gravatar-user-420.png Redirect 1	1445921834574	1445921834574	1445921834609	1445921834609	OK	 
BranchChangePullRequest	1427518222740011184-3	REQUEST		pinned-octocat.svg Redirect 1	1445921834574	1445921834574	1445921834618	1445921834618	OK	 
BranchChangePullRequest	1427518222740011184-3	REQUEST		favicon-enterprise.ico Redirect 1	1445921834574	1445921834574	1445921834619	1445921834620	OK	 
BranchChangePullRequest	1427518222740011184-3	REQUEST		index-f988f47530f834135696f2bbf16666d1e7489bdb78d03b0b038def4e84bea878.css Redirect 1	1445921834574	1445921834574	1445921834620	1445921834620	OK	 
BranchChangePullRequest	1427518222740011184-3	REQUEST		octocat-spinner-128-338974454bb5c32803e82f601beb051d373744b024fe8742a76009700fd7e033.gif Redirect 1	1445921834574	1445921834574	1445921834621	1445921834621	OK	 
BranchChangePullRequest	1427518222740011184-3	REQUEST		octocat-spinner-32-e513294efa576953719e4e2de888dd9cf929b7d62ed8d05f25e731d02452ab6c.gif Redirect 1	1445921834574	1445921834574	1445921834621	1445921834621	OK	 
BranchChangePullRequest	1427518222740011184-3	REQUEST		index-f86867c74780c6f0c4864f6426b5e688218dcd5b82896dd34f9075a6854377b5.css Redirect 1	1445921834574	1445921834574	1445921834621	1445921834621	OK	 
BranchChangePullRequest	1427518222740011184-3	REQUEST		index-539752eb392ed8b1885cada19d7e07e9f836e46c3a558819256f39c3d4aa52b1.js Redirect 1	1445921834610	1445921834610	1445921834647	1445921834647	OK	 
BranchChangePullRequest	1427518222740011184-3	REQUEST		frameworks-808fcfcd63c9ecba3e84453f540cb1cbafde48c6b30c1d51ebd4e67e88ff66bd.js Redirect 1	1445921834609	1445921834609	1445921834647	1445921834647	OK	 
BranchChangePullRequest	1427518222740011184-3	USER	END	1445921745811	1445921834649
BranchChangePullRequest	1427518222740011184-4	REQUEST		request_8	1445921834751	1445921834789	1445921835091	1445921835302	OK	 
BranchChangePullRequest	1427518222740011184-4	REQUEST		pinned-octocat.svg	1445921835335	1445921835335	1445921835479	1445921835479	OK	 
BranchChangePullRequest	1427518222740011184-4	REQUEST		frameworks-808fcfcd63c9ecba3e84453f540cb1cbafde48c6b30c1d51ebd4e67e88ff66bd.js	1445921835480	1445921835480	1445921835628	1445921835628	OK	 
BranchChangePullRequest	1427518222740011184-4	REQUEST		index-539752eb392ed8b1885cada19d7e07e9f836e46c3a558819256f39c3d4aa52b1.js	1445921835628	1445921835628	1445921835665	1445921835665	OK	 
BranchChangePullRequest	1427518222740011184-4	REQUEST		index-f86867c74780c6f0c4864f6426b5e688218dcd5b82896dd34f9075a6854377b5.css	1445921835336	1445921835628	1445921835715	1445921835715	OK	 
BranchChangePullRequest	1427518222740011184-4	REQUEST		octocat-spinner-128-338974454bb5c32803e82f601beb051d373744b024fe8742a76009700fd7e033.gif	1445921835336	1445921835628	1445921835715	1445921835715	OK	 
BranchChangePullRequest	1427518222740011184-4	REQUEST		octocat-spinner-32-e513294efa576953719e4e2de888dd9cf929b7d62ed8d05f25e731d02452ab6c.gif	1445921835336	1445921835628	1445921835716	1445921835716	OK	 
BranchChangePullRequest	1427518222740011184-4	REQUEST		favicon-enterprise.ico	1445921835335	1445921835628	1445921835715	1445921835715	OK	 
BranchChangePullRequest	1427518222740011184-4	REQUEST		13?s=96	1445921835336	1445921835628	1445921835716	1445921835716	OK	 
BranchChangePullRequest	1427518222740011184-4	REQUEST		index-f988f47530f834135696f2bbf16666d1e7489bdb78d03b0b038def4e84bea878.css	1445921835335	1445921835628	1445921835715	1445921835715	OK	 
BranchChangePullRequest	1427518222740011184-4	REQUEST		index-be85caa27bcc732fffb336f2eefdca9509c521e8d457f313afb11c806c7bf854.js	1445921835666	1445921835666	1445921835716	1445921836390	OK	 
BranchChangePullRequest	1427518222740011184-4	REQUEST		request_9	1445921838392	1445921838392	1445921839110	1445921839110	OK	 
BranchChangePullRequest	1427518222740011184-4	REQUEST		request_9 Redirect 1	1445921839111	1445921839111	1445921839325	1445921839468	OK	 
BranchChangePullRequest	1427518222740011184-4	REQUEST		pinned-octocat.svg Redirect 1	1445921839556	1445921839556	1445921839598	1445921839598	OK	 
BranchChangePullRequest	1427518222740011184-4	REQUEST		gravatar-user-420.png Redirect 1	1445921839556	1445921839556	1445921839602	1445921839602	OK	 
BranchChangePullRequest	1427518222740011184-4	REQUEST		favicon-enterprise.ico Redirect 1	1445921839556	1445921839556	1445921839603	1445921839603	OK	 
BranchChangePullRequest	1427518222740011184-4	REQUEST		octocat-spinner-32-e513294efa576953719e4e2de888dd9cf929b7d62ed8d05f25e731d02452ab6c.gif Redirect 1	1445921839556	1445921839556	1445921839608	1445921839608	OK	 
BranchChangePullRequest	1427518222740011184-4	REQUEST		index-f86867c74780c6f0c4864f6426b5e688218dcd5b82896dd34f9075a6854377b5.css Redirect 1	1445921839556	1445921839556	1445921839610	1445921839610	OK	 
BranchChangePullRequest	1427518222740011184-4	REQUEST		octocat-spinner-128-338974454bb5c32803e82f601beb051d373744b024fe8742a76009700fd7e033.gif Redirect 1	1445921839556	1445921839556	1445921839610	1445921839610	OK	 
BranchChangePullRequest	1427518222740011184-4	REQUEST		index-f988f47530f834135696f2bbf16666d1e7489bdb78d03b0b038def4e84bea878.css Redirect 1	1445921839556	1445921839556	1445921839610	1445921839610	OK	 
BranchChangePullRequest	1427518222740011184-4	REQUEST		index-539752eb392ed8b1885cada19d7e07e9f836e46c3a558819256f39c3d4aa52b1.js Redirect 1	1445921839598	1445921839599	1445921839643	1445921839643	OK	 
BranchChangePullRequest	1427518222740011184-4	REQUEST		frameworks-808fcfcd63c9ecba3e84453f540cb1cbafde48c6b30c1d51ebd4e67e88ff66bd.js Redirect 1	1445921839556	1445921839609	1445921839663	1445921839663	OK	 
BranchChangePullRequest	1427518222740011184-4	REQUEST		request_11	1445921839663	1445921839663	1445921839982	1445921839982	OK	 
BranchChangePullRequest	1427518222740011184-4	REQUEST		request_11 Redirect 1	1445921839983	1445921839983	1445921840207	1445921840284	OK	 
BranchChangePullRequest	1427518222740011184-4	REQUEST		octocat-spinner-32-EAF2F5-0bdc57d34b85c4a4de9d0d1db10cd70e8a95f33ff4f46c5a8c48b4bf4e5a9abe.gif Redirect 1	1445921840288	1445921840288	1445921840340	1445921840340	OK	 
BranchChangePullRequest	1427518222740011184-4	REQUEST		gravatar-user-420.png Redirect 1	1445921840288	1445921840288	1445921840340	1445921840340	OK	 
BranchChangePullRequest	1427518222740011184-4	REQUEST		octocat-spinner-128-338974454bb5c32803e82f601beb051d373744b024fe8742a76009700fd7e033.gif Redirect 1	1445921840288	1445921840288	1445921840343	1445921840343	OK	 
BranchChangePullRequest	1427518222740011184-4	REQUEST		octocat-spinner-32-e513294efa576953719e4e2de888dd9cf929b7d62ed8d05f25e731d02452ab6c.gif Redirect 1	1445921840288	1445921840288	1445921840347	1445921840347	OK	 
BranchChangePullRequest	1427518222740011184-4	REQUEST		index-f86867c74780c6f0c4864f6426b5e688218dcd5b82896dd34f9075a6854377b5.css Redirect 1	1445921840287	1445921840288	1445921840354	1445921840354	OK	 
BranchChangePullRequest	1427518222740011184-4	REQUEST		frameworks-808fcfcd63c9ecba3e84453f540cb1cbafde48c6b30c1d51ebd4e67e88ff66bd.js Redirect 1	1445921840341	1445921840341	1445921840374	1445921840374	OK	 
BranchChangePullRequest	1427518222740011184-4	REQUEST		index-539752eb392ed8b1885cada19d7e07e9f836e46c3a558819256f39c3d4aa52b1.js Redirect 1	1445921840341	1445921840341	1445921840380	1445921840380	OK	 
BranchChangePullRequest	1427518222740011184-4	REQUEST		index-f988f47530f834135696f2bbf16666d1e7489bdb78d03b0b038def4e84bea878.css Redirect 1	1445921840287	1445921840288	1445921840818	1445921840818	OK	 
BranchChangePullRequest	1427518222740011184-4	REQUEST		favicon-enterprise.ico Redirect 1	1445921840287	1445921840288	1445921840913	1445921840913	OK	 
BranchChangePullRequest	1427518222740011184-4	REQUEST		pinned-octocat.svg Redirect 1	1445921840287	1445921840287	1445921840916	1445921840916	OK	 
BranchChangePullRequest	1427518222740011184-4	USER	END	1445921751811	1445921840917
