test_scenario_4.DownloadRepos	baseline_ts4	RUN	1445922647616	baseline for test scenario 4	2.0
DownloadRepos	2801903063527016456-0	USER	START	1445922647639	0
DownloadRepos	2801903063527016456-0	REQUEST		request_0	1445922647677	1445922647719	1445922647776	1445922647816	OK	 
DownloadRepos	2801903063527016456-0	REQUEST		pinned-octocat.svg	1445922647946	1445922647947	1445922647983	1445922647983	OK	 
DownloadRepos	2801903063527016456-0	REQUEST		favicon-enterprise.ico	1445922647947	1445922647995	1445922648046	1445922648046	OK	 
DownloadRepos	2801903063527016456-0	REQUEST		index-f988f47530f834135696f2bbf16666d1e7489bdb78d03b0b038def4e84bea878.css	1445922647947	1445922647999	1445922648055	1445922648194	OK	 
DownloadRepos	2801903063527016456-0	REQUEST		index-f86867c74780c6f0c4864f6426b5e688218dcd5b82896dd34f9075a6854377b5.css	1445922647947	1445922647999	1445922648046	1445922648208	OK	 
DownloadRepos	2801903063527016456-0	REQUEST		index-539752eb392ed8b1885cada19d7e07e9f836e46c3a558819256f39c3d4aa52b1.js	1445922647948	1445922647999	1445922648055	1445922648232	OK	 
DownloadRepos	2801903063527016456-0	REQUEST		frameworks-808fcfcd63c9ecba3e84453f540cb1cbafde48c6b30c1d51ebd4e67e88ff66bd.js	1445922647948	1445922647996	1445922648046	1445922648828	OK	 
DownloadRepos	2801903063527016456-0	REQUEST		request_1	1445922652852	1445922652852	1445922653021	1445922653021	OK	 
DownloadRepos	2801903063527016456-0	REQUEST		request_1 Redirect 1	1445922653024	1445922653024	1445922653417	1445922653559	OK	 
DownloadRepos	2801903063527016456-0	REQUEST		pinned-octocat.svg Redirect 1	1445922653574	1445922653575	1445922653616	1445922653616	OK	 
DownloadRepos	2801903063527016456-0	REQUEST		favicon-enterprise.ico Redirect 1	1445922653575	1445922653575	1445922653619	1445922653619	OK	 
DownloadRepos	2801903063527016456-0	REQUEST		index-f988f47530f834135696f2bbf16666d1e7489bdb78d03b0b038def4e84bea878.css Redirect 1	1445922653576	1445922653576	1445922653622	1445922653622	OK	 
DownloadRepos	2801903063527016456-0	REQUEST		index-f86867c74780c6f0c4864f6426b5e688218dcd5b82896dd34f9075a6854377b5.css Redirect 1	1445922653576	1445922653576	1445922653622	1445922653622	OK	 
DownloadRepos	2801903063527016456-0	REQUEST		context_button.png Redirect 1	1445922653618	1445922653619	1445922653663	1445922653663	OK	 
DownloadRepos	2801903063527016456-1	USER	START	1445922653665	0
DownloadRepos	2801903063527016456-0	REQUEST		12?s=40 Redirect 1	1445922653576	1445922653577	1445922653678	1445922653678	OK	 
DownloadRepos	2801903063527016456-0	REQUEST		38?s=40 Redirect 1	1445922653577	1445922653577	1445922653678	1445922653678	OK	 
DownloadRepos	2801903063527016456-0	REQUEST		13?s=60 Redirect 1	1445922653624	1445922653624	1445922653715	1445922653715	OK	 
DownloadRepos	2801903063527016456-0	REQUEST		21?s=60 Redirect 1	1445922653623	1445922653624	1445922653741	1445922653741	OK	 
DownloadRepos	2801903063527016456-0	REQUEST		9?s=60 Redirect 1	1445922653620	1445922653621	1445922653765	1445922653765	OK	 
DownloadRepos	2801903063527016456-0	REQUEST		9?s=32 Redirect 1	1445922653683	1445922653683	1445922653786	1445922653786	OK	 
DownloadRepos	2801903063527016456-1	REQUEST		request_0	1445922653665	1445922653711	1445922653825	1445922653839	OK	 
DownloadRepos	2801903063527016456-0	REQUEST		11?s=60 Redirect 1	1445922653682	1445922653682	1445922653847	1445922653847	OK	 
DownloadRepos	2801903063527016456-0	REQUEST		5?s=60 Redirect 1	1445922653664	1445922653664	1445922653847	1445922653847	OK	 
DownloadRepos	2801903063527016456-0	REQUEST		13?s=32 Redirect 1	1445922653716	1445922653717	1445922653881	1445922653881	OK	 
DownloadRepos	2801903063527016456-1	REQUEST		pinned-octocat.svg	1445922653842	1445922653843	1445922653885	1445922653885	OK	 
DownloadRepos	2801903063527016456-1	REQUEST		favicon-enterprise.ico	1445922653843	1445922653884	1445922653939	1445922653939	OK	 
DownloadRepos	2801903063527016456-0	REQUEST		19?s=32 Redirect 1	1445922653766	1445922653767	1445922653952	1445922653952	OK	 
DownloadRepos	2801903063527016456-0	REQUEST		19?s=60 Redirect 1	1445922653742	1445922653743	1445922653954	1445922653954	OK	 
DownloadRepos	2801903063527016456-0	REQUEST		20?s=60 Redirect 1	1445922653787	1445922653787	1445922653954	1445922653954	OK	 
DownloadRepos	2801903063527016456-0	REQUEST		index-539752eb392ed8b1885cada19d7e07e9f836e46c3a558819256f39c3d4aa52b1.js Redirect 1	1445922653955	1445922653955	1445922653993	1445922653993	OK	 
DownloadRepos	2801903063527016456-0	REQUEST		20?s=32 Redirect 1	1445922653848	1445922653848	1445922653993	1445922653993	OK	 
DownloadRepos	2801903063527016456-0	REQUEST		frameworks-808fcfcd63c9ecba3e84453f540cb1cbafde48c6b30c1d51ebd4e67e88ff66bd.js Redirect 1	1445922653954	1445922653955	1445922653993	1445922653993	OK	 
DownloadRepos	2801903063527016456-0	REQUEST		11?s=32 Redirect 1	1445922653849	1445922653849	1445922654000	1445922654000	OK	 
DownloadRepos	2801903063527016456-0	REQUEST		5?s=32 Redirect 1	1445922653882	1445922653883	1445922654042	1445922654042	OK	 
DownloadRepos	2801903063527016456-0	REQUEST		21?s=32 Redirect 1	1445922653953	1445922653954	1445922654053	1445922654053	OK	 
DownloadRepos	2801903063527016456-1	REQUEST		index-f988f47530f834135696f2bbf16666d1e7489bdb78d03b0b038def4e84bea878.css	1445922653843	1445922653887	1445922653939	1445922654091	OK	 
DownloadRepos	2801903063527016456-1	REQUEST		index-f86867c74780c6f0c4864f6426b5e688218dcd5b82896dd34f9075a6854377b5.css	1445922653843	1445922653887	1445922653936	1445922654115	OK	 
DownloadRepos	2801903063527016456-1	REQUEST		frameworks-808fcfcd63c9ecba3e84453f540cb1cbafde48c6b30c1d51ebd4e67e88ff66bd.js	1445922653843	1445922653890	1445922653940	1445922654120	OK	 
DownloadRepos	2801903063527016456-1	REQUEST		index-539752eb392ed8b1885cada19d7e07e9f836e46c3a558819256f39c3d4aa52b1.js	1445922653844	1445922653887	1445922653934	1445922654821	OK	 
DownloadRepos	2801903063527016456-0	REQUEST		request_6	1445922656059	1445922656060	1445922656209	1445922656209	OK	 
DownloadRepos	2801903063527016456-1	REQUEST		request_1	1445922658836	1445922658836	1445922659013	1445922659013	OK	 
DownloadRepos	2801903063527016456-1	REQUEST		request_1 Redirect 1	1445922659015	1445922659015	1445922659106	1445922659184	OK	 
DownloadRepos	2801903063527016456-1	REQUEST		38?s=40 Redirect 1	1445922659194	1445922659194	1445922659232	1445922659232	OK	 
DownloadRepos	2801903063527016456-1	REQUEST		index-f86867c74780c6f0c4864f6426b5e688218dcd5b82896dd34f9075a6854377b5.css Redirect 1	1445922659193	1445922659194	1445922659236	1445922659236	OK	 
DownloadRepos	2801903063527016456-1	REQUEST		index-f988f47530f834135696f2bbf16666d1e7489bdb78d03b0b038def4e84bea878.css Redirect 1	1445922659193	1445922659193	1445922659242	1445922659242	OK	 
DownloadRepos	2801903063527016456-1	REQUEST		pinned-octocat.svg Redirect 1	1445922659193	1445922659193	1445922659242	1445922659242	OK	 
DownloadRepos	2801903063527016456-1	REQUEST		favicon-enterprise.ico Redirect 1	1445922659193	1445922659193	1445922659242	1445922659242	OK	 
DownloadRepos	2801903063527016456-1	REQUEST		12?s=40 Redirect 1	1445922659194	1445922659194	1445922659243	1445922659243	OK	 
DownloadRepos	2801903063527016456-1	REQUEST		context_button.png Redirect 1	1445922659233	1445922659233	1445922659270	1445922659270	OK	 
DownloadRepos	2801903063527016456-1	REQUEST		9?s=60 Redirect 1	1445922659237	1445922659238	1445922659281	1445922659281	OK	 
DownloadRepos	2801903063527016456-1	REQUEST		21?s=60 Redirect 1	1445922659243	1445922659243	1445922659288	1445922659288	OK	 
DownloadRepos	2801903063527016456-1	REQUEST		11?s=60 Redirect 1	1445922659244	1445922659244	1445922659292	1445922659292	OK	 
DownloadRepos	2801903063527016456-1	REQUEST		5?s=60 Redirect 1	1445922659244	1445922659244	1445922659303	1445922659303	OK	 
DownloadRepos	2801903063527016456-1	REQUEST		13?s=60 Redirect 1	1445922659243	1445922659244	1445922659308	1445922659308	OK	 
DownloadRepos	2801903063527016456-1	REQUEST		9?s=32 Redirect 1	1445922659271	1445922659272	1445922659316	1445922659316	OK	 
DownloadRepos	2801903063527016456-1	REQUEST		13?s=32 Redirect 1	1445922659282	1445922659283	1445922659327	1445922659327	OK	 
DownloadRepos	2801903063527016456-1	REQUEST		19?s=60 Redirect 1	1445922659289	1445922659289	1445922659336	1445922659336	OK	 
DownloadRepos	2801903063527016456-1	REQUEST		19?s=32 Redirect 1	1445922659293	1445922659293	1445922659337	1445922659337	OK	 
DownloadRepos	2801903063527016456-1	REQUEST		20?s=60 Redirect 1	1445922659304	1445922659305	1445922659342	1445922659342	OK	 
DownloadRepos	2801903063527016456-1	REQUEST		20?s=32 Redirect 1	1445922659309	1445922659309	1445922659350	1445922659350	OK	 
DownloadRepos	2801903063527016456-1	REQUEST		11?s=32 Redirect 1	1445922659316	1445922659316	1445922659356	1445922659356	OK	 
DownloadRepos	2801903063527016456-1	REQUEST		5?s=32 Redirect 1	1445922659328	1445922659328	1445922659372	1445922659372	OK	 
DownloadRepos	2801903063527016456-1	REQUEST		frameworks-808fcfcd63c9ecba3e84453f540cb1cbafde48c6b30c1d51ebd4e67e88ff66bd.js Redirect 1	1445922659338	1445922659338	1445922659374	1445922659374	OK	 
DownloadRepos	2801903063527016456-1	REQUEST		index-539752eb392ed8b1885cada19d7e07e9f836e46c3a558819256f39c3d4aa52b1.js Redirect 1	1445922659343	1445922659343	1445922659380	1445922659380	OK	 
DownloadRepos	2801903063527016456-1	REQUEST		21?s=32 Redirect 1	1445922659337	1445922659337	1445922659380	1445922659380	OK	 
DownloadRepos	2801903063527016456-2	USER	START	1445922659666	0
DownloadRepos	2801903063527016456-2	REQUEST		request_0	1445922659666	1445922659776	1445922659832	1445922659845	OK	 
DownloadRepos	2801903063527016456-2	REQUEST		pinned-octocat.svg	1445922659848	1445922659848	1445922659893	1445922659893	OK	 
DownloadRepos	2801903063527016456-2	REQUEST		favicon-enterprise.ico	1445922659849	1445922659894	1445922659941	1445922659941	OK	 
DownloadRepos	2801903063527016456-2	REQUEST		index-f988f47530f834135696f2bbf16666d1e7489bdb78d03b0b038def4e84bea878.css	1445922659849	1445922659899	1445922659945	1445922660109	OK	 
DownloadRepos	2801903063527016456-2	REQUEST		index-f86867c74780c6f0c4864f6426b5e688218dcd5b82896dd34f9075a6854377b5.css	1445922659849	1445922659899	1445922659949	1445922660212	OK	 
DownloadRepos	2801903063527016456-2	REQUEST		index-539752eb392ed8b1885cada19d7e07e9f836e46c3a558819256f39c3d4aa52b1.js	1445922659849	1445922659900	1445922659950	1445922660224	OK	 
DownloadRepos	2801903063527016456-2	REQUEST		frameworks-808fcfcd63c9ecba3e84453f540cb1cbafde48c6b30c1d51ebd4e67e88ff66bd.js	1445922659849	1445922659903	1445922659953	1445922660224	OK	 
DownloadRepos	2801903063527016456-0	REQUEST		request_6 Redirect 1	1445922656216	1445922656217	1445922656375	1445922660794	OK	 
DownloadRepos	2801903063527016456-0	USER	END	1445922647639	1445922660798
DownloadRepos	2801903063527016456-1	REQUEST		request_6	1445922661385	1445922661385	1445922661455	1445922661455	OK	 
DownloadRepos	2801903063527016456-1	REQUEST		request_6 Redirect 1	1445922661457	1445922661457	1445922661515	1445922664361	OK	 
DownloadRepos	2801903063527016456-1	USER	END	1445922653665	1445922664364
DownloadRepos	2801903063527016456-2	REQUEST		request_1	1445922664236	1445922664236	1445922664407	1445922664407	OK	 
DownloadRepos	2801903063527016456-2	REQUEST		request_1 Redirect 1	1445922664409	1445922664409	1445922664727	1445922664796	OK	 
DownloadRepos	2801903063527016456-2	REQUEST		38?s=40 Redirect 1	1445922664804	1445922664804	1445922664844	1445922664844	OK	 
DownloadRepos	2801903063527016456-2	REQUEST		pinned-octocat.svg Redirect 1	1445922664803	1445922664803	1445922664847	1445922664847	OK	 
DownloadRepos	2801903063527016456-2	REQUEST		index-f988f47530f834135696f2bbf16666d1e7489bdb78d03b0b038def4e84bea878.css Redirect 1	1445922664804	1445922664804	1445922664848	1445922664848	OK	 
DownloadRepos	2801903063527016456-2	REQUEST		index-f86867c74780c6f0c4864f6426b5e688218dcd5b82896dd34f9075a6854377b5.css Redirect 1	1445922664804	1445922664804	1445922664849	1445922664849	OK	 
DownloadRepos	2801903063527016456-2	REQUEST		favicon-enterprise.ico Redirect 1	1445922664803	1445922664804	1445922664849	1445922664849	OK	 
DownloadRepos	2801903063527016456-2	REQUEST		5?s=40 Redirect 1	1445922664804	1445922664804	1445922664876	1445922664876	OK	 
DownloadRepos	2801903063527016456-2	REQUEST		context_button.png Redirect 1	1445922664845	1445922664845	1445922664883	1445922664883	OK	 
DownloadRepos	2801903063527016456-2	REQUEST		21?s=60 Redirect 1	1445922664849	1445922664849	1445922664905	1445922664905	OK	 
DownloadRepos	2801903063527016456-2	REQUEST		13?s=60 Redirect 1	1445922664850	1445922664850	1445922664905	1445922664905	OK	 
DownloadRepos	2801903063527016456-2	REQUEST		9?s=60 Redirect 1	1445922664848	1445922664848	1445922664909	1445922664909	OK	 
DownloadRepos	2801903063527016456-2	REQUEST		11?s=60 Redirect 1	1445922664850	1445922664851	1445922664914	1445922664914	OK	 
DownloadRepos	2801903063527016456-2	REQUEST		9?s=32 Redirect 1	1445922664877	1445922664877	1445922664920	1445922664920	OK	 
DownloadRepos	2801903063527016456-2	REQUEST		19?s=60 Redirect 1	1445922664909	1445922664910	1445922664957	1445922664957	OK	 
DownloadRepos	2801903063527016456-2	REQUEST		12?s=60 Redirect 1	1445922664884	1445922664884	1445922664957	1445922664957	OK	 
DownloadRepos	2801903063527016456-2	REQUEST		13?s=32 Redirect 1	1445922664906	1445922664906	1445922664958	1445922664958	OK	 
DownloadRepos	2801903063527016456-2	REQUEST		19?s=32 Redirect 1	1445922664915	1445922664915	1445922664970	1445922664970	OK	 
DownloadRepos	2801903063527016456-2	REQUEST		20?s=60 Redirect 1	1445922664920	1445922664920	1445922664987	1445922664987	OK	 
DownloadRepos	2801903063527016456-2	REQUEST		frameworks-808fcfcd63c9ecba3e84453f540cb1cbafde48c6b30c1d51ebd4e67e88ff66bd.js Redirect 1	1445922664971	1445922664971	1445922665010	1445922665010	OK	 
DownloadRepos	2801903063527016456-2	REQUEST		20?s=32 Redirect 1	1445922664958	1445922664958	1445922665016	1445922665016	OK	 
DownloadRepos	2801903063527016456-2	REQUEST		21?s=32 Redirect 1	1445922664959	1445922664959	1445922665019	1445922665019	OK	 
DownloadRepos	2801903063527016456-2	REQUEST		11?s=32 Redirect 1	1445922664958	1445922664958	1445922665019	1445922665019	OK	 
DownloadRepos	2801903063527016456-2	REQUEST		12?s=32 Redirect 1	1445922664906	1445922664906	1445922665019	1445922665019	OK	 
DownloadRepos	2801903063527016456-2	REQUEST		index-539752eb392ed8b1885cada19d7e07e9f836e46c3a558819256f39c3d4aa52b1.js Redirect 1	1445922664988	1445922664988	1445922665020	1445922665020	OK	 
DownloadRepos	2801903063527016456-3	USER	START	1445922665665	0
DownloadRepos	2801903063527016456-3	REQUEST		request_0	1445922665665	1445922665705	1445922665767	1445922665772	OK	 
DownloadRepos	2801903063527016456-3	REQUEST		pinned-octocat.svg	1445922665775	1445922665776	1445922665811	1445922665811	OK	 
DownloadRepos	2801903063527016456-3	REQUEST		favicon-enterprise.ico	1445922665776	1445922665816	1445922665858	1445922665858	OK	 
DownloadRepos	2801903063527016456-3	REQUEST		index-f988f47530f834135696f2bbf16666d1e7489bdb78d03b0b038def4e84bea878.css	1445922665776	1445922665817	1445922665863	1445922665980	OK	 
DownloadRepos	2801903063527016456-3	REQUEST		index-f86867c74780c6f0c4864f6426b5e688218dcd5b82896dd34f9075a6854377b5.css	1445922665776	1445922665816	1445922665859	1445922666008	OK	 
DownloadRepos	2801903063527016456-3	REQUEST		frameworks-808fcfcd63c9ecba3e84453f540cb1cbafde48c6b30c1d51ebd4e67e88ff66bd.js	1445922665777	1445922665833	1445922665874	1445922666044	OK	 
DownloadRepos	2801903063527016456-3	REQUEST		index-539752eb392ed8b1885cada19d7e07e9f836e46c3a558819256f39c3d4aa52b1.js	1445922665777	1445922665835	1445922665879	1445922666053	OK	 
DownloadRepos	2801903063527016456-2	REQUEST		request_6	1445922667027	1445922667027	1445922667096	1445922667096	OK	 
DownloadRepos	2801903063527016456-2	REQUEST		request_6 Redirect 1	1445922667098	1445922667099	1445922667154	1445922668468	OK	 
DownloadRepos	2801903063527016456-2	USER	END	1445922659666	1445922668471
DownloadRepos	2801903063527016456-3	REQUEST		request_1	1445922670066	1445922670066	1445922670240	1445922670240	OK	 
DownloadRepos	2801903063527016456-3	REQUEST		request_1 Redirect 1	1445922670242	1445922670242	1445922670344	1445922670523	OK	 
DownloadRepos	2801903063527016456-3	REQUEST		pinned-octocat.svg Redirect 1	1445922670532	1445922670532	1445922670569	1445922670569	OK	 
DownloadRepos	2801903063527016456-3	REQUEST		38?s=40 Redirect 1	1445922670533	1445922670533	1445922670572	1445922670572	OK	 
DownloadRepos	2801903063527016456-3	REQUEST		index-f988f47530f834135696f2bbf16666d1e7489bdb78d03b0b038def4e84bea878.css Redirect 1	1445922670532	1445922670532	1445922670576	1445922670576	OK	 
DownloadRepos	2801903063527016456-3	REQUEST		index-f86867c74780c6f0c4864f6426b5e688218dcd5b82896dd34f9075a6854377b5.css Redirect 1	1445922670532	1445922670532	1445922670576	1445922670576	OK	 
DownloadRepos	2801903063527016456-3	REQUEST		favicon-enterprise.ico Redirect 1	1445922670532	1445922670532	1445922670579	1445922670579	OK	 
DownloadRepos	2801903063527016456-3	REQUEST		22?s=40 Redirect 1	1445922670532	1445922670533	1445922670606	1445922670606	OK	 
DownloadRepos	2801903063527016456-3	REQUEST		9?s=60 Redirect 1	1445922670573	1445922670573	1445922670613	1445922670613	OK	 
DownloadRepos	2801903063527016456-3	REQUEST		context_button.png Redirect 1	1445922670569	1445922670570	1445922670613	1445922670613	OK	 
DownloadRepos	2801903063527016456-3	REQUEST		21?s=60 Redirect 1	1445922670576	1445922670576	1445922670627	1445922670627	OK	 
DownloadRepos	2801903063527016456-3	REQUEST		13?s=60 Redirect 1	1445922670576	1445922670577	1445922670633	1445922670633	OK	 
DownloadRepos	2801903063527016456-3	REQUEST		5?s=60 Redirect 1	1445922670579	1445922670579	1445922670635	1445922670635	OK	 
DownloadRepos	2801903063527016456-3	REQUEST		11?s=60 Redirect 1	1445922670606	1445922670607	1445922670649	1445922670649	OK	 
DownloadRepos	2801903063527016456-3	REQUEST		9?s=32 Redirect 1	1445922670614	1445922670614	1445922670653	1445922670653	OK	 
DownloadRepos	2801903063527016456-3	REQUEST		12?s=60 Redirect 1	1445922670614	1445922670614	1445922670659	1445922670660	OK	 
DownloadRepos	2801903063527016456-3	REQUEST		19?s=60 Redirect 1	1445922670635	1445922670635	1445922670680	1445922670680	OK	 
DownloadRepos	2801903063527016456-3	REQUEST		12?s=32 Redirect 1	1445922670628	1445922670629	1445922670680	1445922670680	OK	 
DownloadRepos	2801903063527016456-3	REQUEST		13?s=32 Redirect 1	1445922670634	1445922670634	1445922670685	1445922670685	OK	 
DownloadRepos	2801903063527016456-3	REQUEST		19?s=32 Redirect 1	1445922670651	1445922670652	1445922670693	1445922670693	OK	 
DownloadRepos	2801903063527016456-3	REQUEST		20?s=60 Redirect 1	1445922670654	1445922670654	1445922670706	1445922670706	OK	 
DownloadRepos	2801903063527016456-3	REQUEST		20?s=32 Redirect 1	1445922670660	1445922670660	1445922670710	1445922670710	OK	 
DownloadRepos	2801903063527016456-3	REQUEST		11?s=32 Redirect 1	1445922670681	1445922670681	1445922670724	1445922670724	OK	 
DownloadRepos	2801903063527016456-3	REQUEST		5?s=32 Redirect 1	1445922670681	1445922670681	1445922670726	1445922670726	OK	 
DownloadRepos	2801903063527016456-3	REQUEST		frameworks-808fcfcd63c9ecba3e84453f540cb1cbafde48c6b30c1d51ebd4e67e88ff66bd.js Redirect 1	1445922670694	1445922670695	1445922670732	1445922670732	OK	 
DownloadRepos	2801903063527016456-3	REQUEST		21?s=32 Redirect 1	1445922670686	1445922670686	1445922670737	1445922670737	OK	 
DownloadRepos	2801903063527016456-3	REQUEST		index-539752eb392ed8b1885cada19d7e07e9f836e46c3a558819256f39c3d4aa52b1.js Redirect 1	1445922670707	1445922670707	1445922670740	1445922670740	OK	 
DownloadRepos	2801903063527016456-4	USER	START	1445922671665	0
DownloadRepos	2801903063527016456-4	REQUEST		request_0	1445922671666	1445922671706	1445922671758	1445922671797	OK	 
DownloadRepos	2801903063527016456-4	REQUEST		pinned-octocat.svg	1445922671801	1445922671801	1445922671836	1445922671836	OK	 
DownloadRepos	2801903063527016456-4	REQUEST		favicon-enterprise.ico	1445922671801	1445922671841	1445922671881	1445922671881	OK	 
DownloadRepos	2801903063527016456-4	REQUEST		index-f988f47530f834135696f2bbf16666d1e7489bdb78d03b0b038def4e84bea878.css	1445922671801	1445922671844	1445922671889	1445922672001	OK	 
DownloadRepos	2801903063527016456-4	REQUEST		frameworks-808fcfcd63c9ecba3e84453f540cb1cbafde48c6b30c1d51ebd4e67e88ff66bd.js	1445922671801	1445922671849	1445922671895	1445922672055	OK	 
DownloadRepos	2801903063527016456-4	REQUEST		index-f86867c74780c6f0c4864f6426b5e688218dcd5b82896dd34f9075a6854377b5.css	1445922671801	1445922671847	1445922671897	1445922672072	OK	 
DownloadRepos	2801903063527016456-4	REQUEST		index-539752eb392ed8b1885cada19d7e07e9f836e46c3a558819256f39c3d4aa52b1.js	1445922671802	1445922671847	1445922671892	1445922672072	OK	 
DownloadRepos	2801903063527016456-3	REQUEST		request_6	1445922672745	1445922672746	1445922672810	1445922672810	OK	 
DownloadRepos	2801903063527016456-3	REQUEST		request_6 Redirect 1	1445922672812	1445922672813	1445922672870	1445922675103	OK	 
DownloadRepos	2801903063527016456-3	USER	END	1445922665665	1445922675105
DownloadRepos	2801903063527016456-4	REQUEST		request_1	1445922676085	1445922676086	1445922676261	1445922676261	OK	 
DownloadRepos	2801903063527016456-4	REQUEST		request_1 Redirect 1	1445922676263	1445922676263	1445922676361	1445922676501	OK	 
DownloadRepos	2801903063527016456-4	REQUEST		favicon-enterprise.ico Redirect 1	1445922676509	1445922676509	1445922676564	1445922676564	OK	 
DownloadRepos	2801903063527016456-4	REQUEST		index-f86867c74780c6f0c4864f6426b5e688218dcd5b82896dd34f9075a6854377b5.css Redirect 1	1445922676509	1445922676509	1445922676564	1445922676564	OK	 
DownloadRepos	2801903063527016456-4	REQUEST		index-f988f47530f834135696f2bbf16666d1e7489bdb78d03b0b038def4e84bea878.css Redirect 1	1445922676509	1445922676509	1445922676564	1445922676564	OK	 
DownloadRepos	2801903063527016456-4	REQUEST		pinned-octocat.svg Redirect 1	1445922676509	1445922676509	1445922676564	1445922676564	OK	 
DownloadRepos	2801903063527016456-4	REQUEST		12?s=40 Redirect 1	1445922676509	1445922676509	1445922676564	1445922676564	OK	 
DownloadRepos	2801903063527016456-4	REQUEST		38?s=40 Redirect 1	1445922676509	1445922676509	1445922676564	1445922676564	OK	 
DownloadRepos	2801903063527016456-4	REQUEST		5?s=60 Redirect 1	1445922676566	1445922676566	1445922676606	1445922676606	OK	 
DownloadRepos	2801903063527016456-4	REQUEST		context_button.png Redirect 1	1445922676565	1445922676565	1445922676609	1445922676609	OK	 
DownloadRepos	2801903063527016456-4	REQUEST		11?s=60 Redirect 1	1445922676566	1445922676566	1445922676613	1445922676613	OK	 
DownloadRepos	2801903063527016456-4	REQUEST		9?s=60 Redirect 1	1445922676565	1445922676565	1445922676616	1445922676616	OK	 
DownloadRepos	2801903063527016456-4	REQUEST		21?s=60 Redirect 1	1445922676566	1445922676566	1445922676627	1445922676627	OK	 
DownloadRepos	2801903063527016456-4	REQUEST		13?s=60 Redirect 1	1445922676566	1445922676566	1445922676650	1445922676650	OK	 
DownloadRepos	2801903063527016456-4	REQUEST		9?s=32 Redirect 1	1445922676607	1445922676607	1445922676675	1445922676675	OK	 
DownloadRepos	2801903063527016456-4	REQUEST		13?s=32 Redirect 1	1445922676610	1445922676610	1445922676675	1445922676675	OK	 
DownloadRepos	2801903063527016456-4	REQUEST		19?s=60 Redirect 1	1445922676613	1445922676613	1445922676675	1445922676675	OK	 
DownloadRepos	2801903063527016456-4	REQUEST		19?s=32 Redirect 1	1445922676616	1445922676616	1445922676706	1445922676706	OK	 
DownloadRepos	2801903063527016456-4	REQUEST		20?s=32 Redirect 1	1445922676652	1445922676653	1445922676718	1445922676718	OK	 
DownloadRepos	2801903063527016456-4	REQUEST		20?s=60 Redirect 1	1445922676627	1445922676627	1445922676718	1445922676718	OK	 
DownloadRepos	2801903063527016456-4	REQUEST		5?s=32 Redirect 1	1445922676676	1445922676676	1445922676734	1445922676734	OK	 
DownloadRepos	2801903063527016456-4	REQUEST		11?s=32 Redirect 1	1445922676675	1445922676675	1445922676742	1445922676742	OK	 
DownloadRepos	2801903063527016456-4	REQUEST		frameworks-808fcfcd63c9ecba3e84453f540cb1cbafde48c6b30c1d51ebd4e67e88ff66bd.js Redirect 1	1445922676707	1445922676707	1445922676742	1445922676742	OK	 
DownloadRepos	2801903063527016456-4	REQUEST		index-539752eb392ed8b1885cada19d7e07e9f836e46c3a558819256f39c3d4aa52b1.js Redirect 1	1445922676719	1445922676719	1445922676751	1445922676751	OK	 
DownloadRepos	2801903063527016456-4	REQUEST		21?s=32 Redirect 1	1445922676676	1445922676676	1445922676751	1445922676751	OK	 
DownloadRepos	2801903063527016456-4	REQUEST		request_6	1445922678756	1445922678756	1445922678821	1445922678821	OK	 
DownloadRepos	2801903063527016456-4	REQUEST		request_6 Redirect 1	1445922678822	1445922678822	1445922678880	1445922686322	OK	 
DownloadRepos	2801903063527016456-4	USER	END	1445922671665	1445922686323
