test_scenario_1.CommitNewFile	baseline_ts1	RUN	1445921921339	baseline test for scenario 1	2.0
CommitNewFile	6884014406538016339-0	USER	START	1445921921355	0
CommitNewFile	6884014406538016339-0	REQUEST		GET_LOGIN	1445921921376	1445921921419	1445921921474	1445921921479	OK	 
CommitNewFile	6884014406538016339-0	REQUEST		pinned-octocat.svg	1445921921575	1445921921576	1445921921615	1445921921616	OK	 
CommitNewFile	6884014406538016339-0	REQUEST		favicon-enterprise.ico	1445921921576	1445921921630	1445921921678	1445921921678	OK	 
CommitNewFile	6884014406538016339-0	REQUEST		index-f988f47530f834135696f2bbf16666d1e7489bdb78d03b0b038def4e84bea878.css	1445921921576	1445921921632	1445921921680	1445921921872	OK	 
CommitNewFile	6884014406538016339-0	REQUEST		index-f86867c74780c6f0c4864f6426b5e688218dcd5b82896dd34f9075a6854377b5.css	1445921921577	1445921921632	1445921921686	1445921921909	OK	 
CommitNewFile	6884014406538016339-0	REQUEST		frameworks-808fcfcd63c9ecba3e84453f540cb1cbafde48c6b30c1d51ebd4e67e88ff66bd.js	1445921921577	1445921921630	1445921921678	1445921921928	OK	 
CommitNewFile	6884014406538016339-0	REQUEST		index-539752eb392ed8b1885cada19d7e07e9f836e46c3a558819256f39c3d4aa52b1.js	1445921921577	1445921921632	1445921921686	1445921921963	OK	 
CommitNewFile	6884014406538016339-0	REQUEST		POST_SESSION	1445921921968	1445921921969	1445921922132	1445921922132	OK	 
CommitNewFile	6884014406538016339-0	REQUEST		POST_SESSION Redirect 1	1445921922135	1445921922136	1445921922663	1445921922736	OK	 
CommitNewFile	6884014406538016339-0	REQUEST		pinned-octocat.svg Redirect 1	1445921922754	1445921922755	1445921922787	1445921922787	OK	 
CommitNewFile	6884014406538016339-0	REQUEST		index-f988f47530f834135696f2bbf16666d1e7489bdb78d03b0b038def4e84bea878.css Redirect 1	1445921922755	1445921922757	1445921922794	1445921922794	OK	 
CommitNewFile	6884014406538016339-0	REQUEST		index-f86867c74780c6f0c4864f6426b5e688218dcd5b82896dd34f9075a6854377b5.css Redirect 1	1445921922756	1445921922757	1445921922794	1445921922794	OK	 
CommitNewFile	6884014406538016339-0	REQUEST		favicon-enterprise.ico Redirect 1	1445921922754	1445921922755	1445921922794	1445921922794	OK	 
CommitNewFile	6884014406538016339-0	REQUEST		38?s=40 Redirect 1	1445921922757	1445921922757	1445921922802	1445921922802	OK	 
CommitNewFile	6884014406538016339-0	REQUEST		context_button.png Redirect 1	1445921922788	1445921922789	1445921922826	1445921922826	OK	 
CommitNewFile	6884014406538016339-0	REQUEST		12?s=40 Redirect 1	1445921922756	1445921922757	1445921922828	1445921922828	OK	 
CommitNewFile	6884014406538016339-0	REQUEST		20?s=32 Redirect 1	1445921922796	1445921922796	1445921922835	1445921922835	OK	 
CommitNewFile	6884014406538016339-0	REQUEST		20?s=60 Redirect 1	1445921922795	1445921922795	1445921922839	1445921922839	OK	 
CommitNewFile	6884014406538016339-0	REQUEST		11?s=60 Redirect 1	1445921922804	1445921922804	1445921922847	1445921922847	OK	 
CommitNewFile	6884014406538016339-0	REQUEST		5?s=60 Redirect 1	1445921922829	1445921922829	1445921922886	1445921922886	OK	 
CommitNewFile	6884014406538016339-0	REQUEST		13?s=60 Redirect 1	1445921922795	1445921922795	1445921922887	1445921922887	OK	 
CommitNewFile	6884014406538016339-0	REQUEST		11?s=32 Redirect 1	1445921922827	1445921922828	1445921922889	1445921922889	OK	 
CommitNewFile	6884014406538016339-0	REQUEST		5?s=32 Redirect 1	1445921922836	1445921922836	1445921922893	1445921922893	OK	 
CommitNewFile	6884014406538016339-0	REQUEST		21?s=32 Redirect 1	1445921922847	1445921922848	1445921922895	1445921922895	OK	 
CommitNewFile	6884014406538016339-0	REQUEST		21?s=60 Redirect 1	1445921922840	1445921922840	1445921922908	1445921922908	OK	 
CommitNewFile	6884014406538016339-0	REQUEST		9?s=60 Redirect 1	1445921922887	1445921922887	1445921922929	1445921922929	OK	 
CommitNewFile	6884014406538016339-0	REQUEST		7?s=60 Redirect 1	1445921922890	1445921922890	1445921922930	1445921922930	OK	 
CommitNewFile	6884014406538016339-0	REQUEST		9?s=32 Redirect 1	1445921922888	1445921922888	1445921922935	1445921922935	OK	 
CommitNewFile	6884014406538016339-0	REQUEST		7?s=32 Redirect 1	1445921922895	1445921922895	1445921922945	1445921922945	OK	 
CommitNewFile	6884014406538016339-0	REQUEST		4?s=60 Redirect 1	1445921922896	1445921922896	1445921922952	1445921922952	OK	 
CommitNewFile	6884014406538016339-0	REQUEST		4?s=32 Redirect 1	1445921922909	1445921922909	1445921922957	1445921922957	OK	 
CommitNewFile	6884014406538016339-0	REQUEST		frameworks-808fcfcd63c9ecba3e84453f540cb1cbafde48c6b30c1d51ebd4e67e88ff66bd.js Redirect 1	1445921922930	1445921922930	1445921922981	1445921922981	OK	 
CommitNewFile	6884014406538016339-0	REQUEST		index-539752eb392ed8b1885cada19d7e07e9f836e46c3a558819256f39c3d4aa52b1.js Redirect 1	1445921922931	1445921922931	1445921922981	1445921922981	OK	 
CommitNewFile	6884014406538016339-0	REQUEST		GET_DOCKER	1445921922983	1445921922983	1445921923160	1445921923318	OK	 
CommitNewFile	6884014406538016339-0	REQUEST		favicon-enterprise.ico	1445921923834	1445921923834	1445921923872	1445921923872	OK	 
CommitNewFile	6884014406538016339-0	REQUEST		pinned-octocat.svg	1445921923833	1445921923834	1445921923872	1445921923872	OK	 
CommitNewFile	6884014406538016339-0	REQUEST		index-f988f47530f834135696f2bbf16666d1e7489bdb78d03b0b038def4e84bea878.css	1445921923834	1445921923835	1445921923872	1445921923872	OK	 
CommitNewFile	6884014406538016339-0	REQUEST		octocat-spinner-128-338974454bb5c32803e82f601beb051d373744b024fe8742a76009700fd7e033.gif	1445921923835	1445921923835	1445921923872	1445921923877	OK	 
CommitNewFile	6884014406538016339-0	REQUEST		index-f86867c74780c6f0c4864f6426b5e688218dcd5b82896dd34f9075a6854377b5.css	1445921923835	1445921923835	1445921923877	1445921923877	OK	 
CommitNewFile	6884014406538016339-0	REQUEST		octocat-spinner-32-e513294efa576953719e4e2de888dd9cf929b7d62ed8d05f25e731d02452ab6c.gif	1445921923835	1445921923835	1445921923877	1445921923877	OK	 
CommitNewFile	6884014406538016339-0	REQUEST		frameworks-808fcfcd63c9ecba3e84453f540cb1cbafde48c6b30c1d51ebd4e67e88ff66bd.js	1445921923873	1445921923874	1445921923909	1445921923909	OK	 
CommitNewFile	6884014406538016339-0	REQUEST		index-539752eb392ed8b1885cada19d7e07e9f836e46c3a558819256f39c3d4aa52b1.js	1445921923874	1445921923874	1445921923909	1445921923909	OK	 
CommitNewFile	6884014406538016339-0	REQUEST		octocat-spinner-32-EAF2F5-0bdc57d34b85c4a4de9d0d1db10cd70e8a95f33ff4f46c5a8c48b4bf4e5a9abe.gif	1445921923835	1445921923878	1445921923922	1445921923922	OK	 
CommitNewFile	6884014406538016339-0	REQUEST		docker-logo-compressed.png	1445921923873	1445921923873	1445921923965	1445921923965	OK	 
CommitNewFile	6884014406538016339-0	REQUEST		request_3	1445921923878	1445921923878	1445921923969	1445921923969	OK	 
CommitNewFile	6884014406538016339-0	REQUEST		docker-logo-compressed.png Redirect 1	1445921923967	1445921923967	1445921924022	1445921924022	OK	 
CommitNewFile	6884014406538016339-0	REQUEST		docker?status.svg	1445921923831	1445921924099	1445921924155	1445921924155	OK	 
CommitNewFile	6884014406538016339-1	USER	START	1445921927371	0
CommitNewFile	6884014406538016339-1	REQUEST		GET_LOGIN	1445921927372	1445921927409	1445921927463	1445921927467	OK	 
CommitNewFile	6884014406538016339-1	REQUEST		pinned-octocat.svg	1445921927472	1445921927472	1445921927507	1445921927507	OK	 
CommitNewFile	6884014406538016339-1	REQUEST		favicon-enterprise.ico	1445921927472	1445921927513	1445921927561	1445921927561	OK	 
CommitNewFile	6884014406538016339-1	REQUEST		index-f988f47530f834135696f2bbf16666d1e7489bdb78d03b0b038def4e84bea878.css	1445921927473	1445921927515	1445921927562	1445921927752	OK	 
CommitNewFile	6884014406538016339-1	REQUEST		index-f86867c74780c6f0c4864f6426b5e688218dcd5b82896dd34f9075a6854377b5.css	1445921927473	1445921927515	1445921927561	1445921927837	OK	 
CommitNewFile	6884014406538016339-1	REQUEST		index-539752eb392ed8b1885cada19d7e07e9f836e46c3a558819256f39c3d4aa52b1.js	1445921927473	1445921927520	1445921927570	1445921927868	OK	 
CommitNewFile	6884014406538016339-1	REQUEST		frameworks-808fcfcd63c9ecba3e84453f540cb1cbafde48c6b30c1d51ebd4e67e88ff66bd.js	1445921927473	1445921927516	1445921927567	1445921927871	OK	 
CommitNewFile	6884014406538016339-1	REQUEST		POST_SESSION	1445921927872	1445921927873	1445921928043	1445921928044	OK	 
CommitNewFile	6884014406538016339-1	REQUEST		POST_SESSION Redirect 1	1445921928045	1445921928045	1445921928359	1445921928426	OK	 
CommitNewFile	6884014406538016339-1	REQUEST		pinned-octocat.svg Redirect 1	1445921928436	1445921928436	1445921928471	1445921928471	OK	 
CommitNewFile	6884014406538016339-1	REQUEST		favicon-enterprise.ico Redirect 1	1445921928436	1445921928436	1445921928471	1445921928471	OK	 
CommitNewFile	6884014406538016339-1	REQUEST		index-f988f47530f834135696f2bbf16666d1e7489bdb78d03b0b038def4e84bea878.css Redirect 1	1445921928436	1445921928436	1445921928471	1445921928471	OK	 
CommitNewFile	6884014406538016339-1	REQUEST		index-f86867c74780c6f0c4864f6426b5e688218dcd5b82896dd34f9075a6854377b5.css Redirect 1	1445921928436	1445921928437	1445921928471	1445921928471	OK	 
CommitNewFile	6884014406538016339-1	REQUEST		38?s=40 Redirect 1	1445921928437	1445921928437	1445921928487	1445921928487	OK	 
CommitNewFile	6884014406538016339-1	REQUEST		context_button.png Redirect 1	1445921928472	1445921928472	1445921928512	1445921928512	OK	 
CommitNewFile	6884014406538016339-1	REQUEST		19?s=40 Redirect 1	1445921928437	1445921928437	1445921928512	1445921928512	OK	 
CommitNewFile	6884014406538016339-1	REQUEST		20?s=60 Redirect 1	1445921928473	1445921928473	1445921928514	1445921928514	OK	 
CommitNewFile	6884014406538016339-1	REQUEST		20?s=32 Redirect 1	1445921928473	1445921928474	1445921928520	1445921928520	OK	 
CommitNewFile	6884014406538016339-1	REQUEST		13?s=60 Redirect 1	1445921928473	1445921928473	1445921928522	1445921928522	OK	 
CommitNewFile	6884014406538016339-1	REQUEST		11?s=60 Redirect 1	1445921928488	1445921928489	1445921928531	1445921928531	OK	 
CommitNewFile	6884014406538016339-1	REQUEST		5?s=60 Redirect 1	1445921928513	1445921928513	1445921928555	1445921928555	OK	 
CommitNewFile	6884014406538016339-1	REQUEST		11?s=32 Redirect 1	1445921928512	1445921928513	1445921928555	1445921928555	OK	 
CommitNewFile	6884014406538016339-1	REQUEST		21?s=60 Redirect 1	1445921928520	1445921928520	1445921928568	1445921928568	OK	 
CommitNewFile	6884014406538016339-1	REQUEST		21?s=32 Redirect 1	1445921928522	1445921928522	1445921928570	1445921928570	OK	 
CommitNewFile	6884014406538016339-1	REQUEST		5?s=32 Redirect 1	1445921928515	1445921928515	1445921928570	1445921928570	OK	 
CommitNewFile	6884014406538016339-1	REQUEST		12?s=60 Redirect 1	1445921928532	1445921928532	1445921928587	1445921928587	OK	 
CommitNewFile	6884014406538016339-1	REQUEST		12?s=32 Redirect 1	1445921928556	1445921928556	1445921928597	1445921928597	OK	 
CommitNewFile	6884014406538016339-1	REQUEST		9?s=60 Redirect 1	1445921928556	1445921928556	1445921928598	1445921928598	OK	 
CommitNewFile	6884014406538016339-1	REQUEST		7?s=32 Redirect 1	1445921928571	1445921928571	1445921928615	1445921928615	OK	 
CommitNewFile	6884014406538016339-1	REQUEST		7?s=60 Redirect 1	1445921928571	1445921928571	1445921928615	1445921928615	OK	 
CommitNewFile	6884014406538016339-1	REQUEST		9?s=32 Redirect 1	1445921928570	1445921928570	1445921928621	1445921928621	OK	 
CommitNewFile	6884014406538016339-1	REQUEST		4?s=60 Redirect 1	1445921928588	1445921928588	1445921928629	1445921928629	OK	 
CommitNewFile	6884014406538016339-1	REQUEST		frameworks-808fcfcd63c9ecba3e84453f540cb1cbafde48c6b30c1d51ebd4e67e88ff66bd.js Redirect 1	1445921928599	1445921928599	1445921928634	1445921928634	OK	 
CommitNewFile	6884014406538016339-1	REQUEST		4?s=32 Redirect 1	1445921928598	1445921928598	1445921928638	1445921928638	OK	 
CommitNewFile	6884014406538016339-1	REQUEST		index-539752eb392ed8b1885cada19d7e07e9f836e46c3a558819256f39c3d4aa52b1.js Redirect 1	1445921928616	1445921928616	1445921928653	1445921928653	OK	 
CommitNewFile	6884014406538016339-1	REQUEST		GET_DOCKER	1445921928654	1445921928655	1445921928797	1445921928977	OK	 
CommitNewFile	6884014406538016339-1	REQUEST		pinned-octocat.svg	1445921929046	1445921929046	1445921929083	1445921929083	OK	 
CommitNewFile	6884014406538016339-1	REQUEST		index-f86867c74780c6f0c4864f6426b5e688218dcd5b82896dd34f9075a6854377b5.css	1445921929046	1445921929046	1445921929083	1445921929083	OK	 
CommitNewFile	6884014406538016339-1	REQUEST		index-f988f47530f834135696f2bbf16666d1e7489bdb78d03b0b038def4e84bea878.css	1445921929046	1445921929046	1445921929083	1445921929083	OK	 
CommitNewFile	6884014406538016339-1	REQUEST		favicon-enterprise.ico	1445921929046	1445921929046	1445921929083	1445921929083	OK	 
CommitNewFile	6884014406538016339-1	REQUEST		octocat-spinner-32-e513294efa576953719e4e2de888dd9cf929b7d62ed8d05f25e731d02452ab6c.gif	1445921929047	1445921929047	1445921929085	1445921929085	OK	 
CommitNewFile	6884014406538016339-1	REQUEST		octocat-spinner-128-338974454bb5c32803e82f601beb051d373744b024fe8742a76009700fd7e033.gif	1445921929046	1445921929047	1445921929085	1445921929088	OK	 
CommitNewFile	6884014406538016339-1	REQUEST		frameworks-808fcfcd63c9ecba3e84453f540cb1cbafde48c6b30c1d51ebd4e67e88ff66bd.js	1445921929084	1445921929084	1445921929129	1445921929129	OK	 
CommitNewFile	6884014406538016339-1	REQUEST		index-539752eb392ed8b1885cada19d7e07e9f836e46c3a558819256f39c3d4aa52b1.js	1445921929085	1445921929085	1445921929129	1445921929129	OK	 
CommitNewFile	6884014406538016339-1	REQUEST		octocat-spinner-32-EAF2F5-0bdc57d34b85c4a4de9d0d1db10cd70e8a95f33ff4f46c5a8c48b4bf4e5a9abe.gif	1445921929047	1445921929090	1445921929145	1445921929145	OK	 
CommitNewFile	6884014406538016339-1	REQUEST		request_3	1445921929085	1445921929085	1445921929184	1445921929184	OK	 
CommitNewFile	6884014406538016339-1	REQUEST		docker-logo-compressed.png	1445921929084	1445921929084	1445921929187	1445921929187	OK	 
CommitNewFile	6884014406538016339-1	REQUEST		docker-logo-compressed.png Redirect 1	1445921929191	1445921929191	1445921929248	1445921929248	OK	 
CommitNewFile	6884014406538016339-1	REQUEST		docker?status.svg	1445921929044	1445921929354	1445921929410	1445921929410	OK	 
CommitNewFile	6884014406538016339-2	USER	START	1445921933371	0
CommitNewFile	6884014406538016339-2	REQUEST		GET_LOGIN	1445921933371	1445921933411	1445921933479	1445921933483	OK	 
CommitNewFile	6884014406538016339-2	REQUEST		pinned-octocat.svg	1445921933486	1445921933487	1445921933527	1445921933528	OK	 
CommitNewFile	6884014406538016339-2	REQUEST		favicon-enterprise.ico	1445921933487	1445921933528	1445921933569	1445921933569	OK	 
CommitNewFile	6884014406538016339-2	REQUEST		index-f988f47530f834135696f2bbf16666d1e7489bdb78d03b0b038def4e84bea878.css	1445921933487	1445921933533	1445921933587	1445921933782	OK	 
CommitNewFile	6884014406538016339-2	REQUEST		index-f86867c74780c6f0c4864f6426b5e688218dcd5b82896dd34f9075a6854377b5.css	1445921933487	1445921933533	1445921933587	1445921933824	OK	 
CommitNewFile	6884014406538016339-2	REQUEST		frameworks-808fcfcd63c9ecba3e84453f540cb1cbafde48c6b30c1d51ebd4e67e88ff66bd.js	1445921933487	1445921933530	1445921933577	1445921933853	OK	 
CommitNewFile	6884014406538016339-2	REQUEST		index-539752eb392ed8b1885cada19d7e07e9f836e46c3a558819256f39c3d4aa52b1.js	1445921933487	1445921933530	1445921933574	1445921933869	OK	 
CommitNewFile	6884014406538016339-2	REQUEST		POST_SESSION	1445921933871	1445921933871	1445921934039	1445921934039	OK	 
CommitNewFile	6884014406538016339-2	REQUEST		POST_SESSION Redirect 1	1445921934040	1445921934040	1445921934143	1445921934218	OK	 
CommitNewFile	6884014406538016339-2	REQUEST		favicon-enterprise.ico Redirect 1	1445921934223	1445921934224	1445921934267	1445921934267	OK	 
CommitNewFile	6884014406538016339-2	REQUEST		index-f86867c74780c6f0c4864f6426b5e688218dcd5b82896dd34f9075a6854377b5.css Redirect 1	1445921934224	1445921934224	1445921934267	1445921934267	OK	 
CommitNewFile	6884014406538016339-2	REQUEST		index-f988f47530f834135696f2bbf16666d1e7489bdb78d03b0b038def4e84bea878.css Redirect 1	1445921934224	1445921934224	1445921934267	1445921934267	OK	 
CommitNewFile	6884014406538016339-2	REQUEST		pinned-octocat.svg Redirect 1	1445921934223	1445921934223	1445921934267	1445921934267	OK	 
CommitNewFile	6884014406538016339-2	REQUEST		38?s=40 Redirect 1	1445921934224	1445921934224	1445921934275	1445921934275	OK	 
CommitNewFile	6884014406538016339-2	REQUEST		13?s=40 Redirect 1	1445921934224	1445921934224	1445921934275	1445921934275	OK	 
CommitNewFile	6884014406538016339-2	REQUEST		context_button.png Redirect 1	1445921934268	1445921934268	1445921934307	1445921934307	OK	 
CommitNewFile	6884014406538016339-2	REQUEST		11?s=60 Redirect 1	1445921934269	1445921934269	1445921934315	1445921934315	OK	 
CommitNewFile	6884014406538016339-2	REQUEST		20?s=32 Redirect 1	1445921934268	1445921934269	1445921934315	1445921934315	OK	 
CommitNewFile	6884014406538016339-2	REQUEST		11?s=32 Redirect 1	1445921934276	1445921934276	1445921934323	1445921934323	OK	 
CommitNewFile	6884014406538016339-2	REQUEST		20?s=60 Redirect 1	1445921934268	1445921934268	1445921934325	1445921934325	OK	 
CommitNewFile	6884014406538016339-2	REQUEST		5?s=60 Redirect 1	1445921934276	1445921934277	1445921934337	1445921934337	OK	 
CommitNewFile	6884014406538016339-2	REQUEST		5?s=32 Redirect 1	1445921934308	1445921934308	1445921934349	1445921934349	OK	 
CommitNewFile	6884014406538016339-2	REQUEST		21?s=32 Redirect 1	1445921934316	1445921934317	1445921934358	1445921934358	OK	 
CommitNewFile	6884014406538016339-2	REQUEST		21?s=60 Redirect 1	1445921934316	1445921934316	1445921934360	1445921934360	OK	 
CommitNewFile	6884014406538016339-2	REQUEST		12?s=32 Redirect 1	1445921934325	1445921934326	1445921934370	1445921934370	OK	 
CommitNewFile	6884014406538016339-2	REQUEST		12?s=60 Redirect 1	1445921934325	1445921934325	1445921934381	1445921934381	OK	 
CommitNewFile	6884014406538016339-2	REQUEST		9?s=60 Redirect 1	1445921934338	1445921934338	1445921934383	1445921934383	OK	 
CommitNewFile	6884014406538016339-2	REQUEST		9?s=32 Redirect 1	1445921934350	1445921934350	1445921934392	1445921934392	OK	 
CommitNewFile	6884014406538016339-2	REQUEST		7?s=60 Redirect 1	1445921934359	1445921934359	1445921934397	1445921934397	OK	 
CommitNewFile	6884014406538016339-2	REQUEST		7?s=32 Redirect 1	1445921934360	1445921934360	1445921934405	1445921934405	OK	 
CommitNewFile	6884014406538016339-2	REQUEST		4?s=60 Redirect 1	1445921934370	1445921934371	1445921934409	1445921934409	OK	 
CommitNewFile	6884014406538016339-2	REQUEST		4?s=32 Redirect 1	1445921934382	1445921934382	1445921934424	1445921934424	OK	 
CommitNewFile	6884014406538016339-2	REQUEST		8?s=60 Redirect 1	1445921934383	1445921934383	1445921934427	1445921934427	OK	 
CommitNewFile	6884014406538016339-2	REQUEST		frameworks-808fcfcd63c9ecba3e84453f540cb1cbafde48c6b30c1d51ebd4e67e88ff66bd.js Redirect 1	1445921934397	1445921934398	1445921934430	1445921934430	OK	 
CommitNewFile	6884014406538016339-2	REQUEST		8?s=32 Redirect 1	1445921934393	1445921934393	1445921934435	1445921934435	OK	 
CommitNewFile	6884014406538016339-2	REQUEST		index-539752eb392ed8b1885cada19d7e07e9f836e46c3a558819256f39c3d4aa52b1.js Redirect 1	1445921934406	1445921934406	1445921934445	1445921934445	OK	 
CommitNewFile	6884014406538016339-2	REQUEST		GET_DOCKER	1445921934446	1445921934446	1445921934592	1445921934742	OK	 
CommitNewFile	6884014406538016339-2	REQUEST		pinned-octocat.svg	1445921934835	1445921934835	1445921934868	1445921934868	OK	 
CommitNewFile	6884014406538016339-2	REQUEST		favicon-enterprise.ico	1445921934835	1445921934835	1445921934868	1445921934868	OK	 
CommitNewFile	6884014406538016339-2	REQUEST		index-f988f47530f834135696f2bbf16666d1e7489bdb78d03b0b038def4e84bea878.css	1445921934835	1445921934835	1445921934874	1445921934874	OK	 
CommitNewFile	6884014406538016339-2	REQUEST		octocat-spinner-128-338974454bb5c32803e82f601beb051d373744b024fe8742a76009700fd7e033.gif	1445921934835	1445921934836	1445921934874	1445921934880	OK	 
CommitNewFile	6884014406538016339-2	REQUEST		index-f86867c74780c6f0c4864f6426b5e688218dcd5b82896dd34f9075a6854377b5.css	1445921934835	1445921934835	1445921934880	1445921934880	OK	 
CommitNewFile	6884014406538016339-2	REQUEST		octocat-spinner-32-e513294efa576953719e4e2de888dd9cf929b7d62ed8d05f25e731d02452ab6c.gif	1445921934836	1445921934836	1445921934880	1445921934880	OK	 
CommitNewFile	6884014406538016339-2	REQUEST		frameworks-808fcfcd63c9ecba3e84453f540cb1cbafde48c6b30c1d51ebd4e67e88ff66bd.js	1445921934869	1445921934869	1445921934907	1445921934907	OK	 
CommitNewFile	6884014406538016339-2	REQUEST		index-539752eb392ed8b1885cada19d7e07e9f836e46c3a558819256f39c3d4aa52b1.js	1445921934875	1445921934875	1445921934912	1445921934912	OK	 
CommitNewFile	6884014406538016339-2	REQUEST		octocat-spinner-32-EAF2F5-0bdc57d34b85c4a4de9d0d1db10cd70e8a95f33ff4f46c5a8c48b4bf4e5a9abe.gif	1445921934836	1445921934881	1445921934922	1445921934922	OK	 
CommitNewFile	6884014406538016339-2	REQUEST		docker-logo-compressed.png	1445921934869	1445921934869	1445921934966	1445921934966	OK	 
CommitNewFile	6884014406538016339-2	REQUEST		request_3	1445921934881	1445921934881	1445921934973	1445921934973	OK	 
CommitNewFile	6884014406538016339-2	REQUEST		docker-logo-compressed.png Redirect 1	1445921934967	1445921934967	1445921935021	1445921935021	OK	 
CommitNewFile	6884014406538016339-2	REQUEST		docker?status.svg	1445921934834	1445921935091	1445921935147	1445921935147	OK	 
CommitNewFile	6884014406538016339-3	USER	START	1445921939380	0
CommitNewFile	6884014406538016339-3	REQUEST		GET_LOGIN	1445921939381	1445921939419	1445921939474	1445921939482	OK	 
CommitNewFile	6884014406538016339-3	REQUEST		pinned-octocat.svg	1445921939485	1445921939485	1445921939522	1445921939522	OK	 
CommitNewFile	6884014406538016339-3	REQUEST		favicon-enterprise.ico	1445921939485	1445921939526	1445921939576	1445921939576	OK	 
CommitNewFile	6884014406538016339-3	REQUEST		index-f988f47530f834135696f2bbf16666d1e7489bdb78d03b0b038def4e84bea878.css	1445921939485	1445921939524	1445921939569	1445921939751	OK	 
CommitNewFile	6884014406538016339-3	REQUEST		index-f86867c74780c6f0c4864f6426b5e688218dcd5b82896dd34f9075a6854377b5.css	1445921939486	1445921939524	1445921939569	1445921939806	OK	 
CommitNewFile	6884014406538016339-3	REQUEST		frameworks-808fcfcd63c9ecba3e84453f540cb1cbafde48c6b30c1d51ebd4e67e88ff66bd.js	1445921939486	1445921939526	1445921939574	1445921939865	OK	 
CommitNewFile	6884014406538016339-3	REQUEST		index-539752eb392ed8b1885cada19d7e07e9f836e46c3a558819256f39c3d4aa52b1.js	1445921939486	1445921939529	1445921939572	1445921939869	OK	 
CommitNewFile	6884014406538016339-3	REQUEST		POST_SESSION	1445921939870	1445921939870	1445921940037	1445921940037	OK	 
CommitNewFile	6884014406538016339-3	REQUEST		POST_SESSION Redirect 1	1445921940038	1445921940038	1445921940124	1445921940199	OK	 
CommitNewFile	6884014406538016339-3	REQUEST		index-f988f47530f834135696f2bbf16666d1e7489bdb78d03b0b038def4e84bea878.css Redirect 1	1445921940206	1445921940207	1445921940241	1445921940241	OK	 
CommitNewFile	6884014406538016339-3	REQUEST		favicon-enterprise.ico Redirect 1	1445921940206	1445921940206	1445921940241	1445921940241	OK	 
CommitNewFile	6884014406538016339-3	REQUEST		pinned-octocat.svg Redirect 1	1445921940206	1445921940206	1445921940241	1445921940241	OK	 
CommitNewFile	6884014406538016339-3	REQUEST		index-f86867c74780c6f0c4864f6426b5e688218dcd5b82896dd34f9075a6854377b5.css Redirect 1	1445921940207	1445921940207	1445921940246	1445921940246	OK	 
CommitNewFile	6884014406538016339-3	REQUEST		12?s=40 Redirect 1	1445921940207	1445921940207	1445921940252	1445921940252	OK	 
CommitNewFile	6884014406538016339-3	REQUEST		38?s=40 Redirect 1	1445921940207	1445921940207	1445921940254	1445921940254	OK	 
CommitNewFile	6884014406538016339-3	REQUEST		context_button.png Redirect 1	1445921940241	1445921940241	1445921940275	1445921940275	OK	 
CommitNewFile	6884014406538016339-3	REQUEST		20?s=60 Redirect 1	1445921940242	1445921940242	1445921940289	1445921940289	OK	 
CommitNewFile	6884014406538016339-3	REQUEST		13?s=60 Redirect 1	1445921940241	1445921940242	1445921940289	1445921940289	OK	 
CommitNewFile	6884014406538016339-3	REQUEST		20?s=32 Redirect 1	1445921940247	1445921940247	1445921940295	1445921940295	OK	 
CommitNewFile	6884014406538016339-3	REQUEST		11?s=60 Redirect 1	1445921940252	1445921940252	1445921940300	1445921940300	OK	 
CommitNewFile	6884014406538016339-3	REQUEST		11?s=32 Redirect 1	1445921940254	1445921940255	1445921940309	1445921940309	OK	 
CommitNewFile	6884014406538016339-3	REQUEST		5?s=60 Redirect 1	1445921940276	1445921940276	1445921940318	1445921940318	OK	 
CommitNewFile	6884014406538016339-3	REQUEST		5?s=32 Redirect 1	1445921940290	1445921940290	1445921940325	1445921940325	OK	 
CommitNewFile	6884014406538016339-3	REQUEST		21?s=60 Redirect 1	1445921940290	1445921940290	1445921940333	1445921940333	OK	 
CommitNewFile	6884014406538016339-3	REQUEST		21?s=32 Redirect 1	1445921940296	1445921940296	1445921940339	1445921940339	OK	 
CommitNewFile	6884014406538016339-3	REQUEST		9?s=60 Redirect 1	1445921940301	1445921940301	1445921940342	1445921940342	OK	 
CommitNewFile	6884014406538016339-3	REQUEST		9?s=32 Redirect 1	1445921940309	1445921940309	1445921940349	1445921940349	OK	 
CommitNewFile	6884014406538016339-3	REQUEST		7?s=60 Redirect 1	1445921940318	1445921940319	1445921940359	1445921940359	OK	 
CommitNewFile	6884014406538016339-3	REQUEST		7?s=32 Redirect 1	1445921940326	1445921940326	1445921940368	1445921940368	OK	 
CommitNewFile	6884014406538016339-3	REQUEST		4?s=60 Redirect 1	1445921940333	1445921940333	1445921940372	1445921940372	OK	 
CommitNewFile	6884014406538016339-3	REQUEST		frameworks-808fcfcd63c9ecba3e84453f540cb1cbafde48c6b30c1d51ebd4e67e88ff66bd.js Redirect 1	1445921940343	1445921940343	1445921940382	1445921940382	OK	 
CommitNewFile	6884014406538016339-3	REQUEST		4?s=32 Redirect 1	1445921940339	1445921940340	1445921940382	1445921940382	OK	 
CommitNewFile	6884014406538016339-3	REQUEST		index-539752eb392ed8b1885cada19d7e07e9f836e46c3a558819256f39c3d4aa52b1.js Redirect 1	1445921940350	1445921940350	1445921940386	1445921940386	OK	 
CommitNewFile	6884014406538016339-3	REQUEST		GET_DOCKER	1445921940387	1445921940387	1445921940530	1445921940690	OK	 
CommitNewFile	6884014406538016339-3	REQUEST		favicon-enterprise.ico	1445921940745	1445921940745	1445921940780	1445921940780	OK	 
CommitNewFile	6884014406538016339-3	REQUEST		pinned-octocat.svg	1445921940745	1445921940745	1445921940780	1445921940780	OK	 
CommitNewFile	6884014406538016339-3	REQUEST		index-f86867c74780c6f0c4864f6426b5e688218dcd5b82896dd34f9075a6854377b5.css	1445921940745	1445921940746	1445921940785	1445921940785	OK	 
CommitNewFile	6884014406538016339-3	REQUEST		index-f988f47530f834135696f2bbf16666d1e7489bdb78d03b0b038def4e84bea878.css	1445921940745	1445921940745	1445921940785	1445921940785	OK	 
CommitNewFile	6884014406538016339-3	REQUEST		octocat-spinner-32-e513294efa576953719e4e2de888dd9cf929b7d62ed8d05f25e731d02452ab6c.gif	1445921940746	1445921940746	1445921940787	1445921940787	OK	 
CommitNewFile	6884014406538016339-3	REQUEST		octocat-spinner-128-338974454bb5c32803e82f601beb051d373744b024fe8742a76009700fd7e033.gif	1445921940746	1445921940746	1445921940787	1445921940789	OK	 
CommitNewFile	6884014406538016339-3	REQUEST		frameworks-808fcfcd63c9ecba3e84453f540cb1cbafde48c6b30c1d51ebd4e67e88ff66bd.js	1445921940781	1445921940781	1445921940819	1445921940819	OK	 
CommitNewFile	6884014406538016339-3	REQUEST		index-539752eb392ed8b1885cada19d7e07e9f836e46c3a558819256f39c3d4aa52b1.js	1445921940786	1445921940786	1445921940827	1445921940827	OK	 
CommitNewFile	6884014406538016339-3	REQUEST		octocat-spinner-32-EAF2F5-0bdc57d34b85c4a4de9d0d1db10cd70e8a95f33ff4f46c5a8c48b4bf4e5a9abe.gif	1445921940746	1445921940791	1445921940835	1445921940835	OK	 
CommitNewFile	6884014406538016339-3	REQUEST		docker-logo-compressed.png	1445921940781	1445921940781	1445921940868	1445921940869	OK	 
CommitNewFile	6884014406538016339-3	REQUEST		request_3	1445921940786	1445921940786	1445921940877	1445921940877	OK	 
CommitNewFile	6884014406538016339-3	REQUEST		docker-logo-compressed.png Redirect 1	1445921940869	1445921940870	1445921940922	1445921940922	OK	 
CommitNewFile	6884014406538016339-3	REQUEST		docker?status.svg	1445921940744	1445921941019	1445921941074	1445921941074	OK	 
CommitNewFile	6884014406538016339-4	USER	START	1445921945381	0
CommitNewFile	6884014406538016339-4	REQUEST		GET_LOGIN	1445921945381	1445921945426	1445921945477	1445921945482	OK	 
CommitNewFile	6884014406538016339-4	REQUEST		pinned-octocat.svg	1445921945485	1445921945485	1445921945521	1445921945521	OK	 
CommitNewFile	6884014406538016339-4	REQUEST		favicon-enterprise.ico	1445921945485	1445921945527	1445921945578	1445921945578	OK	 
CommitNewFile	6884014406538016339-4	REQUEST		index-f988f47530f834135696f2bbf16666d1e7489bdb78d03b0b038def4e84bea878.css	1445921945485	1445921945532	1445921945578	1445921945776	OK	 
CommitNewFile	6884014406538016339-4	REQUEST		index-f86867c74780c6f0c4864f6426b5e688218dcd5b82896dd34f9075a6854377b5.css	1445921945485	1445921945529	1445921945578	1445921945814	OK	 
CommitNewFile	6884014406538016339-4	REQUEST		frameworks-808fcfcd63c9ecba3e84453f540cb1cbafde48c6b30c1d51ebd4e67e88ff66bd.js	1445921945486	1445921945532	1445921945586	1445921945875	OK	 
CommitNewFile	6884014406538016339-4	REQUEST		index-539752eb392ed8b1885cada19d7e07e9f836e46c3a558819256f39c3d4aa52b1.js	1445921945486	1445921945529	1445921945582	1445921945886	OK	 
CommitNewFile	6884014406538016339-4	REQUEST		POST_SESSION	1445921945887	1445921945887	1445921946050	1445921946050	OK	 
CommitNewFile	6884014406538016339-4	REQUEST		POST_SESSION Redirect 1	1445921946052	1445921946052	1445921946424	1445921946495	OK	 
CommitNewFile	6884014406538016339-4	REQUEST		index-f988f47530f834135696f2bbf16666d1e7489bdb78d03b0b038def4e84bea878.css Redirect 1	1445921946502	1445921946502	1445921946537	1445921946537	OK	 
CommitNewFile	6884014406538016339-4	REQUEST		pinned-octocat.svg Redirect 1	1445921946502	1445921946502	1445921946537	1445921946537	OK	 
CommitNewFile	6884014406538016339-4	REQUEST		favicon-enterprise.ico Redirect 1	1445921946502	1445921946502	1445921946537	1445921946537	OK	 
CommitNewFile	6884014406538016339-4	REQUEST		index-f86867c74780c6f0c4864f6426b5e688218dcd5b82896dd34f9075a6854377b5.css Redirect 1	1445921946502	1445921946502	1445921946537	1445921946537	OK	 
CommitNewFile	6884014406538016339-4	REQUEST		38?s=40 Redirect 1	1445921946503	1445921946503	1445921946544	1445921946544	OK	 
CommitNewFile	6884014406538016339-4	REQUEST		9?s=40 Redirect 1	1445921946502	1445921946503	1445921946572	1445921946572	OK	 
CommitNewFile	6884014406538016339-4	REQUEST		context_button.png Redirect 1	1445921946538	1445921946538	1445921946578	1445921946578	OK	 
CommitNewFile	6884014406538016339-4	REQUEST		13?s=60 Redirect 1	1445921946538	1445921946538	1445921946587	1445921946587	OK	 
CommitNewFile	6884014406538016339-4	REQUEST		20?s=60 Redirect 1	1445921946539	1445921946539	1445921946594	1445921946594	OK	 
CommitNewFile	6884014406538016339-4	REQUEST		11?s=60 Redirect 1	1445921946545	1445921946545	1445921946605	1445921946605	OK	 
CommitNewFile	6884014406538016339-4	REQUEST		20?s=32 Redirect 1	1445921946539	1445921946539	1445921946607	1445921946607	OK	 
CommitNewFile	6884014406538016339-4	REQUEST		11?s=32 Redirect 1	1445921946572	1445921946573	1445921946626	1445921946626	OK	 
CommitNewFile	6884014406538016339-4	REQUEST		5?s=60 Redirect 1	1445921946579	1445921946579	1445921946642	1445921946642	OK	 
CommitNewFile	6884014406538016339-4	REQUEST		5?s=32 Redirect 1	1445921946587	1445921946588	1445921946654	1445921946654	OK	 
CommitNewFile	6884014406538016339-4	REQUEST		21?s=60 Redirect 1	1445921946594	1445921946595	1445921946661	1445921946661	OK	 
CommitNewFile	6884014406538016339-4	REQUEST		21?s=32 Redirect 1	1445921946606	1445921946606	1445921946674	1445921946674	OK	 
CommitNewFile	6884014406538016339-4	REQUEST		12?s=32 Redirect 1	1445921946627	1445921946627	1445921946704	1445921946704	OK	 
CommitNewFile	6884014406538016339-4	REQUEST		12?s=60 Redirect 1	1445921946607	1445921946607	1445921946708	1445921946708	OK	 
CommitNewFile	6884014406538016339-4	REQUEST		7?s=60 Redirect 1	1445921946643	1445921946643	1445921946710	1445921946710	OK	 
CommitNewFile	6884014406538016339-4	REQUEST		4?s=60 Redirect 1	1445921946662	1445921946662	1445921946729	1445921946729	OK	 
CommitNewFile	6884014406538016339-4	REQUEST		7?s=32 Redirect 1	1445921946655	1445921946655	1445921946732	1445921946732	OK	 
CommitNewFile	6884014406538016339-4	REQUEST		index-539752eb392ed8b1885cada19d7e07e9f836e46c3a558819256f39c3d4aa52b1.js Redirect 1	1445921946708	1445921946708	1445921946742	1445921946742	OK	 
CommitNewFile	6884014406538016339-4	REQUEST		frameworks-808fcfcd63c9ecba3e84453f540cb1cbafde48c6b30c1d51ebd4e67e88ff66bd.js Redirect 1	1445921946704	1445921946705	1445921946742	1445921946742	OK	 
CommitNewFile	6884014406538016339-4	REQUEST		4?s=32 Redirect 1	1445921946675	1445921946676	1445921946748	1445921946748	OK	 
CommitNewFile	6884014406538016339-4	REQUEST		GET_DOCKER	1445921946749	1445921946750	1445921946896	1445921947046	OK	 
CommitNewFile	6884014406538016339-4	REQUEST		pinned-octocat.svg	1445921947098	1445921947098	1445921947133	1445921947133	OK	 
CommitNewFile	6884014406538016339-4	REQUEST		index-f988f47530f834135696f2bbf16666d1e7489bdb78d03b0b038def4e84bea878.css	1445921947098	1445921947099	1445921947137	1445921947137	OK	 
CommitNewFile	6884014406538016339-4	REQUEST		favicon-enterprise.ico	1445921947098	1445921947098	1445921947137	1445921947137	OK	 
CommitNewFile	6884014406538016339-4	REQUEST		octocat-spinner-128-338974454bb5c32803e82f601beb051d373744b024fe8742a76009700fd7e033.gif	1445921947099	1445921947099	1445921947137	1445921947139	OK	 
CommitNewFile	6884014406538016339-4	REQUEST		index-f86867c74780c6f0c4864f6426b5e688218dcd5b82896dd34f9075a6854377b5.css	1445921947099	1445921947099	1445921947139	1445921947139	OK	 
CommitNewFile	6884014406538016339-4	REQUEST		octocat-spinner-32-e513294efa576953719e4e2de888dd9cf929b7d62ed8d05f25e731d02452ab6c.gif	1445921947099	1445921947099	1445921947139	1445921947139	OK	 
CommitNewFile	6884014406538016339-4	REQUEST		frameworks-808fcfcd63c9ecba3e84453f540cb1cbafde48c6b30c1d51ebd4e67e88ff66bd.js	1445921947138	1445921947138	1445921947171	1445921947171	OK	 
CommitNewFile	6884014406538016339-4	REQUEST		index-539752eb392ed8b1885cada19d7e07e9f836e46c3a558819256f39c3d4aa52b1.js	1445921947138	1445921947138	1445921947177	1445921947177	OK	 
CommitNewFile	6884014406538016339-4	REQUEST		octocat-spinner-32-EAF2F5-0bdc57d34b85c4a4de9d0d1db10cd70e8a95f33ff4f46c5a8c48b4bf4e5a9abe.gif	1445921947099	1445921947141	1445921947188	1445921947188	OK	 
CommitNewFile	6884014406538016339-4	REQUEST		docker-logo-compressed.png	1445921947134	1445921947134	1445921947227	1445921947227	OK	 
CommitNewFile	6884014406538016339-4	REQUEST		request_3	1445921947140	1445921947140	1445921947229	1445921947229	OK	 
CommitNewFile	6884014406538016339-4	REQUEST		docker-logo-compressed.png Redirect 1	1445921947229	1445921947229	1445921947282	1445921947282	OK	 
CommitNewFile	6884014406538016339-4	REQUEST		docker?status.svg	1445921947098	1445921947379	1445921947436	1445921947436	OK	 
CommitNewFile	6884014406538016339-0	REQUEST		docker.svg	1445921923400	1445921924055	1445921949438	1445921949438	OK	 
CommitNewFile	6884014406538016339-0	REQUEST		POST_NEW	1445921950454	1445921950496	1445921950671	1445921950766	OK	 
CommitNewFile	6884014406538016339-0	REQUEST		pinned-octocat.svg	1445921950804	1445921950804	1445921950839	1445921950839	OK	 
CommitNewFile	6884014406538016339-0	REQUEST		frameworks-808fcfcd63c9ecba3e84453f540cb1cbafde48c6b30c1d51ebd4e67e88ff66bd.js	1445921950840	1445921950840	1445921950875	1445921950875	OK	 
CommitNewFile	6884014406538016339-0	REQUEST		index-539752eb392ed8b1885cada19d7e07e9f836e46c3a558819256f39c3d4aa52b1.js	1445921950876	1445921950876	1445921950912	1445921950912	OK	 
CommitNewFile	6884014406538016339-0	REQUEST		favicon-enterprise.ico	1445921950804	1445921950841	1445921950918	1445921950918	OK	 
CommitNewFile	6884014406538016339-0	REQUEST		octocat-spinner-128-338974454bb5c32803e82f601beb051d373744b024fe8742a76009700fd7e033.gif	1445921950804	1445921950849	1445921950918	1445921950918	OK	 
CommitNewFile	6884014406538016339-0	REQUEST		index-f988f47530f834135696f2bbf16666d1e7489bdb78d03b0b038def4e84bea878.css	1445921950804	1445921950848	1445921950918	1445921950918	OK	 
CommitNewFile	6884014406538016339-0	REQUEST		octocat-spinner-32-e513294efa576953719e4e2de888dd9cf929b7d62ed8d05f25e731d02452ab6c.gif	1445921950804	1445921950859	1445921950920	1445921950920	OK	 
CommitNewFile	6884014406538016339-0	REQUEST		index-f86867c74780c6f0c4864f6426b5e688218dcd5b82896dd34f9075a6854377b5.css	1445921950804	1445921950849	1445921950920	1445921950920	OK	 
CommitNewFile	6884014406538016339-0	REQUEST		12?s=96	1445921950805	1445921950860	1445921950957	1445921950957	OK	 
CommitNewFile	6884014406538016339-0	REQUEST		index-be85caa27bcc732fffb336f2eefdca9509c521e8d457f313afb11c806c7bf854.js	1445921950913	1445921950913	1445921950950	1445921951190	OK	 
CommitNewFile	6884014406538016339-0	REQUEST		POST_CREATE	1445921952202	1445921952202	1445921952380	1445921952380	OK	 
CommitNewFile	6884014406538016339-0	REQUEST		POST_CREATE Redirect 1	1445921952381	1445921952381	1445921952526	1445921952634	OK	 
CommitNewFile	6884014406538016339-0	REQUEST		octocat-spinner-32-EAF2F5-0bdc57d34b85c4a4de9d0d1db10cd70e8a95f33ff4f46c5a8c48b4bf4e5a9abe.gif Redirect 1	1445921952640	1445921952641	1445921952680	1445921952680	OK	 
CommitNewFile	6884014406538016339-0	REQUEST		pinned-octocat.svg Redirect 1	1445921952639	1445921952640	1445921952681	1445921952681	OK	 
CommitNewFile	6884014406538016339-0	REQUEST		favicon-enterprise.ico Redirect 1	1445921952640	1445921952640	1445921952684	1445921952684	OK	 
CommitNewFile	6884014406538016339-0	REQUEST		octocat-spinner-32-e513294efa576953719e4e2de888dd9cf929b7d62ed8d05f25e731d02452ab6c.gif Redirect 1	1445921952640	1445921952640	1445921952686	1445921952686	OK	 
CommitNewFile	6884014406538016339-0	REQUEST		index-f86867c74780c6f0c4864f6426b5e688218dcd5b82896dd34f9075a6854377b5.css Redirect 1	1445921952640	1445921952640	1445921952688	1445921952688	OK	 
CommitNewFile	6884014406538016339-0	REQUEST		index-f988f47530f834135696f2bbf16666d1e7489bdb78d03b0b038def4e84bea878.css Redirect 1	1445921952640	1445921952640	1445921952688	1445921952688	OK	 
CommitNewFile	6884014406538016339-0	REQUEST		octocat-spinner-128-338974454bb5c32803e82f601beb051d373744b024fe8742a76009700fd7e033.gif Redirect 1	1445921952640	1445921952640	1445921952689	1445921952689	OK	 
CommitNewFile	6884014406538016339-0	REQUEST		frameworks-808fcfcd63c9ecba3e84453f540cb1cbafde48c6b30c1d51ebd4e67e88ff66bd.js Redirect 1	1445921952682	1445921952682	1445921952722	1445921952722	OK	 
CommitNewFile	6884014406538016339-0	REQUEST		index-539752eb392ed8b1885cada19d7e07e9f836e46c3a558819256f39c3d4aa52b1.js Redirect 1	1445921952682	1445921952683	1445921952731	1445921952731	OK	 
CommitNewFile	6884014406538016339-0	USER	END	1445921921355	1445921952737
CommitNewFile	6884014406538016339-1	REQUEST		docker.svg	1445921929042	1445921929172	1445921954899	1445921954899	OK	 
CommitNewFile	6884014406538016339-1	REQUEST		POST_NEW	1445921955920	1445921956120	1445921956321	1445921956621	OK	 
CommitNewFile	6884014406538016339-1	REQUEST		pinned-octocat.svg	1445921956653	1445921956653	1445921956787	1445921956787	OK	 
CommitNewFile	6884014406538016339-1	REQUEST		frameworks-808fcfcd63c9ecba3e84453f540cb1cbafde48c6b30c1d51ebd4e67e88ff66bd.js	1445921956788	1445921956788	1445921956826	1445921956826	OK	 
CommitNewFile	6884014406538016339-1	REQUEST		index-f86867c74780c6f0c4864f6426b5e688218dcd5b82896dd34f9075a6854377b5.css	1445921956654	1445921956787	1445921956955	1445921956955	OK	 
CommitNewFile	6884014406538016339-1	REQUEST		index-f988f47530f834135696f2bbf16666d1e7489bdb78d03b0b038def4e84bea878.css	1445921956654	1445921956787	1445921956955	1445921956955	OK	 
CommitNewFile	6884014406538016339-1	REQUEST		favicon-enterprise.ico	1445921956653	1445921956787	1445921956955	1445921956955	OK	 
CommitNewFile	6884014406538016339-1	REQUEST		19?s=96	1445921956654	1445921956787	1445921956955	1445921956955	OK	 
CommitNewFile	6884014406538016339-1	REQUEST		octocat-spinner-32-e513294efa576953719e4e2de888dd9cf929b7d62ed8d05f25e731d02452ab6c.gif	1445921956654	1445921956787	1445921956955	1445921956955	OK	 
CommitNewFile	6884014406538016339-1	REQUEST		octocat-spinner-128-338974454bb5c32803e82f601beb051d373744b024fe8742a76009700fd7e033.gif	1445921956654	1445921956787	1445921956955	1445921956955	OK	 
CommitNewFile	6884014406538016339-1	REQUEST		index-539752eb392ed8b1885cada19d7e07e9f836e46c3a558819256f39c3d4aa52b1.js	1445921956827	1445921956827	1445921956955	1445921956955	OK	 
CommitNewFile	6884014406538016339-1	REQUEST		index-be85caa27bcc732fffb336f2eefdca9509c521e8d457f313afb11c806c7bf854.js	1445921956956	1445921956956	1445921957120	1445921957827	OK	 
CommitNewFile	6884014406538016339-1	REQUEST		POST_CREATE	1445921958822	1445921958822	1445921959009	1445921959009	OK	 
CommitNewFile	6884014406538016339-1	REQUEST		POST_CREATE Redirect 1	1445921959010	1445921959011	1445921959174	1445921959275	OK	 
CommitNewFile	6884014406538016339-1	REQUEST		octocat-spinner-32-EAF2F5-0bdc57d34b85c4a4de9d0d1db10cd70e8a95f33ff4f46c5a8c48b4bf4e5a9abe.gif Redirect 1	1445921959280	1445921959280	1445921959318	1445921959318	OK	 
CommitNewFile	6884014406538016339-1	REQUEST		octocat-spinner-32-e513294efa576953719e4e2de888dd9cf929b7d62ed8d05f25e731d02452ab6c.gif Redirect 1	1445921959280	1445921959280	1445921959324	1445921959324	OK	 
CommitNewFile	6884014406538016339-1	REQUEST		pinned-octocat.svg Redirect 1	1445921959279	1445921959280	1445921959329	1445921959329	OK	 
CommitNewFile	6884014406538016339-1	REQUEST		index-f988f47530f834135696f2bbf16666d1e7489bdb78d03b0b038def4e84bea878.css Redirect 1	1445921959280	1445921959280	1445921959335	1445921959335	OK	 
CommitNewFile	6884014406538016339-1	REQUEST		favicon-enterprise.ico Redirect 1	1445921959280	1445921959280	1445921959335	1445921959335	OK	 
CommitNewFile	6884014406538016339-1	REQUEST		index-f86867c74780c6f0c4864f6426b5e688218dcd5b82896dd34f9075a6854377b5.css Redirect 1	1445921959280	1445921959280	1445921959336	1445921959336	OK	 
CommitNewFile	6884014406538016339-1	REQUEST		octocat-spinner-128-338974454bb5c32803e82f601beb051d373744b024fe8742a76009700fd7e033.gif Redirect 1	1445921959280	1445921959280	1445921959336	1445921959336	OK	 
CommitNewFile	6884014406538016339-1	REQUEST		frameworks-808fcfcd63c9ecba3e84453f540cb1cbafde48c6b30c1d51ebd4e67e88ff66bd.js Redirect 1	1445921959318	1445921959318	1445921959355	1445921959355	OK	 
CommitNewFile	6884014406538016339-1	REQUEST		index-539752eb392ed8b1885cada19d7e07e9f836e46c3a558819256f39c3d4aa52b1.js Redirect 1	1445921959325	1445921959325	1445921959360	1445921959360	OK	 
CommitNewFile	6884014406538016339-1	USER	END	1445921927371	1445921959365
CommitNewFile	6884014406538016339-2	REQUEST		docker.svg	1445921934832	1445921934956	1445921960674	1445921960674	OK	 
CommitNewFile	6884014406538016339-2	REQUEST		POST_NEW	1445921961781	1445921961822	1445921962033	1445921962138	OK	 
CommitNewFile	6884014406538016339-2	REQUEST		pinned-octocat.svg	1445921962172	1445921962172	1445921962204	1445921962204	OK	 
CommitNewFile	6884014406538016339-2	REQUEST		frameworks-808fcfcd63c9ecba3e84453f540cb1cbafde48c6b30c1d51ebd4e67e88ff66bd.js	1445921962205	1445921962205	1445921962249	1445921962249	OK	 
CommitNewFile	6884014406538016339-2	REQUEST		octocat-spinner-128-338974454bb5c32803e82f601beb051d373744b024fe8742a76009700fd7e033.gif	1445921962172	1445921962214	1445921962258	1445921962258	OK	 
CommitNewFile	6884014406538016339-2	REQUEST		index-f86867c74780c6f0c4864f6426b5e688218dcd5b82896dd34f9075a6854377b5.css	1445921962172	1445921962214	1445921962261	1445921962261	OK	 
CommitNewFile	6884014406538016339-2	REQUEST		index-f988f47530f834135696f2bbf16666d1e7489bdb78d03b0b038def4e84bea878.css	1445921962172	1445921962214	1445921962261	1445921962261	OK	 
CommitNewFile	6884014406538016339-2	REQUEST		favicon-enterprise.ico	1445921962172	1445921962214	1445921962261	1445921962261	OK	 
CommitNewFile	6884014406538016339-2	REQUEST		octocat-spinner-32-e513294efa576953719e4e2de888dd9cf929b7d62ed8d05f25e731d02452ab6c.gif	1445921962172	1445921962219	1445921962269	1445921962269	OK	 
CommitNewFile	6884014406538016339-2	REQUEST		13?s=96	1445921962173	1445921962220	1445921962277	1445921962277	OK	 
CommitNewFile	6884014406538016339-2	REQUEST		index-539752eb392ed8b1885cada19d7e07e9f836e46c3a558819256f39c3d4aa52b1.js	1445921962249	1445921962250	1445921962283	1445921962283	OK	 
CommitNewFile	6884014406538016339-2	REQUEST		index-be85caa27bcc732fffb336f2eefdca9509c521e8d457f313afb11c806c7bf854.js	1445921962259	1445921962259	1445921962301	1445921962596	OK	 
CommitNewFile	6884014406538016339-2	REQUEST		POST_CREATE	1445921963601	1445921963601	1445921963813	1445921963813	OK	 
CommitNewFile	6884014406538016339-2	REQUEST		POST_CREATE Redirect 1	1445921963814	1445921963814	1445921963978	1445921964084	OK	 
CommitNewFile	6884014406538016339-2	REQUEST		octocat-spinner-32-EAF2F5-0bdc57d34b85c4a4de9d0d1db10cd70e8a95f33ff4f46c5a8c48b4bf4e5a9abe.gif Redirect 1	1445921964089	1445921964089	1445921964129	1445921964129	OK	 
CommitNewFile	6884014406538016339-2	REQUEST		pinned-octocat.svg Redirect 1	1445921964088	1445921964089	1445921964130	1445921964130	OK	 
CommitNewFile	6884014406538016339-2	REQUEST		favicon-enterprise.ico Redirect 1	1445921964089	1445921964089	1445921964132	1445921964132	OK	 
CommitNewFile	6884014406538016339-2	REQUEST		index-f988f47530f834135696f2bbf16666d1e7489bdb78d03b0b038def4e84bea878.css Redirect 1	1445921964089	1445921964089	1445921964133	1445921964133	OK	 
CommitNewFile	6884014406538016339-2	REQUEST		octocat-spinner-32-e513294efa576953719e4e2de888dd9cf929b7d62ed8d05f25e731d02452ab6c.gif Redirect 1	1445921964089	1445921964089	1445921964133	1445921964133	OK	 
CommitNewFile	6884014406538016339-2	REQUEST		index-f86867c74780c6f0c4864f6426b5e688218dcd5b82896dd34f9075a6854377b5.css Redirect 1	1445921964089	1445921964089	1445921964136	1445921964136	OK	 
CommitNewFile	6884014406538016339-2	REQUEST		octocat-spinner-128-338974454bb5c32803e82f601beb051d373744b024fe8742a76009700fd7e033.gif Redirect 1	1445921964089	1445921964089	1445921964139	1445921964139	OK	 
CommitNewFile	6884014406538016339-2	REQUEST		frameworks-808fcfcd63c9ecba3e84453f540cb1cbafde48c6b30c1d51ebd4e67e88ff66bd.js Redirect 1	1445921964130	1445921964130	1445921964167	1445921964168	OK	 
CommitNewFile	6884014406538016339-2	REQUEST		index-539752eb392ed8b1885cada19d7e07e9f836e46c3a558819256f39c3d4aa52b1.js Redirect 1	1445921964131	1445921964131	1445921964176	1445921964176	OK	 
CommitNewFile	6884014406538016339-2	USER	END	1445921933371	1445921964179
CommitNewFile	6884014406538016339-3	REQUEST		docker.svg	1445921940743	1445921940852	1445921966863	1445921966863	OK	 
CommitNewFile	6884014406538016339-3	REQUEST		POST_NEW	1445921967881	1445921967922	1445921968152	1445921968260	OK	 
CommitNewFile	6884014406538016339-3	REQUEST		pinned-octocat.svg	1445921968291	1445921968292	1445921968328	1445921968328	OK	 
CommitNewFile	6884014406538016339-3	REQUEST		frameworks-808fcfcd63c9ecba3e84453f540cb1cbafde48c6b30c1d51ebd4e67e88ff66bd.js	1445921968328	1445921968329	1445921968366	1445921968366	OK	 
CommitNewFile	6884014406538016339-3	REQUEST		favicon-enterprise.ico	1445921968292	1445921968333	1445921968382	1445921968382	OK	 
CommitNewFile	6884014406538016339-3	REQUEST		octocat-spinner-32-e513294efa576953719e4e2de888dd9cf929b7d62ed8d05f25e731d02452ab6c.gif	1445921968292	1445921968335	1445921968384	1445921968384	OK	 
CommitNewFile	6884014406538016339-3	REQUEST		index-f988f47530f834135696f2bbf16666d1e7489bdb78d03b0b038def4e84bea878.css	1445921968292	1445921968336	1445921968384	1445921968384	OK	 
CommitNewFile	6884014406538016339-3	REQUEST		octocat-spinner-128-338974454bb5c32803e82f601beb051d373744b024fe8742a76009700fd7e033.gif	1445921968292	1445921968336	1445921968384	1445921968384	OK	 
CommitNewFile	6884014406538016339-3	REQUEST		index-f86867c74780c6f0c4864f6426b5e688218dcd5b82896dd34f9075a6854377b5.css	1445921968292	1445921968338	1445921968397	1445921968397	OK	 
CommitNewFile	6884014406538016339-3	REQUEST		index-539752eb392ed8b1885cada19d7e07e9f836e46c3a558819256f39c3d4aa52b1.js	1445921968366	1445921968367	1445921968410	1445921968410	OK	 
CommitNewFile	6884014406538016339-3	REQUEST		12?s=96	1445921968292	1445921968338	1445921968422	1445921968422	OK	 
CommitNewFile	6884014406538016339-3	REQUEST		index-be85caa27bcc732fffb336f2eefdca9509c521e8d457f313afb11c806c7bf854.js	1445921968383	1445921968383	1445921968442	1445921968729	OK	 
CommitNewFile	6884014406538016339-3	REQUEST		POST_CREATE	1445921969732	1445921969732	1445921970002	1445921970002	OK	 
CommitNewFile	6884014406538016339-3	REQUEST		POST_CREATE Redirect 1	1445921970003	1445921970003	1445921970226	1445921970337	OK	 
CommitNewFile	6884014406538016339-3	REQUEST		octocat-spinner-32-EAF2F5-0bdc57d34b85c4a4de9d0d1db10cd70e8a95f33ff4f46c5a8c48b4bf4e5a9abe.gif Redirect 1	1445921970341	1445921970341	1445921970377	1445921970377	OK	 
CommitNewFile	6884014406538016339-3	REQUEST		pinned-octocat.svg Redirect 1	1445921970341	1445921970341	1445921970383	1445921970383	OK	 
CommitNewFile	6884014406538016339-3	REQUEST		octocat-spinner-32-e513294efa576953719e4e2de888dd9cf929b7d62ed8d05f25e731d02452ab6c.gif Redirect 1	1445921970341	1445921970341	1445921970385	1445921970385	OK	 
CommitNewFile	6884014406538016339-3	REQUEST		octocat-spinner-128-338974454bb5c32803e82f601beb051d373744b024fe8742a76009700fd7e033.gif Redirect 1	1445921970341	1445921970341	1445921970386	1445921970386	OK	 
CommitNewFile	6884014406538016339-3	REQUEST		index-f988f47530f834135696f2bbf16666d1e7489bdb78d03b0b038def4e84bea878.css Redirect 1	1445921970341	1445921970341	1445921970389	1445921970389	OK	 
CommitNewFile	6884014406538016339-3	REQUEST		index-f86867c74780c6f0c4864f6426b5e688218dcd5b82896dd34f9075a6854377b5.css Redirect 1	1445921970341	1445921970341	1445921970389	1445921970389	OK	 
CommitNewFile	6884014406538016339-3	REQUEST		favicon-enterprise.ico Redirect 1	1445921970341	1445921970341	1445921970391	1445921970391	OK	 
CommitNewFile	6884014406538016339-3	REQUEST		frameworks-808fcfcd63c9ecba3e84453f540cb1cbafde48c6b30c1d51ebd4e67e88ff66bd.js Redirect 1	1445921970378	1445921970378	1445921970414	1445921970414	OK	 
CommitNewFile	6884014406538016339-3	REQUEST		index-539752eb392ed8b1885cada19d7e07e9f836e46c3a558819256f39c3d4aa52b1.js Redirect 1	1445921970384	1445921970384	1445921970431	1445921970431	OK	 
CommitNewFile	6884014406538016339-3	USER	END	1445921939380	1445921970433
CommitNewFile	6884014406538016339-4	REQUEST		docker.svg	1445921947096	1445921947201	1445921973376	1445921973376	OK	 
CommitNewFile	6884014406538016339-4	REQUEST		POST_NEW	1445921974392	1445921974432	1445921974642	1445921974759	OK	 
CommitNewFile	6884014406538016339-4	REQUEST		pinned-octocat.svg	1445921974790	1445921974790	1445921974823	1445921974823	OK	 
CommitNewFile	6884014406538016339-4	REQUEST		frameworks-808fcfcd63c9ecba3e84453f540cb1cbafde48c6b30c1d51ebd4e67e88ff66bd.js	1445921974824	1445921974824	1445921974862	1445921974862	OK	 
CommitNewFile	6884014406538016339-4	REQUEST		index-f988f47530f834135696f2bbf16666d1e7489bdb78d03b0b038def4e84bea878.css	1445921974790	1445921974832	1445921974881	1445921974881	OK	 
CommitNewFile	6884014406538016339-4	REQUEST		favicon-enterprise.ico	1445921974790	1445921974832	1445921974881	1445921974881	OK	 
CommitNewFile	6884014406538016339-4	REQUEST		octocat-spinner-32-e513294efa576953719e4e2de888dd9cf929b7d62ed8d05f25e731d02452ab6c.gif	1445921974791	1445921974837	1445921974888	1445921974888	OK	 
CommitNewFile	6884014406538016339-4	REQUEST		octocat-spinner-128-338974454bb5c32803e82f601beb051d373744b024fe8742a76009700fd7e033.gif	1445921974791	1445921974840	1445921974891	1445921974891	OK	 
CommitNewFile	6884014406538016339-4	REQUEST		index-f86867c74780c6f0c4864f6426b5e688218dcd5b82896dd34f9075a6854377b5.css	1445921974790	1445921974841	1445921974892	1445921974892	OK	 
CommitNewFile	6884014406538016339-4	REQUEST		index-539752eb392ed8b1885cada19d7e07e9f836e46c3a558819256f39c3d4aa52b1.js	1445921974863	1445921974863	1445921974901	1445921974901	OK	 
CommitNewFile	6884014406538016339-4	REQUEST		9?s=96	1445921974791	1445921974840	1445921974940	1445921974940	OK	 
CommitNewFile	6884014406538016339-4	REQUEST		index-be85caa27bcc732fffb336f2eefdca9509c521e8d457f313afb11c806c7bf854.js	1445921974882	1445921974882	1445921974935	1445921975213	OK	 
CommitNewFile	6884014406538016339-4	REQUEST		POST_CREATE	1445921976222	1445921976222	1445921976438	1445921976438	OK	 
CommitNewFile	6884014406538016339-4	REQUEST		POST_CREATE Redirect 1	1445921976439	1445921976440	1445921976787	1445921976910	OK	 
CommitNewFile	6884014406538016339-4	REQUEST		octocat-spinner-32-e513294efa576953719e4e2de888dd9cf929b7d62ed8d05f25e731d02452ab6c.gif Redirect 1	1445921976914	1445921976914	1445921976958	1445921976958	OK	 
CommitNewFile	6884014406538016339-4	REQUEST		pinned-octocat.svg Redirect 1	1445921976913	1445921976913	1445921976960	1445921976960	OK	 
CommitNewFile	6884014406538016339-4	REQUEST		index-f988f47530f834135696f2bbf16666d1e7489bdb78d03b0b038def4e84bea878.css Redirect 1	1445921976913	1445921976913	1445921976960	1445921976960	OK	 
CommitNewFile	6884014406538016339-4	REQUEST		favicon-enterprise.ico Redirect 1	1445921976913	1445921976913	1445921976960	1445921976960	OK	 
CommitNewFile	6884014406538016339-4	REQUEST		octocat-spinner-128-338974454bb5c32803e82f601beb051d373744b024fe8742a76009700fd7e033.gif Redirect 1	1445921976914	1445921976914	1445921976962	1445921976962	OK	 
CommitNewFile	6884014406538016339-4	REQUEST		octocat-spinner-32-EAF2F5-0bdc57d34b85c4a4de9d0d1db10cd70e8a95f33ff4f46c5a8c48b4bf4e5a9abe.gif Redirect 1	1445921976914	1445921976914	1445921976962	1445921976962	OK	 
CommitNewFile	6884014406538016339-4	REQUEST		index-f86867c74780c6f0c4864f6426b5e688218dcd5b82896dd34f9075a6854377b5.css Redirect 1	1445921976913	1445921976914	1445921976962	1445921976962	OK	 
CommitNewFile	6884014406538016339-4	REQUEST		frameworks-808fcfcd63c9ecba3e84453f540cb1cbafde48c6b30c1d51ebd4e67e88ff66bd.js Redirect 1	1445921976959	1445921976959	1445921976997	1445921976997	OK	 
CommitNewFile	6884014406538016339-4	REQUEST		index-539752eb392ed8b1885cada19d7e07e9f836e46c3a558819256f39c3d4aa52b1.js Redirect 1	1445921976961	1445921976961	1445921977007	1445921977007	OK	 
CommitNewFile	6884014406538016339-4	USER	END	1445921945381	1445921977009
